2023-12-07 04:12:39.672 [info] Log level: Info
2023-12-07 04:12:39.672 [info] Validating found git in: "git"
2023-12-07 04:12:39.672 [info] Using git "2.34.1" from "git"
2023-12-07 04:12:39.672 [info] > git rev-parse --show-toplevel [19ms]
2023-12-07 04:12:39.672 [info] fatal: detected dubious ownership in repository at '/home/zta/ZTA'
To add an exception for this directory, call:

	git config --global --add safe.directory /home/zta/ZTA
2023-12-07 04:12:39.672 [info] > git rev-parse --show-toplevel [15ms]
2023-12-07 04:12:39.672 [info] fatal: detected dubious ownership in repository at '/home/zta/ZTA'
To add an exception for this directory, call:

	git config --global --add safe.directory /home/zta/ZTA
2023-12-07 04:12:39.672 [info] > git rev-parse --show-toplevel [3ms]
2023-12-07 04:12:39.672 [info] fatal: detected dubious ownership in repository at '/home/zta/ZTA'
To add an exception for this directory, call:

	git config --global --add safe.directory /home/zta/ZTA
2023-12-07 04:12:39.672 [info] > git rev-parse --show-toplevel [126ms]
2023-12-07 04:12:39.672 [info] fatal: detected dubious ownership in repository at '/home/zta/ZTA'
To add an exception for this directory, call:

	git config --global --add safe.directory /home/zta/ZTA
2023-12-07 04:12:39.705 [info] > git rev-parse --show-toplevel [33ms]
2023-12-07 04:12:39.705 [info] fatal: detected dubious ownership in repository at '/home/zta/ZTA'
To add an exception for this directory, call:

	git config --global --add safe.directory /home/zta/ZTA
2023-12-07 04:12:39.797 [info] > git rev-parse --show-toplevel [22ms]
2023-12-07 04:12:39.797 [info] fatal: detected dubious ownership in repository at '/home/zta/ZTA'
To add an exception for this directory, call:

	git config --global --add safe.directory /home/zta/ZTA
2023-12-07 04:12:39.847 [info] > git rev-parse --show-toplevel [30ms]
2023-12-07 04:12:39.847 [info] fatal: detected dubious ownership in repository at '/home/zta/ZTA'
To add an exception for this directory, call:

	git config --global --add safe.directory /home/zta/ZTA
2023-12-07 04:12:39.878 [info] > git rev-parse --show-toplevel [9ms]
2023-12-07 04:12:39.878 [info] fatal: detected dubious ownership in repository at '/home/zta/ZTA'
To add an exception for this directory, call:

	git config --global --add safe.directory /home/zta/ZTA
2023-12-07 04:12:56.504 [info] > git rev-parse --show-toplevel [10ms]
2023-12-07 04:12:56.504 [info] fatal: detected dubious ownership in repository at '/home/zta/ZTA'
To add an exception for this directory, call:

	git config --global --add safe.directory /home/zta/ZTA
