2023-12-06 15:09:47.845 [info] Log level: Info
2023-12-06 15:09:47.845 [info] Validating found git in: "git"
2023-12-06 15:09:47.845 [info] Using git "2.34.1" from "git"
2023-12-06 15:09:47.845 [info] > git rev-parse --show-toplevel [72ms]
2023-12-06 15:09:47.845 [info] fatal: detected dubious ownership in repository at '/home/zta/ZTA'
To add an exception for this directory, call:

	git config --global --add safe.directory /home/zta/ZTA
2023-12-06 15:09:47.845 [info] > git rev-parse --show-toplevel [13ms]
2023-12-06 15:09:47.845 [info] fatal: detected dubious ownership in repository at '/home/zta/ZTA'
To add an exception for this directory, call:

	git config --global --add safe.directory /home/zta/ZTA
2023-12-06 15:09:47.845 [info] > git rev-parse --show-toplevel [4ms]
2023-12-06 15:09:47.845 [info] fatal: detected dubious ownership in repository at '/home/zta/ZTA'
To add an exception for this directory, call:

	git config --global --add safe.directory /home/zta/ZTA
2023-12-06 15:09:47.845 [info] > git rev-parse --show-toplevel [14ms]
2023-12-06 15:09:47.845 [info] fatal: detected dubious ownership in repository at '/home/zta/ZTA'
To add an exception for this directory, call:

	git config --global --add safe.directory /home/zta/ZTA
2023-12-06 15:09:47.845 [info] > git rev-parse --show-toplevel [4ms]
2023-12-06 15:09:47.845 [info] fatal: detected dubious ownership in repository at '/home/zta/ZTA'
To add an exception for this directory, call:

	git config --global --add safe.directory /home/zta/ZTA
2023-12-06 15:09:47.868 [info] > git rev-parse --show-toplevel [11ms]
2023-12-06 15:09:47.868 [info] fatal: detected dubious ownership in repository at '/home/zta/ZTA'
To add an exception for this directory, call:

	git config --global --add safe.directory /home/zta/ZTA
2023-12-06 15:12:09.200 [info] > git rev-parse --show-toplevel [5ms]
2023-12-06 15:12:09.200 [info] fatal: detected dubious ownership in repository at '/home/zta/ZTA'
To add an exception for this directory, call:

	git config --global --add safe.directory /home/zta/ZTA
2023-12-06 15:12:22.245 [info] > git rev-parse --show-toplevel [10ms]
2023-12-06 15:12:22.245 [info] fatal: detected dubious ownership in repository at '/home/zta/ZTA'
To add an exception for this directory, call:

	git config --global --add safe.directory /home/zta/ZTA
2023-12-06 15:12:23.962 [info] > git rev-parse --show-toplevel [10ms]
2023-12-06 15:12:23.962 [info] fatal: detected dubious ownership in repository at '/home/zta/ZTA'
To add an exception for this directory, call:

	git config --global --add safe.directory /home/zta/ZTA
2023-12-06 15:12:29.988 [info] > git rev-parse --show-toplevel [7ms]
2023-12-06 15:12:29.988 [info] fatal: detected dubious ownership in repository at '/home/zta/ZTA'
To add an exception for this directory, call:

	git config --global --add safe.directory /home/zta/ZTA
2023-12-06 15:12:50.060 [info] > git rev-parse --show-toplevel [3ms]
2023-12-06 15:12:50.060 [info] fatal: detected dubious ownership in repository at '/home/zta/ZTA'
To add an exception for this directory, call:

	git config --global --add safe.directory /home/zta/ZTA
2023-12-06 15:12:58.690 [info] > git rev-parse --show-toplevel [3ms]
2023-12-06 15:12:58.690 [info] fatal: detected dubious ownership in repository at '/home/zta/ZTA'
To add an exception for this directory, call:

	git config --global --add safe.directory /home/zta/ZTA
2023-12-06 15:13:10.305 [info] > git rev-parse --show-toplevel [7ms]
2023-12-06 15:13:10.305 [info] fatal: detected dubious ownership in repository at '/home/zta/ZTA'
To add an exception for this directory, call:

	git config --global --add safe.directory /home/zta/ZTA
2023-12-06 15:13:12.259 [info] > git rev-parse --show-toplevel [4ms]
2023-12-06 15:13:12.259 [info] fatal: detected dubious ownership in repository at '/home/zta/ZTA'
To add an exception for this directory, call:

	git config --global --add safe.directory /home/zta/ZTA
2023-12-06 15:13:15.813 [info] > git rev-parse --show-toplevel [71ms]
2023-12-06 15:13:15.813 [info] fatal: detected dubious ownership in repository at '/home/zta/ZTA'
To add an exception for this directory, call:

	git config --global --add safe.directory /home/zta/ZTA
2023-12-06 15:13:17.037 [info] > git rev-parse --show-toplevel [4ms]
2023-12-06 15:13:17.037 [info] fatal: detected dubious ownership in repository at '/home/zta/ZTA'
To add an exception for this directory, call:

	git config --global --add safe.directory /home/zta/ZTA
2023-12-06 15:13:28.084 [info] > git rev-parse --show-toplevel [7ms]
2023-12-06 15:13:28.084 [info] fatal: detected dubious ownership in repository at '/home/zta/ZTA'
To add an exception for this directory, call:

	git config --global --add safe.directory /home/zta/ZTA
2023-12-06 15:13:39.348 [info] > git rev-parse --show-toplevel [12ms]
2023-12-06 15:13:39.348 [info] fatal: detected dubious ownership in repository at '/home/zta/ZTA'
To add an exception for this directory, call:

	git config --global --add safe.directory /home/zta/ZTA
2023-12-06 15:13:45.933 [info] > git rev-parse --show-toplevel [7ms]
2023-12-06 15:13:45.933 [info] fatal: detected dubious ownership in repository at '/home/zta/ZTA'
To add an exception for this directory, call:

	git config --global --add safe.directory /home/zta/ZTA
2023-12-06 15:13:52.145 [info] > git rev-parse --show-toplevel [13ms]
2023-12-06 15:13:52.145 [info] fatal: detected dubious ownership in repository at '/home/zta/ZTA'
To add an exception for this directory, call:

	git config --global --add safe.directory /home/zta/ZTA
2023-12-06 15:13:56.136 [info] > git rev-parse --show-toplevel [4ms]
2023-12-06 15:13:56.137 [info] fatal: detected dubious ownership in repository at '/home/zta/ZTA'
To add an exception for this directory, call:

	git config --global --add safe.directory /home/zta/ZTA
2023-12-06 15:13:58.939 [info] > git rev-parse --show-toplevel [7ms]
2023-12-06 15:13:58.939 [info] fatal: detected dubious ownership in repository at '/home/zta/ZTA'
To add an exception for this directory, call:

	git config --global --add safe.directory /home/zta/ZTA
2023-12-06 15:14:00.637 [info] > git rev-parse --show-toplevel [4ms]
2023-12-06 15:14:00.637 [info] fatal: detected dubious ownership in repository at '/home/zta/ZTA'
To add an exception for this directory, call:

	git config --global --add safe.directory /home/zta/ZTA
2023-12-06 15:14:03.824 [info] > git rev-parse --show-toplevel [12ms]
2023-12-06 15:14:03.824 [info] fatal: detected dubious ownership in repository at '/home/zta/ZTA'
To add an exception for this directory, call:

	git config --global --add safe.directory /home/zta/ZTA
2023-12-06 15:17:51.182 [info] > git rev-parse --show-toplevel [7ms]
2023-12-06 15:17:51.182 [info] fatal: detected dubious ownership in repository at '/home/zta/ZTA'
To add an exception for this directory, call:

	git config --global --add safe.directory /home/zta/ZTA
2023-12-06 15:17:53.563 [info] > git rev-parse --show-toplevel [7ms]
2023-12-06 15:17:53.563 [info] fatal: detected dubious ownership in repository at '/home/zta/ZTA'
To add an exception for this directory, call:

	git config --global --add safe.directory /home/zta/ZTA
2023-12-06 15:18:08.598 [info] > git rev-parse --show-toplevel [3ms]
2023-12-06 15:18:08.598 [info] fatal: detected dubious ownership in repository at '/home/zta/ZTA'
To add an exception for this directory, call:

	git config --global --add safe.directory /home/zta/ZTA
2023-12-06 15:22:23.246 [info] > git rev-parse --show-toplevel [10ms]
2023-12-06 15:22:23.246 [info] fatal: detected dubious ownership in repository at '/home/zta/ZTA'
To add an exception for this directory, call:

	git config --global --add safe.directory /home/zta/ZTA
2023-12-06 15:23:37.080 [info] > git rev-parse --show-toplevel [16ms]
2023-12-06 15:23:37.080 [info] fatal: detected dubious ownership in repository at '/home/zta/ZTA'
To add an exception for this directory, call:

	git config --global --add safe.directory /home/zta/ZTA
2023-12-06 15:23:38.296 [info] > git rev-parse --show-toplevel [4ms]
2023-12-06 15:23:38.296 [info] fatal: detected dubious ownership in repository at '/home/zta/ZTA'
To add an exception for this directory, call:

	git config --global --add safe.directory /home/zta/ZTA
2023-12-06 15:23:38.876 [info] > git rev-parse --show-toplevel [11ms]
2023-12-06 15:23:38.877 [info] fatal: detected dubious ownership in repository at '/home/zta/ZTA'
To add an exception for this directory, call:

	git config --global --add safe.directory /home/zta/ZTA
2023-12-06 15:24:04.474 [info] > git rev-parse --show-toplevel [15ms]
2023-12-06 15:24:04.474 [info] fatal: detected dubious ownership in repository at '/home/zta/ZTA'
To add an exception for this directory, call:

	git config --global --add safe.directory /home/zta/ZTA
2023-12-06 15:27:35.344 [info] > git rev-parse --show-toplevel [8ms]
2023-12-06 15:27:35.344 [info] fatal: detected dubious ownership in repository at '/home/zta/ZTA'
To add an exception for this directory, call:

	git config --global --add safe.directory /home/zta/ZTA
2023-12-06 15:27:35.987 [info] > git rev-parse --show-toplevel [19ms]
2023-12-06 15:27:35.987 [info] fatal: detected dubious ownership in repository at '/home/zta/ZTA'
To add an exception for this directory, call:

	git config --global --add safe.directory /home/zta/ZTA
2023-12-06 15:27:55.293 [info] > git rev-parse --show-toplevel [12ms]
2023-12-06 15:27:55.293 [info] fatal: detected dubious ownership in repository at '/home/zta/ZTA'
To add an exception for this directory, call:

	git config --global --add safe.directory /home/zta/ZTA
2023-12-06 15:27:56.729 [info] > git rev-parse --show-toplevel [13ms]
2023-12-06 15:27:56.729 [info] fatal: detected dubious ownership in repository at '/home/zta/ZTA'
To add an exception for this directory, call:

	git config --global --add safe.directory /home/zta/ZTA
2023-12-06 15:34:08.420 [info] > git rev-parse --show-toplevel [16ms]
2023-12-06 15:34:08.421 [info] fatal: detected dubious ownership in repository at '/home/zta/ZTA'
To add an exception for this directory, call:

	git config --global --add safe.directory /home/zta/ZTA
2023-12-06 15:34:12.309 [info] > git rev-parse --show-toplevel [14ms]
2023-12-06 15:34:12.309 [info] fatal: detected dubious ownership in repository at '/home/zta/ZTA'
To add an exception for this directory, call:

	git config --global --add safe.directory /home/zta/ZTA
2023-12-06 15:34:13.074 [info] > git rev-parse --show-toplevel [10ms]
2023-12-06 15:34:13.074 [info] fatal: detected dubious ownership in repository at '/home/zta/ZTA'
To add an exception for this directory, call:

	git config --global --add safe.directory /home/zta/ZTA
2023-12-06 15:34:15.569 [info] > git rev-parse --show-toplevel [59ms]
2023-12-06 15:34:15.570 [info] fatal: detected dubious ownership in repository at '/home/zta/ZTA'
To add an exception for this directory, call:

	git config --global --add safe.directory /home/zta/ZTA
2023-12-06 15:34:16.480 [info] > git rev-parse --show-toplevel [11ms]
2023-12-06 15:34:16.480 [info] fatal: detected dubious ownership in repository at '/home/zta/ZTA'
To add an exception for this directory, call:

	git config --global --add safe.directory /home/zta/ZTA
2023-12-06 15:34:18.348 [info] > git rev-parse --show-toplevel [6ms]
2023-12-06 15:34:18.348 [info] fatal: detected dubious ownership in repository at '/home/zta/ZTA'
To add an exception for this directory, call:

	git config --global --add safe.directory /home/zta/ZTA
2023-12-06 15:34:26.221 [info] > git rev-parse --show-toplevel [9ms]
2023-12-06 15:34:26.221 [info] fatal: detected dubious ownership in repository at '/home/zta/ZTA'
To add an exception for this directory, call:

	git config --global --add safe.directory /home/zta/ZTA
2023-12-06 15:34:31.096 [info] > git rev-parse --show-toplevel [80ms]
2023-12-06 15:34:31.096 [info] fatal: detected dubious ownership in repository at '/home/zta/ZTA'
To add an exception for this directory, call:

	git config --global --add safe.directory /home/zta/ZTA
2023-12-06 15:34:32.094 [info] > git rev-parse --show-toplevel [60ms]
2023-12-06 15:34:32.094 [info] fatal: detected dubious ownership in repository at '/home/zta/ZTA'
To add an exception for this directory, call:

	git config --global --add safe.directory /home/zta/ZTA
2023-12-06 15:34:32.526 [info] > git rev-parse --show-toplevel [26ms]
2023-12-06 15:34:32.526 [info] fatal: detected dubious ownership in repository at '/home/zta/ZTA'
To add an exception for this directory, call:

	git config --global --add safe.directory /home/zta/ZTA
2023-12-06 15:35:09.076 [info] > git rev-parse --show-toplevel [14ms]
2023-12-06 15:35:09.076 [info] fatal: detected dubious ownership in repository at '/home/zta/ZTA'
To add an exception for this directory, call:

	git config --global --add safe.directory /home/zta/ZTA
2023-12-06 15:35:09.603 [info] > git rev-parse --show-toplevel [11ms]
2023-12-06 15:35:09.603 [info] fatal: detected dubious ownership in repository at '/home/zta/ZTA'
To add an exception for this directory, call:

	git config --global --add safe.directory /home/zta/ZTA
2023-12-06 15:35:10.883 [info] > git rev-parse --show-toplevel [52ms]
2023-12-06 15:35:10.883 [info] fatal: detected dubious ownership in repository at '/home/zta/ZTA'
To add an exception for this directory, call:

	git config --global --add safe.directory /home/zta/ZTA
2023-12-06 15:36:32.073 [info] > git rev-parse --show-toplevel [7ms]
2023-12-06 15:36:32.073 [info] fatal: detected dubious ownership in repository at '/home/zta/ZTA'
To add an exception for this directory, call:

	git config --global --add safe.directory /home/zta/ZTA
2023-12-06 15:36:33.773 [info] > git rev-parse --show-toplevel [21ms]
2023-12-06 15:36:33.773 [info] fatal: detected dubious ownership in repository at '/home/zta/ZTA'
To add an exception for this directory, call:

	git config --global --add safe.directory /home/zta/ZTA
2023-12-06 15:36:35.577 [info] > git rev-parse --show-toplevel [5ms]
2023-12-06 15:36:35.577 [info] fatal: detected dubious ownership in repository at '/home/zta/ZTA'
To add an exception for this directory, call:

	git config --global --add safe.directory /home/zta/ZTA
2023-12-06 15:36:37.073 [info] > git rev-parse --show-toplevel [4ms]
2023-12-06 15:36:37.073 [info] fatal: detected dubious ownership in repository at '/home/zta/ZTA'
To add an exception for this directory, call:

	git config --global --add safe.directory /home/zta/ZTA
2023-12-06 15:36:38.735 [info] > git rev-parse --show-toplevel [44ms]
2023-12-06 15:36:38.735 [info] fatal: detected dubious ownership in repository at '/home/zta/ZTA'
To add an exception for this directory, call:

	git config --global --add safe.directory /home/zta/ZTA
2023-12-06 15:38:47.378 [info] > git rev-parse --show-toplevel [12ms]
2023-12-06 15:38:47.378 [info] fatal: detected dubious ownership in repository at '/home/zta/ZTA'
To add an exception for this directory, call:

	git config --global --add safe.directory /home/zta/ZTA
2023-12-06 15:40:14.309 [info] > git rev-parse --show-toplevel [28ms]
2023-12-06 15:40:14.309 [info] fatal: detected dubious ownership in repository at '/home/zta/ZTA'
To add an exception for this directory, call:

	git config --global --add safe.directory /home/zta/ZTA
2023-12-06 15:40:33.612 [info] > git rev-parse --show-toplevel [15ms]
2023-12-06 15:40:33.612 [info] fatal: detected dubious ownership in repository at '/home/zta/ZTA'
To add an exception for this directory, call:

	git config --global --add safe.directory /home/zta/ZTA
2023-12-06 15:41:40.519 [info] > git rev-parse --show-toplevel [1ms]
2023-12-06 15:41:40.519 [info] fatal: detected dubious ownership in repository at '/home/zta/ZTA'
To add an exception for this directory, call:

	git config --global --add safe.directory /home/zta/ZTA
2023-12-06 15:43:16.774 [info] > git rev-parse --show-toplevel [10ms]
2023-12-06 15:43:16.774 [info] fatal: detected dubious ownership in repository at '/home/zta/ZTA'
To add an exception for this directory, call:

	git config --global --add safe.directory /home/zta/ZTA
2023-12-06 15:43:20.509 [info] > git rev-parse --show-toplevel [9ms]
2023-12-06 15:43:20.509 [info] fatal: detected dubious ownership in repository at '/home/zta/ZTA'
To add an exception for this directory, call:

	git config --global --add safe.directory /home/zta/ZTA
2023-12-06 15:43:35.645 [info] > git rev-parse --show-toplevel [11ms]
2023-12-06 15:43:35.645 [info] fatal: detected dubious ownership in repository at '/home/zta/ZTA'
To add an exception for this directory, call:

	git config --global --add safe.directory /home/zta/ZTA
2023-12-06 15:43:46.877 [info] > git rev-parse --show-toplevel [7ms]
2023-12-06 15:43:46.877 [info] fatal: detected dubious ownership in repository at '/home/zta/ZTA'
To add an exception for this directory, call:

	git config --global --add safe.directory /home/zta/ZTA
2023-12-06 15:43:48.027 [info] > git rev-parse --show-toplevel [5ms]
2023-12-06 15:43:48.027 [info] fatal: detected dubious ownership in repository at '/home/zta/ZTA'
To add an exception for this directory, call:

	git config --global --add safe.directory /home/zta/ZTA
2023-12-06 15:43:59.769 [info] > git rev-parse --show-toplevel [11ms]
2023-12-06 15:43:59.771 [info] fatal: detected dubious ownership in repository at '/home/zta/ZTA'
To add an exception for this directory, call:

	git config --global --add safe.directory /home/zta/ZTA
2023-12-06 15:44:02.797 [info] > git rev-parse --show-toplevel [4ms]
2023-12-06 15:44:02.797 [info] fatal: detected dubious ownership in repository at '/home/zta/ZTA'
To add an exception for this directory, call:

	git config --global --add safe.directory /home/zta/ZTA
2023-12-06 15:44:05.473 [info] > git rev-parse --show-toplevel [10ms]
2023-12-06 15:44:05.473 [info] fatal: detected dubious ownership in repository at '/home/zta/ZTA'
To add an exception for this directory, call:

	git config --global --add safe.directory /home/zta/ZTA
2023-12-06 15:44:11.056 [info] > git rev-parse --show-toplevel [3ms]
2023-12-06 15:44:11.056 [info] fatal: detected dubious ownership in repository at '/home/zta/ZTA'
To add an exception for this directory, call:

	git config --global --add safe.directory /home/zta/ZTA
2023-12-06 15:44:12.236 [info] > git rev-parse --show-toplevel [12ms]
2023-12-06 15:44:12.236 [info] fatal: detected dubious ownership in repository at '/home/zta/ZTA'
To add an exception for this directory, call:

	git config --global --add safe.directory /home/zta/ZTA
2023-12-06 15:44:21.645 [info] > git rev-parse --show-toplevel [10ms]
2023-12-06 15:44:21.645 [info] fatal: detected dubious ownership in repository at '/home/zta/ZTA'
To add an exception for this directory, call:

	git config --global --add safe.directory /home/zta/ZTA
2023-12-06 15:44:23.697 [info] > git rev-parse --show-toplevel [11ms]
2023-12-06 15:44:23.697 [info] fatal: detected dubious ownership in repository at '/home/zta/ZTA'
To add an exception for this directory, call:

	git config --global --add safe.directory /home/zta/ZTA
2023-12-06 15:44:40.220 [info] > git rev-parse --show-toplevel [7ms]
2023-12-06 15:44:40.220 [info] fatal: detected dubious ownership in repository at '/home/zta/ZTA'
To add an exception for this directory, call:

	git config --global --add safe.directory /home/zta/ZTA
2023-12-06 15:45:03.489 [info] > git rev-parse --show-toplevel [12ms]
2023-12-06 15:45:03.489 [info] fatal: detected dubious ownership in repository at '/home/zta/ZTA'
To add an exception for this directory, call:

	git config --global --add safe.directory /home/zta/ZTA
2023-12-06 15:45:44.852 [info] > git rev-parse --show-toplevel [14ms]
2023-12-06 15:45:44.852 [info] fatal: detected dubious ownership in repository at '/home/zta/ZTA'
To add an exception for this directory, call:

	git config --global --add safe.directory /home/zta/ZTA
2023-12-06 15:45:56.532 [info] > git rev-parse --show-toplevel [10ms]
2023-12-06 15:45:56.533 [info] fatal: detected dubious ownership in repository at '/home/zta/ZTA'
To add an exception for this directory, call:

	git config --global --add safe.directory /home/zta/ZTA
2023-12-06 15:45:57.733 [info] > git rev-parse --show-toplevel [9ms]
2023-12-06 15:45:57.733 [info] fatal: detected dubious ownership in repository at '/home/zta/ZTA'
To add an exception for this directory, call:

	git config --global --add safe.directory /home/zta/ZTA
2023-12-06 15:46:09.518 [info] > git rev-parse --show-toplevel [5ms]
2023-12-06 15:46:09.518 [info] fatal: detected dubious ownership in repository at '/home/zta/ZTA'
To add an exception for this directory, call:

	git config --global --add safe.directory /home/zta/ZTA
2023-12-06 15:46:12.481 [info] > git rev-parse --show-toplevel [8ms]
2023-12-06 15:46:12.482 [info] fatal: detected dubious ownership in repository at '/home/zta/ZTA'
To add an exception for this directory, call:

	git config --global --add safe.directory /home/zta/ZTA
2023-12-06 15:46:57.689 [info] > git rev-parse --show-toplevel [6ms]
2023-12-06 15:46:57.689 [info] fatal: detected dubious ownership in repository at '/home/zta/ZTA'
To add an exception for this directory, call:

	git config --global --add safe.directory /home/zta/ZTA
2023-12-06 15:55:39.010 [info] > git rev-parse --show-toplevel [11ms]
2023-12-06 15:55:39.011 [info] fatal: detected dubious ownership in repository at '/home/zta/ZTA'
To add an exception for this directory, call:

	git config --global --add safe.directory /home/zta/ZTA
2023-12-06 15:55:41.310 [info] > git rev-parse --show-toplevel [4ms]
2023-12-06 15:55:41.311 [info] fatal: detected dubious ownership in repository at '/home/zta/ZTA'
To add an exception for this directory, call:

	git config --global --add safe.directory /home/zta/ZTA
2023-12-06 15:55:45.874 [info] > git rev-parse --show-toplevel [7ms]
2023-12-06 15:55:45.874 [info] fatal: detected dubious ownership in repository at '/home/zta/ZTA'
To add an exception for this directory, call:

	git config --global --add safe.directory /home/zta/ZTA
2023-12-06 15:57:39.839 [info] > git rev-parse --show-toplevel [16ms]
2023-12-06 15:57:39.839 [info] fatal: detected dubious ownership in repository at '/home/zta/ZTA'
To add an exception for this directory, call:

	git config --global --add safe.directory /home/zta/ZTA
2023-12-06 15:58:11.890 [info] > git rev-parse --show-toplevel [15ms]
2023-12-06 15:58:11.890 [info] fatal: detected dubious ownership in repository at '/home/zta/ZTA'
To add an exception for this directory, call:

	git config --global --add safe.directory /home/zta/ZTA
2023-12-06 15:58:13.356 [info] > git rev-parse --show-toplevel [9ms]
2023-12-06 15:58:13.356 [info] fatal: detected dubious ownership in repository at '/home/zta/ZTA'
To add an exception for this directory, call:

	git config --global --add safe.directory /home/zta/ZTA
2023-12-06 15:58:15.815 [info] > git rev-parse --show-toplevel [5ms]
2023-12-06 15:58:15.815 [info] fatal: detected dubious ownership in repository at '/home/zta/ZTA'
To add an exception for this directory, call:

	git config --global --add safe.directory /home/zta/ZTA
2023-12-06 15:58:16.568 [info] > git rev-parse --show-toplevel [5ms]
2023-12-06 15:58:16.568 [info] fatal: detected dubious ownership in repository at '/home/zta/ZTA'
To add an exception for this directory, call:

	git config --global --add safe.directory /home/zta/ZTA
2023-12-06 15:58:17.476 [info] > git rev-parse --show-toplevel [7ms]
2023-12-06 15:58:17.476 [info] fatal: detected dubious ownership in repository at '/home/zta/ZTA'
To add an exception for this directory, call:

	git config --global --add safe.directory /home/zta/ZTA
2023-12-06 15:58:19.947 [info] > git rev-parse --show-toplevel [4ms]
2023-12-06 15:58:19.947 [info] fatal: detected dubious ownership in repository at '/home/zta/ZTA'
To add an exception for this directory, call:

	git config --global --add safe.directory /home/zta/ZTA
2023-12-06 16:32:33.561 [info] > git rev-parse --show-toplevel [3ms]
2023-12-06 16:32:33.561 [info] fatal: detected dubious ownership in repository at '/home/zta/ZTA'
To add an exception for this directory, call:

	git config --global --add safe.directory /home/zta/ZTA
2023-12-06 16:32:47.027 [info] > git rev-parse --show-toplevel [10ms]
2023-12-06 16:32:47.027 [info] fatal: detected dubious ownership in repository at '/home/zta/ZTA'
To add an exception for this directory, call:

	git config --global --add safe.directory /home/zta/ZTA
2023-12-06 16:33:49.992 [info] > git rev-parse --show-toplevel [3ms]
2023-12-06 16:33:49.992 [info] fatal: detected dubious ownership in repository at '/home/zta/ZTA'
To add an exception for this directory, call:

	git config --global --add safe.directory /home/zta/ZTA
2023-12-06 16:33:56.020 [info] > git rev-parse --show-toplevel [4ms]
2023-12-06 16:33:56.020 [info] fatal: detected dubious ownership in repository at '/home/zta/ZTA'
To add an exception for this directory, call:

	git config --global --add safe.directory /home/zta/ZTA
2023-12-06 16:43:38.683 [info] > git rev-parse --show-toplevel [3ms]
2023-12-06 16:43:38.683 [info] fatal: detected dubious ownership in repository at '/home/zta/ZTA'
To add an exception for this directory, call:

	git config --global --add safe.directory /home/zta/ZTA
