0 verbose cli [ '/usr/bin/node', '/usr/bin/npm', 'install', 'fido2-lib', '--save' ]
1 info using npm@8.5.1
2 info using node@v12.22.9
3 timing npm:load:whichnode Completed in 0ms
4 timing config:load:defaults Completed in 3ms
5 timing config:load:file:/usr/share/nodejs/npm/npmrc Completed in 4ms
6 timing config:load:builtin Completed in 4ms
7 timing config:load:cli Completed in 2ms
8 timing config:load:env Completed in 0ms
9 timing config:load:file:/home/zta/login-protocol/.npmrc Completed in 0ms
10 timing config:load:project Completed in 8ms
11 timing config:load:file:/home/zta/.npmrc Completed in 1ms
12 timing config:load:user Completed in 1ms
13 timing config:load:file:/etc/npmrc Completed in 0ms
14 timing config:load:global Completed in 0ms
15 timing config:load:validate Completed in 0ms
16 timing config:load:credentials Completed in 1ms
17 timing config:load:setEnvs Completed in 2ms
18 timing config:load Completed in 21ms
19 timing npm:load:configload Completed in 21ms
20 timing npm:load:setTitle Completed in 1ms
21 timing config:load:flatten Completed in 8ms
22 timing npm:load:display Completed in 10ms
23 verbose logfile /home/zta/.npm/_logs/2023-12-18T18_39_13_039Z-debug-0.log
24 timing npm:load:logFile Completed in 8ms
25 timing npm:load:timers Completed in 0ms
26 timing npm:load:configScope Completed in 0ms
27 timing npm:load Completed in 43ms
28 timing arborist:ctor Completed in 6ms
29 timing idealTree:init Completed in 1997ms
30 timing idealTree:userRequests Completed in 7ms
31 silly idealTree buildDeps
32 silly fetch manifest fido2-lib@^3.4.3
33 verbose shrinkwrap failed to load node_modules/.package-lock.json out of date, updated: node_modules
34 http fetch GET 200 https://registry.npmjs.org/fido2-lib 3103ms (cache miss)
35 silly placeDep ROOT fido2-lib@3.4.3 REPLACE for: login-protocol@0.1.0 want: ^3.4.3
36 timing idealTree:#root Completed in 3118ms
37 timing idealTree:node_modules/fido2-lib Completed in 0ms
38 timing idealTree:buildDeps Completed in 3122ms
39 timing idealTree:fixDepFlags Completed in 24ms
40 warn EBADENGINE Unsupported engine {
40 warn EBADENGINE   package: '@csstools/postcss-trigonometric-functions@1.0.2',
40 warn EBADENGINE   required: { node: '^14 || >=16' },
40 warn EBADENGINE   current: { node: 'v12.22.9', npm: '8.5.1' }
40 warn EBADENGINE }
41 warn EBADENGINE Unsupported engine {
41 warn EBADENGINE   package: '@csstools/selector-specificity@2.2.0',
41 warn EBADENGINE   required: { node: '^14 || ^16 || >=18' },
41 warn EBADENGINE   current: { node: 'v12.22.9', npm: '8.5.1' }
41 warn EBADENGINE }
42 warn EBADENGINE Unsupported engine {
42 warn EBADENGINE   package: '@jest/expect-utils@29.7.0',
42 warn EBADENGINE   required: { node: '^14.15.0 || ^16.10.0 || >=18.0.0' },
42 warn EBADENGINE   current: { node: 'v12.22.9', npm: '8.5.1' }
42 warn EBADENGINE }
43 warn EBADENGINE Unsupported engine {
43 warn EBADENGINE   package: 'jest-get-type@29.6.3',
43 warn EBADENGINE   required: { node: '^14.15.0 || ^16.10.0 || >=18.0.0' },
43 warn EBADENGINE   current: { node: 'v12.22.9', npm: '8.5.1' }
43 warn EBADENGINE }
44 warn EBADENGINE Unsupported engine {
44 warn EBADENGINE   package: '@remix-run/router@1.11.0',
44 warn EBADENGINE   required: { node: '>=14.0.0' },
44 warn EBADENGINE   current: { node: 'v12.22.9', npm: '8.5.1' }
44 warn EBADENGINE }
45 warn EBADENGINE Unsupported engine {
45 warn EBADENGINE   package: '@testing-library/dom@9.3.3',
45 warn EBADENGINE   required: { node: '>=14' },
45 warn EBADENGINE   current: { node: 'v12.22.9', npm: '8.5.1' }
45 warn EBADENGINE }
46 warn EBADENGINE Unsupported engine {
46 warn EBADENGINE   package: '@jest/schemas@29.6.3',
46 warn EBADENGINE   required: { node: '^14.15.0 || ^16.10.0 || >=18.0.0' },
46 warn EBADENGINE   current: { node: 'v12.22.9', npm: '8.5.1' }
46 warn EBADENGINE }
47 warn EBADENGINE Unsupported engine {
47 warn EBADENGINE   package: '@jest/types@29.6.3',
47 warn EBADENGINE   required: { node: '^14.15.0 || ^16.10.0 || >=18.0.0' },
47 warn EBADENGINE   current: { node: 'v12.22.9', npm: '8.5.1' }
47 warn EBADENGINE }
48 warn EBADENGINE Unsupported engine {
48 warn EBADENGINE   package: 'diff-sequences@29.6.3',
48 warn EBADENGINE   required: { node: '^14.15.0 || ^16.10.0 || >=18.0.0' },
48 warn EBADENGINE   current: { node: 'v12.22.9', npm: '8.5.1' }
48 warn EBADENGINE }
49 warn EBADENGINE Unsupported engine {
49 warn EBADENGINE   package: 'expect@29.7.0',
49 warn EBADENGINE   required: { node: '^14.15.0 || ^16.10.0 || >=18.0.0' },
49 warn EBADENGINE   current: { node: 'v12.22.9', npm: '8.5.1' }
49 warn EBADENGINE }
50 warn EBADENGINE Unsupported engine {
50 warn EBADENGINE   package: 'jest-diff@29.7.0',
50 warn EBADENGINE   required: { node: '^14.15.0 || ^16.10.0 || >=18.0.0' },
50 warn EBADENGINE   current: { node: 'v12.22.9', npm: '8.5.1' }
50 warn EBADENGINE }
51 warn EBADENGINE Unsupported engine {
51 warn EBADENGINE   package: 'jest-get-type@29.6.3',
51 warn EBADENGINE   required: { node: '^14.15.0 || ^16.10.0 || >=18.0.0' },
51 warn EBADENGINE   current: { node: 'v12.22.9', npm: '8.5.1' }
51 warn EBADENGINE }
52 warn EBADENGINE Unsupported engine {
52 warn EBADENGINE   package: 'jest-matcher-utils@29.7.0',
52 warn EBADENGINE   required: { node: '^14.15.0 || ^16.10.0 || >=18.0.0' },
52 warn EBADENGINE   current: { node: 'v12.22.9', npm: '8.5.1' }
52 warn EBADENGINE }
53 warn EBADENGINE Unsupported engine {
53 warn EBADENGINE   package: 'jest-message-util@29.7.0',
53 warn EBADENGINE   required: { node: '^14.15.0 || ^16.10.0 || >=18.0.0' },
53 warn EBADENGINE   current: { node: 'v12.22.9', npm: '8.5.1' }
53 warn EBADENGINE }
54 warn EBADENGINE Unsupported engine {
54 warn EBADENGINE   package: 'jest-util@29.7.0',
54 warn EBADENGINE   required: { node: '^14.15.0 || ^16.10.0 || >=18.0.0' },
54 warn EBADENGINE   current: { node: 'v12.22.9', npm: '8.5.1' }
54 warn EBADENGINE }
55 warn EBADENGINE Unsupported engine {
55 warn EBADENGINE   package: 'pretty-format@29.7.0',
55 warn EBADENGINE   required: { node: '^14.15.0 || ^16.10.0 || >=18.0.0' },
55 warn EBADENGINE   current: { node: 'v12.22.9', npm: '8.5.1' }
55 warn EBADENGINE }
56 warn EBADENGINE Unsupported engine {
56 warn EBADENGINE   package: 'eslint-config-react-app@7.0.1',
56 warn EBADENGINE   required: { node: '>=14.0.0' },
56 warn EBADENGINE   current: { node: 'v12.22.9', npm: '8.5.1' }
56 warn EBADENGINE }
57 warn EBADENGINE Unsupported engine {
57 warn EBADENGINE   package: 'jwt-decode@4.0.0',
57 warn EBADENGINE   required: { node: '>=18' },
57 warn EBADENGINE   current: { node: 'v12.22.9', npm: '8.5.1' }
57 warn EBADENGINE }
58 warn EBADENGINE Unsupported engine {
58 warn EBADENGINE   package: 'postcss-import@15.1.0',
58 warn EBADENGINE   required: { node: '>=14.0.0' },
58 warn EBADENGINE   current: { node: 'v12.22.9', npm: '8.5.1' }
58 warn EBADENGINE }
59 warn EBADENGINE Unsupported engine {
59 warn EBADENGINE   package: 'postcss-load-config@4.0.1',
59 warn EBADENGINE   required: { node: '>= 14' },
59 warn EBADENGINE   current: { node: 'v12.22.9', npm: '8.5.1' }
59 warn EBADENGINE }
60 warn EBADENGINE Unsupported engine {
60 warn EBADENGINE   package: 'yaml@2.3.2',
60 warn EBADENGINE   required: { node: '>= 14' },
60 warn EBADENGINE   current: { node: 'v12.22.9', npm: '8.5.1' }
60 warn EBADENGINE }
61 warn EBADENGINE Unsupported engine {
61 warn EBADENGINE   package: 'react-app-polyfill@3.0.0',
61 warn EBADENGINE   required: { node: '>=14' },
61 warn EBADENGINE   current: { node: 'v12.22.9', npm: '8.5.1' }
61 warn EBADENGINE }
62 warn EBADENGINE Unsupported engine {
62 warn EBADENGINE   package: 'react-dev-utils@12.0.1',
62 warn EBADENGINE   required: { node: '>=14' },
62 warn EBADENGINE   current: { node: 'v12.22.9', npm: '8.5.1' }
62 warn EBADENGINE }
63 warn EBADENGINE Unsupported engine {
63 warn EBADENGINE   package: 'react-router@6.18.0',
63 warn EBADENGINE   required: { node: '>=14.0.0' },
63 warn EBADENGINE   current: { node: 'v12.22.9', npm: '8.5.1' }
63 warn EBADENGINE }
64 warn EBADENGINE Unsupported engine {
64 warn EBADENGINE   package: 'react-router-dom@6.18.0',
64 warn EBADENGINE   required: { node: '>=14.0.0' },
64 warn EBADENGINE   current: { node: 'v12.22.9', npm: '8.5.1' }
64 warn EBADENGINE }
65 warn EBADENGINE Unsupported engine {
65 warn EBADENGINE   package: 'react-scripts@5.0.1',
65 warn EBADENGINE   required: { node: '>=14.0.0' },
65 warn EBADENGINE   current: { node: 'v12.22.9', npm: '8.5.1' }
65 warn EBADENGINE }
66 warn EBADENGINE Unsupported engine {
66 warn EBADENGINE   package: 'tailwindcss@3.3.3',
66 warn EBADENGINE   required: { node: '>=14.0.0' },
66 warn EBADENGINE   current: { node: 'v12.22.9', npm: '8.5.1' }
66 warn EBADENGINE }
67 timing idealTree Completed in 5262ms
68 timing reify:loadTrees Completed in 5265ms
69 timing reify:diffTrees Completed in 83ms
70 silly reify moves {}
71 timing reify:retireShallow Completed in 0ms
72 timing reify:createSparse Completed in 6ms
73 timing reify:loadBundles Completed in 0ms
74 silly audit bulk request {
74 silly audit   '@aashutoshrathi/word-wrap': [ '1.2.6' ],
74 silly audit   '@adobe/css-tools': [ '4.3.1' ],
74 silly audit   '@alloc/quick-lru': [ '5.2.0' ],
74 silly audit   '@ampproject/remapping': [ '2.2.1' ],
74 silly audit   '@babel/code-frame': [ '7.22.13' ],
74 silly audit   '@babel/compat-data': [ '7.22.20' ],
74 silly audit   '@babel/core': [ '7.23.0' ],
74 silly audit   semver: [ '6.3.1', '5.7.2', '7.5.4' ],
74 silly audit   '@babel/eslint-parser': [ '7.22.15' ],
74 silly audit   'eslint-visitor-keys': [ '2.1.0', '3.4.3' ],
74 silly audit   '@babel/generator': [ '7.23.0' ],
74 silly audit   '@babel/helper-annotate-as-pure': [ '7.22.5' ],
74 silly audit   '@babel/helper-builder-binary-assignment-operator-visitor': [ '7.22.15' ],
74 silly audit   '@babel/helper-compilation-targets': [ '7.22.15' ],
74 silly audit   '@babel/helper-create-class-features-plugin': [ '7.22.15' ],
74 silly audit   '@babel/helper-create-regexp-features-plugin': [ '7.22.15' ],
74 silly audit   '@babel/helper-define-polyfill-provider': [ '0.4.2' ],
74 silly audit   '@babel/helper-environment-visitor': [ '7.22.20' ],
74 silly audit   '@babel/helper-function-name': [ '7.23.0' ],
74 silly audit   '@babel/helper-hoist-variables': [ '7.22.5' ],
74 silly audit   '@babel/helper-member-expression-to-functions': [ '7.23.0' ],
74 silly audit   '@babel/helper-module-imports': [ '7.22.15' ],
74 silly audit   '@babel/helper-module-transforms': [ '7.23.0' ],
74 silly audit   '@babel/helper-optimise-call-expression': [ '7.22.5' ],
74 silly audit   '@babel/helper-plugin-utils': [ '7.22.5' ],
74 silly audit   '@babel/helper-remap-async-to-generator': [ '7.22.20' ],
74 silly audit   '@babel/helper-replace-supers': [ '7.22.20' ],
74 silly audit   '@babel/helper-simple-access': [ '7.22.5' ],
74 silly audit   '@babel/helper-skip-transparent-expression-wrappers': [ '7.22.5' ],
74 silly audit   '@babel/helper-split-export-declaration': [ '7.22.6' ],
74 silly audit   '@babel/helper-string-parser': [ '7.22.5' ],
74 silly audit   '@babel/helper-validator-identifier': [ '7.22.20' ],
74 silly audit   '@babel/helper-validator-option': [ '7.22.15' ],
74 silly audit   '@babel/helper-wrap-function': [ '7.22.20' ],
74 silly audit   '@babel/helpers': [ '7.23.1' ],
74 silly audit   '@babel/highlight': [ '7.22.20' ],
74 silly audit   '@babel/parser': [ '7.23.0' ],
74 silly audit   '@babel/plugin-bugfix-safari-id-destructuring-collision-in-function-expression': [ '7.22.15' ],
74 silly audit   '@babel/plugin-bugfix-v8-spread-parameters-in-optional-chaining': [ '7.22.15' ],
74 silly audit   '@babel/plugin-proposal-class-properties': [ '7.18.6' ],
74 silly audit   '@babel/plugin-proposal-decorators': [ '7.23.0' ],
74 silly audit   '@babel/plugin-proposal-nullish-coalescing-operator': [ '7.18.6' ],
74 silly audit   '@babel/plugin-proposal-numeric-separator': [ '7.18.6' ],
74 silly audit   '@babel/plugin-proposal-optional-chaining': [ '7.21.0' ],
74 silly audit   '@babel/plugin-proposal-private-methods': [ '7.18.6' ],
74 silly audit   '@babel/plugin-proposal-private-property-in-object': [ '7.21.0-placeholder-for-preset-env.2' ],
74 silly audit   '@babel/plugin-syntax-async-generators': [ '7.8.4' ],
74 silly audit   '@babel/plugin-syntax-bigint': [ '7.8.3' ],
74 silly audit   '@babel/plugin-syntax-class-properties': [ '7.12.13' ],
74 silly audit   '@babel/plugin-syntax-class-static-block': [ '7.14.5' ],
74 silly audit   '@babel/plugin-syntax-decorators': [ '7.22.10' ],
74 silly audit   '@babel/plugin-syntax-dynamic-import': [ '7.8.3' ],
74 silly audit   '@babel/plugin-syntax-export-namespace-from': [ '7.8.3' ],
74 silly audit   '@babel/plugin-syntax-flow': [ '7.22.5' ],
74 silly audit   '@babel/plugin-syntax-import-assertions': [ '7.22.5' ],
74 silly audit   '@babel/plugin-syntax-import-attributes': [ '7.22.5' ],
74 silly audit   '@babel/plugin-syntax-import-meta': [ '7.10.4' ],
74 silly audit   '@babel/plugin-syntax-json-strings': [ '7.8.3' ],
74 silly audit   '@babel/plugin-syntax-jsx': [ '7.22.5' ],
74 silly audit   '@babel/plugin-syntax-logical-assignment-operators': [ '7.10.4' ],
74 silly audit   '@babel/plugin-syntax-nullish-coalescing-operator': [ '7.8.3' ],
74 silly audit   '@babel/plugin-syntax-numeric-separator': [ '7.10.4' ],
74 silly audit   '@babel/plugin-syntax-object-rest-spread': [ '7.8.3' ],
74 silly audit   '@babel/plugin-syntax-optional-catch-binding': [ '7.8.3' ],
74 silly audit   '@babel/plugin-syntax-optional-chaining': [ '7.8.3' ],
74 silly audit   '@babel/plugin-syntax-private-property-in-object': [ '7.14.5' ],
74 silly audit   '@babel/plugin-syntax-top-level-await': [ '7.14.5' ],
74 silly audit   '@babel/plugin-syntax-typescript': [ '7.22.5' ],
74 silly audit   '@babel/plugin-syntax-unicode-sets-regex': [ '7.18.6' ],
74 silly audit   '@babel/plugin-transform-arrow-functions': [ '7.22.5' ],
74 silly audit   '@babel/plugin-transform-async-generator-functions': [ '7.22.15' ],
74 silly audit   '@babel/plugin-transform-async-to-generator': [ '7.22.5' ],
74 silly audit   '@babel/plugin-transform-block-scoped-functions': [ '7.22.5' ],
74 silly audit   '@babel/plugin-transform-block-scoping': [ '7.23.0' ],
74 silly audit   '@babel/plugin-transform-class-properties': [ '7.22.5' ],
74 silly audit   '@babel/plugin-transform-class-static-block': [ '7.22.11' ],
74 silly audit   '@babel/plugin-transform-classes': [ '7.22.15' ],
74 silly audit   '@babel/plugin-transform-computed-properties': [ '7.22.5' ],
74 silly audit   '@babel/plugin-transform-destructuring': [ '7.23.0' ],
74 silly audit   '@babel/plugin-transform-dotall-regex': [ '7.22.5' ],
74 silly audit   '@babel/plugin-transform-duplicate-keys': [ '7.22.5' ],
74 silly audit   '@babel/plugin-transform-dynamic-import': [ '7.22.11' ],
74 silly audit   '@babel/plugin-transform-exponentiation-operator': [ '7.22.5' ],
74 silly audit   '@babel/plugin-transform-export-namespace-from': [ '7.22.11' ],
74 silly audit   '@babel/plugin-transform-flow-strip-types': [ '7.22.5' ],
74 silly audit   '@babel/plugin-transform-for-of': [ '7.22.15' ],
74 silly audit   '@babel/plugin-transform-function-name': [ '7.22.5' ],
74 silly audit   '@babel/plugin-transform-json-strings': [ '7.22.11' ],
74 silly audit   '@babel/plugin-transform-literals': [ '7.22.5' ],
74 silly audit   '@babel/plugin-transform-logical-assignment-operators': [ '7.22.11' ],
74 silly audit   '@babel/plugin-transform-member-expression-literals': [ '7.22.5' ],
74 silly audit   '@babel/plugin-transform-modules-amd': [ '7.23.0' ],
74 silly audit   '@babel/plugin-transform-modules-commonjs': [ '7.23.0' ],
74 silly audit   '@babel/plugin-transform-modules-systemjs': [ '7.23.0' ],
74 silly audit   '@babel/plugin-transform-modules-umd': [ '7.22.5' ],
74 silly audit   '@babel/plugin-transform-named-capturing-groups-regex': [ '7.22.5' ],
74 silly audit   '@babel/plugin-transform-new-target': [ '7.22.5' ],
74 silly audit   '@babel/plugin-transform-nullish-coalescing-operator': [ '7.22.11' ],
74 silly audit   '@babel/plugin-transform-numeric-separator': [ '7.22.11' ],
74 silly audit   '@babel/plugin-transform-object-rest-spread': [ '7.22.15' ],
74 silly audit   '@babel/plugin-transform-object-super': [ '7.22.5' ],
74 silly audit   '@babel/plugin-transform-optional-catch-binding': [ '7.22.11' ],
74 silly audit   '@babel/plugin-transform-optional-chaining': [ '7.23.0' ],
74 silly audit   '@babel/plugin-transform-parameters': [ '7.22.15' ],
74 silly audit   '@babel/plugin-transform-private-methods': [ '7.22.5' ],
74 silly audit   '@babel/plugin-transform-private-property-in-object': [ '7.22.11' ],
74 silly audit   '@babel/plugin-transform-property-literals': [ '7.22.5' ],
74 silly audit   '@babel/plugin-transform-react-constant-elements': [ '7.22.5' ],
74 silly audit   '@babel/plugin-transform-react-display-name': [ '7.22.5' ],
74 silly audit   '@babel/plugin-transform-react-jsx': [ '7.22.15' ],
74 silly audit   '@babel/plugin-transform-react-jsx-development': [ '7.22.5' ],
74 silly audit   '@babel/plugin-transform-react-pure-annotations': [ '7.22.5' ],
74 silly audit   '@babel/plugin-transform-regenerator': [ '7.22.10' ],
74 silly audit   '@babel/plugin-transform-reserved-words': [ '7.22.5' ],
74 silly audit   '@babel/plugin-transform-runtime': [ '7.22.15' ],
74 silly audit   '@babel/plugin-transform-shorthand-properties': [ '7.22.5' ],
74 silly audit   '@babel/plugin-transform-spread': [ '7.22.5' ],
74 silly audit   '@babel/plugin-transform-sticky-regex': [ '7.22.5' ],
74 silly audit   '@babel/plugin-transform-template-literals': [ '7.22.5' ],
74 silly audit   '@babel/plugin-transform-typeof-symbol': [ '7.22.5' ],
74 silly audit   '@babel/plugin-transform-typescript': [ '7.22.15' ],
74 silly audit   '@babel/plugin-transform-unicode-escapes': [ '7.22.10' ],
74 silly audit   '@babel/plugin-transform-unicode-property-regex': [ '7.22.5' ],
74 silly audit   '@babel/plugin-transform-unicode-regex': [ '7.22.5' ],
74 silly audit   '@babel/plugin-transform-unicode-sets-regex': [ '7.22.5' ],
74 silly audit   '@babel/preset-env': [ '7.22.20' ],
74 silly audit   '@babel/preset-modules': [ '0.1.6-no-external-plugins' ],
74 silly audit   '@babel/preset-react': [ '7.22.15' ],
74 silly audit   '@babel/preset-typescript': [ '7.23.0' ],
74 silly audit   '@babel/regjsgen': [ '0.8.0' ],
74 silly audit   '@babel/runtime': [ '7.23.1' ],
74 silly audit   '@babel/template': [ '7.22.15' ],
74 silly audit   '@babel/traverse': [ '7.23.0' ],
74 silly audit   '@babel/types': [ '7.23.0' ],
74 silly audit   '@bcoe/v8-coverage': [ '0.2.3' ],
74 silly audit   '@cbor-extract/cbor-extract-darwin-arm64': [ '2.1.1' ],
74 silly audit   '@cbor-extract/cbor-extract-darwin-x64': [ '2.1.1' ],
74 silly audit   '@cbor-extract/cbor-extract-linux-arm': [ '2.1.1' ],
74 silly audit   '@cbor-extract/cbor-extract-linux-arm64': [ '2.1.1' ],
74 silly audit   '@cbor-extract/cbor-extract-linux-x64': [ '2.1.1' ],
74 silly audit   '@cbor-extract/cbor-extract-win32-x64': [ '2.1.1' ],
74 silly audit   '@chakra-ui/accordion': [ '2.3.1' ],
74 silly audit   '@chakra-ui/alert': [ '2.2.1' ],
74 silly audit   '@chakra-ui/anatomy': [ '2.2.1' ],
74 silly audit   '@chakra-ui/avatar': [ '2.3.0' ],
74 silly audit   '@chakra-ui/breadcrumb': [ '2.2.0' ],
74 silly audit   '@chakra-ui/breakpoint-utils': [ '2.0.8' ],
74 silly audit   '@chakra-ui/button': [ '2.1.0' ],
74 silly audit   '@chakra-ui/card': [ '2.2.0' ],
74 silly audit   '@chakra-ui/checkbox': [ '2.3.1' ],
74 silly audit   '@chakra-ui/clickable': [ '2.1.0' ],
74 silly audit   '@chakra-ui/close-button': [ '2.1.1' ],
74 silly audit   '@chakra-ui/color-mode': [ '2.2.0' ],
74 silly audit   '@chakra-ui/control-box': [ '2.1.0' ],
74 silly audit   '@chakra-ui/counter': [ '2.1.0' ],
74 silly audit   '@chakra-ui/css-reset': [ '2.3.0' ],
74 silly audit   '@chakra-ui/descendant': [ '3.1.0' ],
74 silly audit   '@chakra-ui/dom-utils': [ '2.1.0' ],
74 silly audit   '@chakra-ui/editable': [ '3.1.0' ],
74 silly audit   '@chakra-ui/event-utils': [ '2.0.8' ],
74 silly audit   '@chakra-ui/focus-lock': [ '2.1.0' ],
74 silly audit   '@chakra-ui/form-control': [ '2.1.1' ],
74 silly audit   '@chakra-ui/hooks': [ '2.2.1' ],
74 silly audit   '@chakra-ui/icon': [ '3.2.0' ],
74 silly audit   '@chakra-ui/image': [ '2.1.0' ],
74 silly audit   '@chakra-ui/input': [ '2.1.1' ],
74 silly audit   '@chakra-ui/layout': [ '2.3.1' ],
74 silly audit   '@chakra-ui/lazy-utils': [ '2.0.5' ],
74 silly audit   '@chakra-ui/live-region': [ '2.1.0' ],
74 silly audit   '@chakra-ui/media-query': [ '3.3.0' ],
74 silly audit   '@chakra-ui/menu': [ '2.2.1' ],
74 silly audit   '@chakra-ui/modal': [ '2.3.1' ],
74 silly audit   '@chakra-ui/number-input': [ '2.1.1' ],
74 silly audit   '@chakra-ui/number-utils': [ '2.0.7' ],
74 silly audit   '@chakra-ui/object-utils': [ '2.1.0' ],
74 silly audit   '@chakra-ui/pin-input': [ '2.1.0' ],
74 silly audit   '@chakra-ui/popover': [ '2.2.1' ],
74 silly audit   '@chakra-ui/popper': [ '3.1.0' ],
74 silly audit   '@chakra-ui/portal': [ '2.1.0' ],
74 silly audit   '@chakra-ui/progress': [ '2.2.0' ],
74 silly audit   '@chakra-ui/provider': [ '2.4.1' ],
74 silly audit   '@chakra-ui/radio': [ '2.1.1' ],
74 silly audit   '@chakra-ui/react': [ '2.8.1' ],
74 silly audit   '@chakra-ui/react-children-utils': [ '2.0.6' ],
74 silly audit   '@chakra-ui/react-context': [ '2.1.0' ],
74 silly audit   '@chakra-ui/react-env': [ '3.1.0' ],
74 silly audit   '@chakra-ui/react-types': [ '2.0.7' ],
74 silly audit   '@chakra-ui/react-use-animation-state': [ '2.1.0' ],
74 silly audit   '@chakra-ui/react-use-callback-ref': [ '2.1.0' ],
74 silly audit   '@chakra-ui/react-use-controllable-state': [ '2.1.0' ],
74 silly audit   '@chakra-ui/react-use-disclosure': [ '2.1.0' ],
74 silly audit   '@chakra-ui/react-use-event-listener': [ '2.1.0' ],
74 silly audit   '@chakra-ui/react-use-focus-effect': [ '2.1.0' ],
74 silly audit   '@chakra-ui/react-use-focus-on-pointer-down': [ '2.1.0' ],
74 silly audit   '@chakra-ui/react-use-interval': [ '2.1.0' ],
74 silly audit   '@chakra-ui/react-use-latest-ref': [ '2.1.0' ],
74 silly audit   '@chakra-ui/react-use-merge-refs': [ '2.1.0' ],
74 silly audit   '@chakra-ui/react-use-outside-click': [ '2.2.0' ],
74 silly audit   '@chakra-ui/react-use-pan-event': [ '2.1.0' ],
74 silly audit   '@chakra-ui/react-use-previous': [ '2.1.0' ],
74 silly audit   '@chakra-ui/react-use-safe-layout-effect': [ '2.1.0' ],
74 silly audit   '@chakra-ui/react-use-size': [ '2.1.0' ],
74 silly audit   '@chakra-ui/react-use-timeout': [ '2.1.0' ],
74 silly audit   '@chakra-ui/react-use-update-effect': [ '2.1.0' ],
74 silly audit   '@chakra-ui/react-utils': [ '2.0.12' ],
74 silly audit   '@chakra-ui/select': [ '2.1.1' ],
74 silly audit   '@chakra-ui/shared-utils': [ '2.0.5' ],
74 silly audit   '@chakra-ui/skeleton': [ '2.1.0' ],
74 silly audit   '@chakra-ui/skip-nav': [ '2.1.0' ],
74 silly audit   '@chakra-ui/slider': [ '2.1.0' ],
74 silly audit   '@chakra-ui/spinner': [ '2.1.0' ],
74 silly audit   '@chakra-ui/stat': [ '2.1.1' ],
74 silly audit   '@chakra-ui/stepper': [ '2.3.1' ],
74 silly audit   '@chakra-ui/styled-system': [ '2.9.1' ],
74 silly audit   '@chakra-ui/switch': [ '2.1.1' ],
74 silly audit   '@chakra-ui/system': [ '2.6.1' ],
74 silly audit   '@chakra-ui/table': [ '2.1.0' ],
74 silly audit   '@chakra-ui/tabs': [ '3.0.0' ],
74 silly audit   '@chakra-ui/tag': [ '3.1.1' ],
74 silly audit   '@chakra-ui/textarea': [ '2.1.1' ],
74 silly audit   '@chakra-ui/theme': [ '3.3.0' ],
74 silly audit   '@chakra-ui/theme-tools': [ '2.1.1' ],
74 silly audit   '@chakra-ui/theme-utils': [ '2.0.20' ],
74 silly audit   '@chakra-ui/toast': [ '7.0.1' ],
74 silly audit   '@chakra-ui/tooltip': [ '2.3.0' ],
74 silly audit   '@chakra-ui/transition': [ '2.1.0' ],
74 silly audit   '@chakra-ui/utils': [ '2.0.15' ],
74 silly audit   '@chakra-ui/visually-hidden': [ '2.2.0' ],
74 silly audit   '@csstools/normalize.css': [ '12.0.0' ],
74 silly audit   '@csstools/postcss-cascade-layers': [ '1.1.1' ],
74 silly audit   '@csstools/postcss-color-function': [ '1.1.1' ],
74 silly audit   '@csstools/postcss-font-format-keywords': [ '1.0.1' ],
74 silly audit   '@csstools/postcss-hwb-function': [ '1.0.2' ],
74 silly audit   '@csstools/postcss-ic-unit': [ '1.0.1' ],
74 silly audit   '@csstools/postcss-is-pseudo-class': [ '2.0.7' ],
74 silly audit   '@csstools/postcss-nested-calc': [ '1.0.0' ],
74 silly audit   '@csstools/postcss-normalize-display-values': [ '1.0.1' ],
74 silly audit   '@csstools/postcss-oklab-function': [ '1.1.1' ],
74 silly audit   '@csstools/postcss-progressive-custom-properties': [ '1.3.0' ],
74 silly audit   '@csstools/postcss-stepped-value-functions': [ '1.0.1' ],
74 silly audit   '@csstools/postcss-text-decoration-shorthand': [ '1.0.0' ],
74 silly audit   '@csstools/postcss-trigonometric-functions': [ '1.0.2' ],
74 silly audit   '@csstools/postcss-unset-value': [ '1.0.2' ],
74 silly audit   '@csstools/selector-specificity': [ '2.2.0' ],
74 silly audit   '@emotion/babel-plugin': [ '11.11.0' ],
74 silly audit   'convert-source-map': [ '1.9.0', '2.0.0' ],
74 silly audit   'escape-string-regexp': [ '4.0.0', '1.0.5', '2.0.0' ],
74 silly audit   'source-map': [ '0.5.7', '0.6.1', '0.7.4', '0.8.0-beta.0' ],
74 silly audit   '@emotion/cache': [ '11.11.0' ],
74 silly audit   '@emotion/hash': [ '0.9.1' ],
74 silly audit   '@emotion/is-prop-valid': [ '1.2.1', '0.8.8' ],
74 silly audit   '@emotion/memoize': [ '0.8.1', '0.7.4' ],
74 silly audit   '@emotion/react': [ '11.11.1' ],
74 silly audit   '@emotion/serialize': [ '1.1.2' ],
74 silly audit   '@emotion/sheet': [ '1.2.2' ],
74 silly audit   '@emotion/styled': [ '11.11.0' ],
74 silly audit   '@emotion/unitless': [ '0.8.1' ],
74 silly audit   '@emotion/use-insertion-effect-with-fallbacks': [ '1.0.1' ],
74 silly audit   '@emotion/utils': [ '1.2.1' ],
74 silly audit   '@emotion/weak-memoize': [ '0.3.1' ],
74 silly audit   '@eslint-community/eslint-utils': [ '4.4.0' ],
74 silly audit   '@eslint-community/regexpp': [ '4.9.1' ],
74 silly audit   '@eslint/eslintrc': [ '2.1.2' ],
74 silly audit   argparse: [ '2.0.1', '1.0.10' ],
74 silly audit   globals: [ '13.23.0', '11.12.0' ],
74 silly audit   'js-yaml': [ '4.1.0', '3.14.1' ],
74 silly audit   'type-fest': [ '0.20.2', '0.16.0', '0.21.3' ],
74 silly audit   '@eslint/js': [ '8.51.0' ],
74 silly audit   '@hexagon/base64': [ '1.1.28' ],
74 silly audit   '@humanwhocodes/config-array': [ '0.11.11' ],
74 silly audit   '@humanwhocodes/module-importer': [ '1.0.1' ],
74 silly audit   '@humanwhocodes/object-schema': [ '1.2.1' ],
74 silly audit   '@istanbuljs/load-nyc-config': [ '1.1.0' ],
74 silly audit   camelcase: [ '5.3.1', '6.3.0' ],
74 silly audit   'find-up': [ '4.1.0', '5.0.0', '3.0.0' ],
74 silly audit   'locate-path': [ '5.0.0', '6.0.0', '3.0.0' ],
74 silly audit   'p-limit': [ '2.3.0', '3.1.0' ],
74 silly audit   'p-locate': [ '4.1.0', '5.0.0', '3.0.0' ],
74 silly audit   '@istanbuljs/schema': [ '0.1.3' ],
74 silly audit   '@jest/console': [ '27.5.1', '28.1.3' ],
74 silly audit   'ansi-styles': [ '4.3.0', '5.2.0', '3.2.1' ],
74 silly audit   chalk: [ '4.1.2', '3.0.0', '2.4.2' ],
74 silly audit   'color-convert': [ '2.0.1', '1.9.3' ],
74 silly audit   'color-name': [ '1.1.4', '1.1.3' ],
74 silly audit   'has-flag': [ '4.0.0', '3.0.0' ],
74 silly audit   'supports-color': [ '7.2.0', '8.1.1', '5.5.0' ],
74 silly audit   '@jest/core': [ '27.5.1' ],
74 silly audit   '@jest/environment': [ '27.5.1' ],
74 silly audit   '@jest/expect-utils': [ '29.7.0' ],
74 silly audit   'jest-get-type': [ '29.6.3', '27.5.1' ],
74 silly audit   '@jest/fake-timers': [ '27.5.1' ],
74 silly audit   '@jest/globals': [ '27.5.1' ],
74 silly audit   '@jest/reporters': [ '27.5.1' ],
74 silly audit   '@jest/schemas': [ '28.1.3', '29.6.3' ],
74 silly audit   '@jest/source-map': [ '27.5.1' ],
74 silly audit   '@jest/test-result': [ '27.5.1', '28.1.3' ],
74 silly audit   '@jest/test-sequencer': [ '27.5.1' ],
74 silly audit   '@jest/transform': [ '27.5.1' ],
74 silly audit   '@jest/types': [ '27.5.1', '29.6.3', '28.1.3' ],
74 silly audit   '@jridgewell/gen-mapping': [ '0.3.3' ],
74 silly audit   '@jridgewell/resolve-uri': [ '3.1.1' ],
74 silly audit   '@jridgewell/set-array': [ '1.1.2' ],
74 silly audit   '@jridgewell/source-map': [ '0.3.5' ],
74 silly audit   '@jridgewell/sourcemap-codec': [ '1.4.15' ],
74 silly audit   '@jridgewell/trace-mapping': [ '0.3.19' ],
74 silly audit   '@leichtgewicht/ip-codec': [ '2.0.4' ],
74 silly audit   '@nicolo-ribaudo/eslint-scope-5-internals': [ '5.1.1-v1' ],
74 silly audit   'eslint-scope': [ '5.1.1', '7.2.2' ],
74 silly audit   estraverse: [ '4.3.0', '5.3.0' ],
74 silly audit   '@nodelib/fs.scandir': [ '2.1.5' ],
74 silly audit   '@nodelib/fs.stat': [ '2.0.5' ],
74 silly audit   '@nodelib/fs.walk': [ '1.2.8' ],
74 silly audit   '@passwordless-id/webauthn': [ '1.3.1' ],
74 silly audit   '@peculiar/asn1-schema': [ '2.3.8' ],
74 silly audit   '@peculiar/json-schema': [ '1.1.12' ],
74 silly audit   '@peculiar/webcrypto': [ '1.4.3' ],
74 silly audit   '@pmmmwh/react-refresh-webpack-plugin': [ '0.5.11' ],
74 silly audit   '@popperjs/core': [ '2.11.8' ],
74 silly audit   '@remix-run/router': [ '1.11.0' ],
74 silly audit   '@rollup/plugin-babel': [ '5.3.1' ],
74 silly audit   '@rollup/plugin-node-resolve': [ '11.2.1' ],
74 silly audit   '@rollup/plugin-replace': [ '2.4.2' ],
74 silly audit   '@rollup/pluginutils': [ '3.1.0' ],
74 silly audit   '@types/estree': [ '0.0.39', '1.0.2' ],
74 silly audit   '@rushstack/eslint-patch': [ '1.5.1' ],
74 silly audit   '@sinclair/typebox': [ '0.24.51', '0.27.8' ],
74 silly audit   '@sinonjs/commons': [ '1.8.6' ],
74 silly audit   '@sinonjs/fake-timers': [ '8.1.0' ],
74 silly audit   '@surma/rollup-plugin-off-main-thread': [ '2.2.3' ],
74 silly audit   '@svgr/babel-plugin-add-jsx-attribute': [ '5.4.0' ],
74 silly audit   '@svgr/babel-plugin-remove-jsx-attribute': [ '5.4.0' ],
74 silly audit   '@svgr/babel-plugin-remove-jsx-empty-expression': [ '5.0.1' ],
74 silly audit   '@svgr/babel-plugin-replace-jsx-attribute-value': [ '5.0.1' ],
74 silly audit   '@svgr/babel-plugin-svg-dynamic-title': [ '5.4.0' ],
74 silly audit   '@svgr/babel-plugin-svg-em-dimensions': [ '5.4.0' ],
74 silly audit   '@svgr/babel-plugin-transform-react-native-svg': [ '5.4.0' ],
74 silly audit   '@svgr/babel-plugin-transform-svg-component': [ '5.5.0' ],
74 silly audit   '@svgr/babel-preset': [ '5.5.0' ],
74 silly audit   '@svgr/core': [ '5.5.0' ],
74 silly audit   '@svgr/hast-util-to-babel-ast': [ '5.5.0' ],
74 silly audit   '@svgr/plugin-jsx': [ '5.5.0' ],
74 silly audit   '@svgr/plugin-svgo': [ '5.5.0' ],
74 silly audit   '@svgr/webpack': [ '5.5.0' ],
74 silly audit   '@testing-library/dom': [ '9.3.3', '8.20.1' ],
74 silly audit   'aria-query': [ '5.1.3', '5.3.0' ],
74 silly audit   '@testing-library/jest-dom': [ '5.17.0' ],
74 silly audit   '@testing-library/react': [ '13.4.0' ],
74 silly audit   '@testing-library/user-event': [ '13.5.0' ],
74 silly audit   '@tootallnate/once': [ '1.1.2' ],
74 silly audit   '@trysound/sax': [ '0.2.0' ],
74 silly audit   '@types/aria-query': [ '5.0.2' ],
74 silly audit   '@types/babel__core': [ '7.20.2' ],
74 silly audit   '@types/babel__generator': [ '7.6.5' ],
74 silly audit   '@types/babel__template': [ '7.4.2' ],
74 silly audit   '@types/babel__traverse': [ '7.20.2' ],
74 silly audit   '@types/body-parser': [ '1.19.3' ],
74 silly audit   '@types/bonjour': [ '3.5.11' ],
74 silly audit   '@types/connect': [ '3.4.36' ],
74 silly audit   '@types/connect-history-api-fallback': [ '1.5.1' ],
74 silly audit   '@types/eslint': [ '8.44.3' ],
74 silly audit   '@types/eslint-scope': [ '3.7.5' ],
74 silly audit   '@types/express': [ '4.17.18' ],
74 silly audit   '@types/express-serve-static-core': [ '4.17.37' ],
74 silly audit   '@types/graceful-fs': [ '4.1.7' ],
74 silly audit   '@types/html-minifier-terser': [ '6.1.0' ],
74 silly audit   '@types/http-errors': [ '2.0.2' ],
74 silly audit   '@types/http-proxy': [ '1.17.12' ],
74 silly audit   '@types/istanbul-lib-coverage': [ '2.0.4' ],
74 silly audit   '@types/istanbul-lib-report': [ '3.0.1' ],
74 silly audit   '@types/istanbul-reports': [ '3.0.2' ],
74 silly audit   '@types/jest': [ '29.5.5' ],
74 silly audit   '@types/yargs': [ '17.0.28', '16.0.6' ],
74 silly audit   'diff-sequences': [ '29.6.3', '27.5.1' ],
74 silly audit   expect: [ '29.7.0', '27.5.1' ],
74 silly audit   'jest-diff': [ '29.7.0', '27.5.1' ],
74 silly audit   'jest-matcher-utils': [ '29.7.0', '27.5.1' ],
74 silly audit   'jest-message-util': [ '29.7.0', '27.5.1', '28.1.3' ],
74 silly audit   'jest-util': [ '29.7.0', '27.5.1', '28.1.3' ],
74 silly audit   'pretty-format': [ '29.7.0', '28.1.3', '27.5.1' ],
74 silly audit   'react-is': [ '18.2.0', '16.13.1', '17.0.2' ],
74 silly audit   '@types/json-schema': [ '7.0.13' ],
74 silly audit   '@types/json5': [ '0.0.29' ],
74 silly audit   '@types/lodash': [ '4.14.199' ],
74 silly audit   '@types/lodash.mergewith': [ '4.6.7' ],
74 silly audit   '@types/mime': [ '1.3.3' ],
74 silly audit   '@types/node': [ '20.8.4' ],
74 silly audit   '@types/parse-json': [ '4.0.0' ],
74 silly audit   '@types/prettier': [ '2.7.3' ],
74 silly audit   '@types/prop-types': [ '15.7.8' ],
74 silly audit   '@types/q': [ '1.5.6' ],
74 silly audit   '@types/qs': [ '6.9.8' ],
74 silly audit   '@types/range-parser': [ '1.2.5' ],
74 silly audit   '@types/react': [ '18.2.27' ],
74 silly audit   '@types/react-dom': [ '18.2.12' ],
74 silly audit   '@types/resolve': [ '1.17.1' ],
74 silly audit   '@types/retry': [ '0.12.0' ],
74 silly audit   '@types/scheduler': [ '0.16.4' ],
74 silly audit   '@types/semver': [ '7.5.3' ],
74 silly audit   '@types/send': [ '0.17.2' ],
74 silly audit   '@types/serve-index': [ '1.9.2' ],
74 silly audit   '@types/serve-static': [ '1.15.3' ],
74 silly audit   '@types/sockjs': [ '0.3.34' ],
74 silly audit   '@types/stack-utils': [ '2.0.1' ],
74 silly audit   '@types/testing-library__jest-dom': [ '5.14.9' ],
74 silly audit   '@types/trusted-types': [ '2.0.4' ],
74 silly audit   '@types/ws': [ '8.5.6' ],
74 silly audit   '@types/yargs-parser': [ '21.0.1' ],
74 silly audit   '@typescript-eslint/eslint-plugin': [ '5.62.0' ],
74 silly audit   '@typescript-eslint/experimental-utils': [ '5.62.0' ],
74 silly audit   '@typescript-eslint/parser': [ '5.62.0' ],
74 silly audit   '@typescript-eslint/scope-manager': [ '5.62.0' ],
74 silly audit   '@typescript-eslint/type-utils': [ '5.62.0' ],
74 silly audit   '@typescript-eslint/types': [ '5.62.0' ],
74 silly audit   '@typescript-eslint/typescript-estree': [ '5.62.0' ],
74 silly audit   '@typescript-eslint/utils': [ '5.62.0' ],
74 silly audit   '@typescript-eslint/visitor-keys': [ '5.62.0' ],
74 silly audit   '@webassemblyjs/ast': [ '1.11.6' ],
74 silly audit   '@webassemblyjs/floating-point-hex-parser': [ '1.11.6' ],
74 silly audit   '@webassemblyjs/helper-api-error': [ '1.11.6' ],
74 silly audit   '@webassemblyjs/helper-buffer': [ '1.11.6' ],
74 silly audit   '@webassemblyjs/helper-numbers': [ '1.11.6' ],
74 silly audit   '@webassemblyjs/helper-wasm-bytecode': [ '1.11.6' ],
74 silly audit   '@webassemblyjs/helper-wasm-section': [ '1.11.6' ],
74 silly audit   '@webassemblyjs/ieee754': [ '1.11.6' ],
74 silly audit   '@webassemblyjs/leb128': [ '1.11.6' ],
74 silly audit   '@webassemblyjs/utf8': [ '1.11.6' ],
74 silly audit   '@webassemblyjs/wasm-edit': [ '1.11.6' ],
74 silly audit   '@webassemblyjs/wasm-gen': [ '1.11.6' ],
74 silly audit   '@webassemblyjs/wasm-opt': [ '1.11.6' ],
74 silly audit   '@webassemblyjs/wasm-parser': [ '1.11.6' ],
74 silly audit   '@webassemblyjs/wast-printer': [ '1.11.6' ],
74 silly audit   '@xtuc/ieee754': [ '1.2.0' ],
74 silly audit   '@xtuc/long': [ '4.2.2' ],
74 silly audit   '@zag-js/dom-query': [ '0.16.0' ],
74 silly audit   '@zag-js/element-size': [ '0.10.5' ],
74 silly audit   '@zag-js/focus-visible': [ '0.16.0' ],
74 silly audit   abab: [ '2.0.6' ],
74 silly audit   accepts: [ '1.3.8' ],
74 silly audit   acorn: [ '8.10.0', '7.4.1' ],
74 silly audit   'acorn-globals': [ '6.0.0' ],
74 silly audit   'acorn-import-assertions': [ '1.9.0' ],
74 silly audit   'acorn-jsx': [ '5.3.2' ],
74 silly audit   'acorn-walk': [ '7.2.0' ],
74 silly audit   address: [ '1.2.2' ],
74 silly audit   'adjust-sourcemap-loader': [ '4.0.0' ],
74 silly audit   'agent-base': [ '6.0.2' ],
74 silly audit   ajv: [ '6.12.6', '8.12.0' ],
74 silly audit   'ajv-formats': [ '2.1.1' ],
74 silly audit   'json-schema-traverse': [ '1.0.0', '0.4.1' ],
74 silly audit   'ajv-keywords': [ '3.5.2', '5.1.0' ],
74 silly audit   'ansi-escapes': [ '4.3.2' ],
74 silly audit   'ansi-html-community': [ '0.0.8' ],
74 silly audit   'ansi-regex': [ '5.0.1', '6.0.1' ],
74 silly audit   'any-promise': [ '1.3.0' ],
74 silly audit   anymatch: [ '3.1.3' ],
74 silly audit   arg: [ '5.0.2' ],
74 silly audit   'aria-hidden': [ '1.2.3' ],
74 silly audit   'array-buffer-byte-length': [ '1.0.0' ],
74 silly audit   'array-flatten': [ '2.1.2', '1.1.1' ],
74 silly audit   'array-includes': [ '3.1.7' ],
74 silly audit   'array-union': [ '2.1.0' ],
74 silly audit   'array.prototype.findlastindex': [ '1.2.3' ],
74 silly audit   'array.prototype.flat': [ '1.3.2' ],
74 silly audit   'array.prototype.flatmap': [ '1.3.2' ],
74 silly audit   'array.prototype.reduce': [ '1.0.6' ],
74 silly audit   'array.prototype.tosorted': [ '1.1.2' ],
74 silly audit   'arraybuffer.prototype.slice': [ '1.0.2' ],
74 silly audit   asap: [ '2.0.6' ],
74 silly audit   'asn1.js': [ '5.4.1' ],
74 silly audit   'bn.js': [ '4.12.0', '5.2.1' ],
74 silly audit   asn1js: [ '3.0.5' ],
74 silly audit   'ast-types-flow': [ '0.0.7' ],
74 silly audit   async: [ '3.2.4' ],
74 silly audit   'asynciterator.prototype': [ '1.0.0' ],
74 silly audit   asynckit: [ '0.4.0' ],
74 silly audit   'at-least-node': [ '1.0.0' ],
74 silly audit   autoprefixer: [ '10.4.16' ],
74 silly audit   'available-typed-arrays': [ '1.0.5' ],
74 silly audit   'axe-core': [ '4.8.2' ],
74 silly audit   'axobject-query': [ '3.2.1' ],
74 silly audit   'babel-jest': [ '27.5.1' ],
74 silly audit   'babel-loader': [ '8.3.0' ],
74 silly audit   'schema-utils': [ '2.7.1', '4.2.0', '2.7.0', '3.3.0' ],
74 silly audit   'babel-plugin-istanbul': [ '6.1.1' ],
74 silly audit   'babel-plugin-jest-hoist': [ '27.5.1' ],
74 silly audit   'babel-plugin-macros': [ '3.1.0' ],
74 silly audit   'babel-plugin-named-asset-import': [ '0.3.8' ],
74 silly audit   'babel-plugin-polyfill-corejs2': [ '0.4.5' ],
74 silly audit   'babel-plugin-polyfill-corejs3': [ '0.8.4' ],
74 silly audit   'babel-plugin-polyfill-regenerator': [ '0.5.2' ],
74 silly audit   'babel-plugin-transform-react-remove-prop-types': [ '0.4.24' ],
74 silly audit   'babel-preset-current-node-syntax': [ '1.0.1' ],
74 silly audit   'babel-preset-jest': [ '27.5.1' ],
74 silly audit   'babel-preset-react-app': [ '10.0.1' ],
74 silly audit   'balanced-match': [ '1.0.2' ],
74 silly audit   'base64-js': [ '1.5.1' ],
74 silly audit   batch: [ '0.6.1' ],
74 silly audit   bfj: [ '7.1.0' ],
74 silly audit   'big.js': [ '5.2.2' ],
74 silly audit   'binary-extensions': [ '2.2.0' ],
74 silly audit   bluebird: [ '3.7.2' ],
74 silly audit   'body-parser': [ '1.20.1' ],
74 silly audit   bytes: [ '3.1.2', '3.0.0' ],
74 silly audit   debug: [ '2.6.9', '4.3.4', '3.2.7' ],
74 silly audit   'iconv-lite': [ '0.4.24', '0.6.3' ],
74 silly audit   ms: [ '2.0.0', '2.1.2', '2.1.3' ],
74 silly audit   'bonjour-service': [ '1.1.1' ],
74 silly audit   boolbase: [ '1.0.0' ],
74 silly audit   'brace-expansion': [ '1.1.11', '2.0.1' ],
74 silly audit   braces: [ '3.0.2' ],
74 silly audit   brorand: [ '1.1.0' ],
74 silly audit   'browser-process-hrtime': [ '1.0.0' ],
74 silly audit   'browserify-aes': [ '1.2.0' ],
74 silly audit   'browserify-cipher': [ '1.0.1' ],
74 silly audit   'browserify-des': [ '1.0.2' ],
74 silly audit   'browserify-rsa': [ '4.1.0' ],
74 silly audit   'browserify-sign': [ '4.2.1' ],
74 silly audit   browserslist: [ '4.22.1' ],
74 silly audit   bser: [ '2.1.1' ],
74 silly audit   buffer: [ '6.0.3' ],
74 silly audit   'buffer-equal-constant-time': [ '1.0.1' ],
74 silly audit   'buffer-from': [ '1.1.2' ],
74 silly audit   'buffer-xor': [ '1.0.3' ],
74 silly audit   'builtin-modules': [ '3.3.0' ],
74 silly audit   'builtin-status-codes': [ '3.0.0' ],
74 silly audit   bytestreamjs: [ '2.0.1' ],
74 silly audit   'call-bind': [ '1.0.2' ],
74 silly audit   callsites: [ '3.1.0' ],
74 silly audit   'camel-case': [ '4.1.2' ],
74 silly audit   'camelcase-css': [ '2.0.1' ],
74 silly audit   'caniuse-api': [ '3.0.0' ],
74 silly audit   'caniuse-lite': [ '1.0.30001547' ],
74 silly audit   'case-sensitive-paths-webpack-plugin': [ '2.4.0' ],
74 silly audit   'cbor-extract': [ '2.1.1' ],
74 silly audit   'cbor-x': [ '1.5.6' ],
74 silly audit   'char-regex': [ '1.0.2', '2.0.1' ],
74 silly audit   'check-types': [ '11.2.3' ],
74 silly audit   chokidar: [ '3.5.3' ],
74 silly audit   'glob-parent': [ '5.1.2', '6.0.2' ],
74 silly audit   'chrome-trace-event': [ '1.0.3' ],
74 silly audit   'ci-info': [ '3.9.0' ],
74 silly audit   'cipher-base': [ '1.0.4' ],
74 silly audit   'cjs-module-lexer': [ '1.2.3' ],
74 silly audit   'clean-css': [ '5.3.2' ],
74 silly audit   cliui: [ '7.0.4' ],
74 silly audit   co: [ '4.6.0' ],
74 silly audit   coa: [ '2.0.2' ],
74 silly audit   'collect-v8-coverage': [ '1.0.2' ],
74 silly audit   color2k: [ '2.0.2' ],
74 silly audit   colord: [ '2.9.3' ],
74 silly audit   colorette: [ '2.0.20' ],
74 silly audit   'combined-stream': [ '1.0.8' ],
74 silly audit   commander: [ '8.3.0', '7.2.0', '4.1.1', '2.20.3' ],
74 silly audit   'common-path-prefix': [ '3.0.0' ],
74 silly audit   'common-tags': [ '1.8.2' ],
74 silly audit   commondir: [ '1.0.1' ],
74 silly audit   compressible: [ '2.0.18' ],
74 silly audit   compression: [ '1.7.4' ],
74 silly audit   'safe-buffer': [ '5.1.2', '5.2.1' ],
74 silly audit   'compute-scroll-into-view': [ '3.0.3' ],
74 silly audit   'concat-map': [ '0.0.1' ],
74 silly audit   'confusing-browser-globals': [ '1.0.11' ],
74 silly audit   'connect-history-api-fallback': [ '2.0.0' ],
74 silly audit   'content-disposition': [ '0.5.4' ],
74 silly audit   'content-type': [ '1.0.5' ],
74 silly audit   cookie: [ '0.5.0' ],
74 silly audit   'cookie-signature': [ '1.0.6' ],
74 silly audit   'copy-to-clipboard': [ '3.3.3' ],
74 silly audit   'core-js': [ '3.33.0' ],
74 silly audit   'core-js-compat': [ '3.33.0' ],
74 silly audit   'core-js-pure': [ '3.33.0' ],
74 silly audit   'core-util-is': [ '1.0.3' ],
74 silly audit   cosmiconfig: [ '7.1.0', '6.0.0' ],
74 silly audit   'create-ecdh': [ '4.0.4' ],
74 silly audit   'create-hash': [ '1.2.0' ],
74 silly audit   'create-hmac': [ '1.1.7' ],
74 silly audit   'cross-spawn': [ '7.0.3' ],
74 silly audit   'crypto-browserify': [ '3.12.0' ],
74 silly audit   'crypto-js': [ '4.1.1' ],
74 silly audit   'crypto-random-string': [ '2.0.0' ],
74 silly audit   'css-blank-pseudo': [ '3.0.3' ],
74 silly audit   'css-box-model': [ '1.2.1' ],
74 silly audit   'css-declaration-sorter': [ '6.4.1' ],
74 silly audit   'css-has-pseudo': [ '3.0.4' ],
74 silly audit   'css-loader': [ '6.8.1' ],
74 silly audit   'css-minimizer-webpack-plugin': [ '3.4.1' ],
74 silly audit   'css-prefers-color-scheme': [ '6.0.3' ],
74 silly audit   'css-select': [ '4.3.0', '2.1.0' ],
74 silly audit   'css-select-base-adapter': [ '0.1.1' ],
74 silly audit   'css-tree': [ '1.0.0-alpha.37', '1.1.3' ],
74 silly audit   'css-what': [ '6.1.0', '3.4.2' ],
74 silly audit   'css.escape': [ '1.5.1' ],
74 silly audit   cssdb: [ '7.8.0' ],
74 silly audit   cssesc: [ '3.0.0' ],
74 silly audit   cssnano: [ '5.1.15' ],
74 silly audit   'cssnano-preset-default': [ '5.2.14' ],
74 silly audit   'cssnano-utils': [ '3.1.0' ],
74 silly audit   csso: [ '4.2.0' ],
74 silly audit   'mdn-data': [ '2.0.14', '2.0.4' ],
74 silly audit   cssom: [ '0.4.4', '0.3.8' ],
74 silly audit   cssstyle: [ '2.3.0' ],
74 silly audit   csstype: [ '3.1.2' ],
74 silly audit   'damerau-levenshtein': [ '1.0.8' ],
74 silly audit   'data-urls': [ '2.0.0' ],
74 silly audit   'decimal.js': [ '10.4.3' ],
74 silly audit   dedent: [ '0.7.0' ],
74 silly audit   'deep-equal': [ '2.2.2' ],
74 silly audit   'deep-is': [ '0.1.4' ],
74 silly audit   deepmerge: [ '4.3.1' ],
74 silly audit   'default-gateway': [ '6.0.3' ],
74 silly audit   'define-data-property': [ '1.1.0' ],
74 silly audit   'define-lazy-prop': [ '2.0.0' ],
74 silly audit   'define-properties': [ '1.2.1' ],
74 silly audit   'delayed-stream': [ '1.0.0' ],
74 silly audit   depd: [ '2.0.0', '1.1.2' ],
74 silly audit   dequal: [ '2.0.3' ],
74 silly audit   'des.js': [ '1.1.0' ],
74 silly audit   destroy: [ '1.2.0' ],
74 silly audit   'detect-newline': [ '3.1.0' ],
74 silly audit   'detect-node': [ '2.1.0' ],
74 silly audit   'detect-node-es': [ '1.1.0' ],
74 silly audit   'detect-port-alt': [ '1.1.6' ],
74 silly audit   didyoumean: [ '1.2.2' ],
74 silly audit   'diffie-hellman': [ '5.0.3' ],
74 silly audit   'dir-glob': [ '3.0.1' ],
74 silly audit   dlv: [ '1.1.3' ],
74 silly audit   'dns-equal': [ '1.0.0' ],
74 silly audit   'dns-packet': [ '5.6.1' ],
74 silly audit   doctrine: [ '3.0.0', '2.1.0' ],
74 silly audit   'dom-accessibility-api': [ '0.5.16' ],
74 silly audit   'dom-converter': [ '0.2.0' ],
74 silly audit   'dom-serializer': [ '1.4.1', '0.2.2' ],
74 silly audit   domelementtype: [ '2.3.0', '1.3.1' ],
74 silly audit   domexception: [ '2.0.1' ],
74 silly audit   'webidl-conversions': [ '5.0.0', '6.1.0', '4.0.2' ],
74 silly audit   domhandler: [ '4.3.1' ],
74 silly audit   domutils: [ '2.8.0', '1.7.0' ],
74 silly audit   'dot-case': [ '3.0.4' ],
74 silly audit   dotenv: [ '16.3.1', '10.0.0' ],
74 silly audit   'dotenv-expand': [ '5.1.0' ],
74 silly audit   duplexer: [ '0.1.2' ],
74 silly audit   'ecdsa-sig-formatter': [ '1.0.11' ],
74 silly audit   'ee-first': [ '1.1.1' ],
74 silly audit   ejs: [ '3.1.9' ],
74 silly audit   'electron-to-chromium': [ '1.4.548' ],
74 silly audit   elliptic: [ '6.5.4' ],
74 silly audit   'emitter-component': [ '1.1.1' ],
74 silly audit   emittery: [ '0.8.1', '0.10.2' ],
74 silly audit   'emoji-regex': [ '9.2.2', '8.0.0' ],
74 silly audit   'emojis-list': [ '3.0.0' ],
74 silly audit   encodeurl: [ '1.0.2' ],
74 silly audit   'enhanced-resolve': [ '5.15.0' ],
74 silly audit   entities: [ '2.2.0' ],
74 silly audit   'error-ex': [ '1.3.2' ],
74 silly audit   'error-stack-parser': [ '2.1.4' ],
74 silly audit   'es-abstract': [ '1.22.2' ],
74 silly audit   'es-array-method-boxes-properly': [ '1.0.0' ],
74 silly audit   'es-get-iterator': [ '1.1.3' ],
74 silly audit   'es-iterator-helpers': [ '1.0.15' ],
74 silly audit   'es-module-lexer': [ '1.3.1' ],
74 silly audit   'es-set-tostringtag': [ '2.0.1' ],
74 silly audit   'es-shim-unscopables': [ '1.0.0' ],
74 silly audit   'es-to-primitive': [ '1.2.1' ],
74 silly audit   escalade: [ '3.1.1' ],
74 silly audit   'escape-html': [ '1.0.3' ],
74 silly audit   escodegen: [ '2.1.0', '1.14.3' ],
74 silly audit   eslint: [ '8.51.0' ],
74 silly audit   'eslint-config-react-app': [ '7.0.1' ],
74 silly audit   'eslint-import-resolver-node': [ '0.3.9' ],
74 silly audit   'eslint-module-utils': [ '2.8.0' ],
74 silly audit   'eslint-plugin-flowtype': [ '8.0.3' ],
74 silly audit   'eslint-plugin-import': [ '2.28.1' ],
74 silly audit   'eslint-plugin-jest': [ '25.7.0' ],
74 silly audit   'eslint-plugin-jsx-a11y': [ '6.7.1' ],
74 silly audit   'eslint-plugin-react': [ '7.33.2' ],
74 silly audit   'eslint-plugin-react-hooks': [ '4.6.0' ],
74 silly audit   resolve: [ '2.0.0-next.4', '1.22.6' ],
74 silly audit   'eslint-plugin-testing-library': [ '5.11.1' ],
74 silly audit   'eslint-webpack-plugin': [ '3.2.0' ],
74 silly audit   'jest-worker': [ '28.1.3', '27.5.1', '26.6.2' ],
74 silly audit   espree: [ '9.6.1' ],
74 silly audit   esprima: [ '4.0.1', '1.2.2' ],
74 silly audit   esquery: [ '1.5.0' ],
74 silly audit   esrecurse: [ '4.3.0' ],
74 silly audit   'estree-walker': [ '1.0.1' ],
74 silly audit   esutils: [ '2.0.3' ],
74 silly audit   etag: [ '1.8.1' ],
74 silly audit   eventemitter3: [ '4.0.7' ],
74 silly audit   events: [ '3.3.0' ],
74 silly audit   evp_bytestokey: [ '1.0.3' ],
74 silly audit   execa: [ '5.1.1' ],
74 silly audit   exit: [ '0.1.2' ],
74 silly audit   express: [ '4.18.2' ],
74 silly audit   'fast-deep-equal': [ '3.1.3' ],
74 silly audit   'fast-glob': [ '3.3.1' ],
74 silly audit   'fast-json-stable-stringify': [ '2.1.0' ],
74 silly audit   'fast-levenshtein': [ '2.0.6' ],
74 silly audit   fastq: [ '1.15.0' ],
74 silly audit   'faye-websocket': [ '0.11.4' ],
74 silly audit   'fb-watchman': [ '2.0.2' ],
74 silly audit   'file-entry-cache': [ '6.0.1' ],
74 silly audit   'file-loader': [ '6.2.0' ],
74 silly audit   filelist: [ '1.0.4' ],
74 silly audit   minimatch: [ '5.1.6', '3.1.2' ],
74 silly audit   filesize: [ '8.0.7' ],
74 silly audit   'fill-range': [ '7.0.1' ],
74 silly audit   finalhandler: [ '1.2.0' ],
74 silly audit   'find-cache-dir': [ '3.3.2' ],
74 silly audit   'find-root': [ '1.1.0' ],
74 silly audit   'flat-cache': [ '3.1.1' ],
74 silly audit   flatted: [ '3.2.9' ],
74 silly audit   'focus-lock': [ '0.11.6' ],
74 silly audit   'follow-redirects': [ '1.15.3' ],
74 silly audit   'for-each': [ '0.3.3' ],
74 silly audit   'fork-ts-checker-webpack-plugin': [ '6.5.3' ],
74 silly audit   'fs-extra': [ '9.1.0', '10.1.0' ],
74 silly audit   tapable: [ '1.1.3', '2.2.1' ],
74 silly audit   'form-data': [ '3.0.1' ],
74 silly audit   forwarded: [ '0.2.0' ],
74 silly audit   'fraction.js': [ '4.3.6' ],
74 silly audit   'framer-motion': [ '10.16.4' ],
74 silly audit   framesync: [ '6.1.2' ],
74 silly audit   tslib: [ '2.4.0', '2.6.2', '1.14.1' ],
74 silly audit   fresh: [ '0.5.2' ],
74 silly audit   'fs-monkey': [ '1.0.5' ],
74 silly audit   'fs.realpath': [ '1.0.0' ],
74 silly audit   fsevents: [ '2.3.3' ],
74 silly audit   'function-bind': [ '1.1.1' ],
74 silly audit   'function.prototype.name': [ '1.1.6' ],
74 silly audit   'functions-have-names': [ '1.2.3' ],
74 silly audit   gensync: [ '1.0.0-beta.2' ],
74 silly audit   'get-caller-file': [ '2.0.5' ],
74 silly audit   'get-intrinsic': [ '1.2.1' ],
74 silly audit   'get-nonce': [ '1.0.1' ],
74 silly audit   'get-own-enumerable-property-symbols': [ '3.0.2' ],
74 silly audit   'get-package-type': [ '0.1.0' ],
74 silly audit   'get-stream': [ '6.0.1' ],
74 silly audit   'get-symbol-description': [ '1.0.0' ],
74 silly audit   glob: [ '7.2.3', '7.1.6' ],
74 silly audit   'glob-to-regexp': [ '0.4.1' ],
74 silly audit   'global-modules': [ '2.0.0' ],
74 silly audit   'global-prefix': [ '3.0.0' ],
74 silly audit   which: [ '1.3.1', '2.0.2' ],
74 silly audit   globalthis: [ '1.0.3' ],
74 silly audit   globby: [ '11.1.0' ],
74 silly audit   gopd: [ '1.0.1' ],
74 silly audit   'graceful-fs': [ '4.2.11' ],
74 silly audit   graphemer: [ '1.4.0' ],
74 silly audit   'gzip-size': [ '6.0.0' ],
74 silly audit   'handle-thing': [ '2.0.1' ],
74 silly audit   'harmony-reflect': [ '1.6.2' ],
74 silly audit   has: [ '1.0.4' ],
74 silly audit   'has-bigints': [ '1.0.2' ],
74 silly audit   'has-property-descriptors': [ '1.0.0' ],
74 silly audit   'has-proto': [ '1.0.1' ],
74 silly audit   'has-symbols': [ '1.0.3' ],
74 silly audit   'has-tostringtag': [ '1.0.0' ],
74 silly audit   'hash-base': [ '3.1.0' ],
74 silly audit   'hash.js': [ '1.1.7' ],
74 silly audit   he: [ '1.2.0' ],
74 silly audit   'hmac-drbg': [ '1.0.1' ],
74 silly audit   'hoist-non-react-statics': [ '3.3.2' ],
74 silly audit   hoopy: [ '0.1.4' ],
74 silly audit   'hpack.js': [ '2.1.6' ],
74 silly audit   isarray: [ '1.0.0', '2.0.5' ],
74 silly audit   'readable-stream': [ '2.3.8', '3.6.2' ],
74 silly audit   string_decoder: [ '1.1.1', '1.3.0' ],
74 silly audit   'html-encoding-sniffer': [ '2.0.1' ],
74 silly audit   'html-entities': [ '2.4.0' ],
74 silly audit   'html-escaper': [ '2.0.2' ],
74 silly audit   'html-minifier-terser': [ '6.1.0' ],
74 silly audit   'html-webpack-plugin': [ '5.5.3' ],
74 silly audit   htmlparser2: [ '6.1.0' ],
74 silly audit   'http-deceiver': [ '1.2.7' ],
74 silly audit   'http-errors': [ '2.0.0', '1.6.3' ],
74 silly audit   'http-parser-js': [ '0.5.8' ],
74 silly audit   'http-proxy': [ '1.18.1' ],
74 silly audit   'http-proxy-agent': [ '4.0.1' ],
74 silly audit   'http-proxy-middleware': [ '2.0.6' ],
74 silly audit   'https-browserify': [ '1.0.0' ],
74 silly audit   'https-proxy-agent': [ '5.0.1' ],
74 silly audit   'human-signals': [ '2.1.0' ],
74 silly audit   'icss-utils': [ '5.1.0' ],
74 silly audit   idb: [ '7.1.1' ],
74 silly audit   'identity-obj-proxy': [ '3.0.0' ],
74 silly audit   ieee754: [ '1.2.1' ],
74 silly audit   ignore: [ '5.2.4' ],
74 silly audit   immer: [ '9.0.21' ],
74 silly audit   'import-fresh': [ '3.3.0' ],
74 silly audit   'resolve-from': [ '4.0.0', '5.0.0' ],
74 silly audit   'import-local': [ '3.1.0' ],
74 silly audit   imurmurhash: [ '0.1.4' ],
74 silly audit   'indent-string': [ '4.0.0' ],
74 silly audit   inflight: [ '1.0.6' ],
74 silly audit   inherits: [ '2.0.4', '2.0.3' ],
74 silly audit   ini: [ '1.3.8' ],
74 silly audit   'internal-slot': [ '1.0.5' ],
74 silly audit   invariant: [ '2.2.4' ],
74 silly audit   'ipaddr.js': [ '2.1.0', '1.9.1' ],
74 silly audit   'is-arguments': [ '1.1.1' ],
74 silly audit   'is-array-buffer': [ '3.0.2' ],
74 silly audit   'is-arrayish': [ '0.2.1' ],
74 silly audit   'is-async-function': [ '2.0.0' ],
74 silly audit   'is-bigint': [ '1.0.4' ],
74 silly audit   'is-binary-path': [ '2.1.0' ],
74 silly audit   'is-boolean-object': [ '1.1.2' ],
74 silly audit   'is-callable': [ '1.2.7' ],
74 silly audit   'is-core-module': [ '2.13.0' ],
74 silly audit   'is-date-object': [ '1.0.5' ],
74 silly audit   'is-docker': [ '2.2.1' ],
74 silly audit   'is-extglob': [ '2.1.1' ],
74 silly audit   'is-finalizationregistry': [ '1.0.2' ],
74 silly audit   'is-fullwidth-code-point': [ '3.0.0' ],
74 silly audit   'is-generator-fn': [ '2.1.0' ],
74 silly audit   'is-generator-function': [ '1.0.10' ],
74 silly audit   'is-glob': [ '4.0.3' ],
74 silly audit   'is-map': [ '2.0.2' ],
74 silly audit   'is-module': [ '1.0.0' ],
74 silly audit   'is-negative-zero': [ '2.0.2' ],
74 silly audit   'is-number': [ '7.0.0' ],
74 silly audit   'is-number-object': [ '1.0.7' ],
74 silly audit   'is-obj': [ '1.0.1' ],
74 silly audit   'is-path-inside': [ '3.0.3' ],
74 silly audit   'is-plain-obj': [ '3.0.0' ],
74 silly audit   'is-potential-custom-element-name': [ '1.0.1' ],
74 silly audit   'is-regex': [ '1.1.4' ],
74 silly audit   'is-regexp': [ '1.0.0' ],
74 silly audit   'is-root': [ '2.1.0' ],
74 silly audit   'is-set': [ '2.0.2' ],
74 silly audit   'is-shared-array-buffer': [ '1.0.2' ],
74 silly audit   'is-stream': [ '2.0.1' ],
74 silly audit   'is-string': [ '1.0.7' ],
74 silly audit   'is-symbol': [ '1.0.4' ],
74 silly audit   'is-typed-array': [ '1.1.12' ],
74 silly audit   'is-typedarray': [ '1.0.0' ],
74 silly audit   'is-weakmap': [ '2.0.1' ],
74 silly audit   'is-weakref': [ '1.0.2' ],
74 silly audit   'is-weakset': [ '2.0.2' ],
74 silly audit   'is-wsl': [ '2.2.0' ],
74 silly audit   isexe: [ '2.0.0' ],
74 silly audit   'istanbul-lib-coverage': [ '3.2.0' ],
74 silly audit   'istanbul-lib-instrument': [ '5.2.1' ],
74 silly audit   'istanbul-lib-report': [ '3.0.1' ],
74 silly audit   'make-dir': [ '4.0.0', '3.1.0' ],
74 silly audit   'istanbul-lib-source-maps': [ '4.0.1' ],
74 silly audit   'istanbul-reports': [ '3.1.6' ],
74 silly audit   'iterator.prototype': [ '1.1.2' ],
74 silly audit   jake: [ '10.8.7' ],
74 silly audit   jest: [ '27.5.1' ],
74 silly audit   'jest-changed-files': [ '27.5.1' ],
74 silly audit   'jest-circus': [ '27.5.1' ],
74 silly audit   'jest-cli': [ '27.5.1' ],
74 silly audit   'jest-config': [ '27.5.1' ],
74 silly audit   'jest-docblock': [ '27.5.1' ],
74 silly audit   'jest-each': [ '27.5.1' ],
74 silly audit   'jest-environment-jsdom': [ '27.5.1' ],
74 silly audit   'jest-environment-node': [ '27.5.1' ],
74 silly audit   'jest-haste-map': [ '27.5.1' ],
74 silly audit   'jest-jasmine2': [ '27.5.1' ],
74 silly audit   'jest-leak-detector': [ '27.5.1' ],
74 silly audit   'jest-mock': [ '27.5.1' ],
74 silly audit   'jest-pnp-resolver': [ '1.2.3' ],
74 silly audit   'jest-regex-util': [ '27.5.1', '28.0.2' ],
74 silly audit   'jest-resolve': [ '27.5.1' ],
74 silly audit   'jest-resolve-dependencies': [ '27.5.1' ],
74 silly audit   'jest-runner': [ '27.5.1' ],
74 silly audit   'jest-runtime': [ '27.5.1' ],
74 silly audit   'jest-serializer': [ '27.5.1' ],
74 silly audit   'jest-snapshot': [ '27.5.1' ],
74 silly audit   'jest-validate': [ '27.5.1' ],
74 silly audit   'jest-watch-typeahead': [ '1.1.0' ],
74 silly audit   slash: [ '3.0.0', '4.0.0' ],
74 silly audit   'jest-watcher': [ '28.1.3', '27.5.1' ],
74 silly audit   'string-length': [ '4.0.2', '5.0.1' ],
74 silly audit   'strip-ansi': [ '6.0.1', '7.1.0' ],
74 silly audit   jiti: [ '1.20.0' ],
74 silly audit   jose: [ '4.15.4' ],
74 silly audit   'js-base64': [ '3.7.5' ],
74 silly audit   'js-sha256': [ '0.9.0' ],
74 silly audit   'js-tokens': [ '4.0.0' ],
74 silly audit   jsdom: [ '16.7.0' ],
74 silly audit   jsesc: [ '2.5.2', '0.5.0' ],
74 silly audit   'json-buffer': [ '3.0.1' ],
74 silly audit   'json-parse-even-better-errors': [ '2.3.1' ],
74 silly audit   'json-schema': [ '0.4.0' ],
74 silly audit   'json-stable-stringify-without-jsonify': [ '1.0.1' ],
74 silly audit   json5: [ '2.2.3', '1.0.2' ],
74 silly audit   jsonfile: [ '6.1.0' ],
74 silly audit   jsonpath: [ '1.1.1' ],
74 silly audit   jsonpointer: [ '5.0.1' ],
74 silly audit   jsonwebtoken: [ '9.0.2' ],
74 silly audit   'jsx-ast-utils': [ '3.3.5' ],
74 silly audit   jwa: [ '1.4.1' ],
74 silly audit   jws: [ '3.2.2' ],
74 silly audit   'jwt-decode': [ '4.0.0' ],
74 silly audit   'keycloak-js': [ '22.0.4' ],
74 silly audit   keyv: [ '4.5.4' ],
74 silly audit   'kind-of': [ '6.0.3' ],
74 silly audit   kleur: [ '3.0.3' ],
74 silly audit   klona: [ '2.0.6' ],
74 silly audit   'language-subtag-registry': [ '0.3.22' ],
74 silly audit   'language-tags': [ '1.0.5' ],
74 silly audit   'launch-editor': [ '2.6.1' ],
74 silly audit   leven: [ '3.1.0' ],
74 silly audit   levn: [ '0.4.1', '0.3.0' ],
74 silly audit   lilconfig: [ '2.1.0' ],
74 silly audit   'lines-and-columns': [ '1.2.4' ],
74 silly audit   'loader-runner': [ '4.3.0' ],
74 silly audit   'loader-utils': [ '2.0.4', '3.2.1' ],
74 silly audit   lodash: [ '4.17.21' ],
74 silly audit   'lodash.debounce': [ '4.0.8' ],
74 silly audit   'lodash.includes': [ '4.3.0' ],
74 silly audit   'lodash.isboolean': [ '3.0.3' ],
74 silly audit   'lodash.isinteger': [ '4.0.4' ],
74 silly audit   'lodash.isnumber': [ '3.0.3' ],
74 silly audit   'lodash.isplainobject': [ '4.0.6' ],
74 silly audit   'lodash.isstring': [ '4.0.1' ],
74 silly audit   'lodash.memoize': [ '4.1.2' ],
74 silly audit   'lodash.merge': [ '4.6.2' ],
74 silly audit   'lodash.mergewith': [ '4.6.2' ],
74 silly audit   'lodash.once': [ '4.1.1' ],
74 silly audit   'lodash.sortby': [ '4.7.0' ],
74 silly audit   'lodash.uniq': [ '4.5.0' ],
74 silly audit   'loose-envify': [ '1.4.0' ],
74 silly audit   'lower-case': [ '2.0.2' ],
74 silly audit   'lru-cache': [ '5.1.1', '6.0.0' ],
74 silly audit   'lz-string': [ '1.5.0' ],
74 silly audit   'magic-string': [ '0.25.9' ],
74 silly audit   makeerror: [ '1.0.12' ],
74 silly audit   'md5.js': [ '1.3.5' ],
74 silly audit   'media-typer': [ '0.3.0' ],
74 silly audit   memfs: [ '3.5.3' ],
74 silly audit   'merge-descriptors': [ '1.0.1' ],
74 silly audit   'merge-stream': [ '2.0.0' ],
74 silly audit   merge2: [ '1.4.1' ],
74 silly audit   methods: [ '1.1.2' ],
74 silly audit   micromatch: [ '4.0.5' ],
74 silly audit   'miller-rabin': [ '4.0.1' ],
74 silly audit   mime: [ '1.6.0' ],
74 silly audit   'mime-db': [ '1.52.0' ],
74 silly audit   'mime-types': [ '2.1.35' ],
74 silly audit   'mimic-fn': [ '2.1.0' ],
74 silly audit   'min-indent': [ '1.0.1' ],
74 silly audit   'mini-css-extract-plugin': [ '2.7.6' ],
74 silly audit   'minimalistic-assert': [ '1.0.1' ],
74 silly audit   'minimalistic-crypto-utils': [ '1.0.1' ],
74 silly audit   minimist: [ '1.2.8' ],
74 silly audit   mkdirp: [ '0.5.6' ],
74 silly audit   'multicast-dns': [ '7.2.5' ],
74 silly audit   mz: [ '2.7.0' ],
74 silly audit   nanoid: [ '3.3.6' ],
74 silly audit   'natural-compare': [ '1.4.0' ],
74 silly audit   'natural-compare-lite': [ '1.4.0' ],
74 silly audit   negotiator: [ '0.6.3' ],
74 silly audit   'neo-async': [ '2.6.2' ],
74 silly audit   'no-case': [ '3.0.4' ],
74 silly audit   'node-forge': [ '1.3.1' ],
74 silly audit   'node-gyp-build-optional-packages': [ '5.0.3' ],
74 silly audit   'node-int64': [ '0.4.0' ],
74 silly audit   'node-releases': [ '2.0.13' ],
74 silly audit   'normalize-path': [ '3.0.0' ],
74 silly audit   'normalize-range': [ '0.1.2' ],
74 silly audit   'normalize-url': [ '6.1.0' ],
74 silly audit   'npm-run-path': [ '4.0.1' ],
74 silly audit   'nth-check': [ '2.1.1', '1.0.2' ],
74 silly audit   nwsapi: [ '2.2.7' ],
74 silly audit   'object-assign': [ '4.1.1' ],
74 silly audit   'object-hash': [ '3.0.0' ],
74 silly audit   'object-inspect': [ '1.12.3' ],
74 silly audit   'object-is': [ '1.1.5' ],
74 silly audit   'object-keys': [ '1.1.1' ],
74 silly audit   'object.assign': [ '4.1.4' ],
74 silly audit   'object.entries': [ '1.1.7' ],
74 silly audit   'object.fromentries': [ '2.0.7' ],
74 silly audit   'object.getownpropertydescriptors': [ '2.1.7' ],
74 silly audit   'object.groupby': [ '1.0.1' ],
74 silly audit   'object.hasown': [ '1.1.3' ],
74 silly audit   'object.values': [ '1.1.7' ],
74 silly audit   obuf: [ '1.1.2' ],
74 silly audit   'on-finished': [ '2.4.1' ],
74 silly audit   'on-headers': [ '1.0.2' ],
74 silly audit   once: [ '1.4.0' ],
74 silly audit   onetime: [ '5.1.2' ],
74 silly audit   open: [ '8.4.2' ],
74 silly audit   optionator: [ '0.9.3', '0.8.3' ],
74 silly audit   'os-browserify': [ '0.3.0' ],
74 silly audit   'p-retry': [ '4.6.2' ],
74 silly audit   'p-try': [ '2.2.0' ],
74 silly audit   'param-case': [ '3.0.4' ],
74 silly audit   'parent-module': [ '1.0.1' ],
74 silly audit   'parse-asn1': [ '5.1.6' ],
74 silly audit   'parse-json': [ '5.2.0' ],
74 silly audit   parse5: [ '6.0.1' ],
74 silly audit   parseurl: [ '1.3.3' ],
74 silly audit   'pascal-case': [ '3.1.2' ],
74 silly audit   'path-exists': [ '4.0.0', '3.0.0' ],
74 silly audit   'path-is-absolute': [ '1.0.1' ],
74 silly audit   'path-key': [ '3.1.1' ],
74 silly audit   'path-parse': [ '1.0.7' ],
74 silly audit   'path-to-regexp': [ '0.1.7' ],
74 silly audit   'path-type': [ '4.0.0' ],
74 silly audit   pbkdf2: [ '3.1.2' ],
74 silly audit   'performance-now': [ '2.1.0' ],
74 silly audit   picocolors: [ '1.0.0', '0.2.1' ],
74 silly audit   picomatch: [ '2.3.1' ],
74 silly audit   pify: [ '2.3.0' ],
74 silly audit   pirates: [ '4.0.6' ],
74 silly audit   'pkg-dir': [ '4.2.0' ],
74 silly audit   'pkg-up': [ '3.1.0' ],
74 silly audit   pkijs: [ '3.0.15' ],
74 silly audit   postcss: [ '8.4.31', '7.0.39' ],
74 silly audit   'postcss-attribute-case-insensitive': [ '5.0.2' ],
74 silly audit   'postcss-browser-comments': [ '4.0.0' ],
74 silly audit   'postcss-calc': [ '8.2.4' ],
74 silly audit   'postcss-clamp': [ '4.1.0' ],
74 silly audit   'postcss-color-functional-notation': [ '4.2.4' ],
74 silly audit   'postcss-color-hex-alpha': [ '8.0.4' ],
74 silly audit   'postcss-color-rebeccapurple': [ '7.1.1' ],
74 silly audit   'postcss-colormin': [ '5.3.1' ],
74 silly audit   'postcss-convert-values': [ '5.1.3' ],
74 silly audit   'postcss-custom-media': [ '8.0.2' ],
74 silly audit   'postcss-custom-properties': [ '12.1.11' ],
74 silly audit   'postcss-custom-selectors': [ '6.0.3' ],
74 silly audit   'postcss-dir-pseudo-class': [ '6.0.5' ],
74 silly audit   'postcss-discard-comments': [ '5.1.2' ],
74 silly audit   'postcss-discard-duplicates': [ '5.1.0' ],
74 silly audit   'postcss-discard-empty': [ '5.1.1' ],
74 silly audit   'postcss-discard-overridden': [ '5.1.0' ],
74 silly audit   'postcss-double-position-gradients': [ '3.1.2' ],
74 silly audit   'postcss-env-function': [ '4.0.6' ],
74 silly audit   'postcss-flexbugs-fixes': [ '5.0.2' ],
74 silly audit   'postcss-focus-visible': [ '6.0.4' ],
74 silly audit   'postcss-focus-within': [ '5.0.4' ],
74 silly audit   'postcss-font-variant': [ '5.0.0' ],
74 silly audit   'postcss-gap-properties': [ '3.0.5' ],
74 silly audit   'postcss-image-set-function': [ '4.0.7' ],
74 silly audit   'postcss-import': [ '15.1.0' ],
74 silly audit   'postcss-initial': [ '4.0.1' ],
74 silly audit   'postcss-js': [ '4.0.1' ],
74 silly audit   'postcss-lab-function': [ '4.2.1' ],
74 silly audit   'postcss-load-config': [ '4.0.1' ],
74 silly audit   yaml: [ '2.3.2', '1.10.2' ],
74 silly audit   'postcss-loader': [ '6.2.1' ],
74 silly audit   'postcss-logical': [ '5.0.4' ],
74 silly audit   'postcss-media-minmax': [ '5.0.0' ],
74 silly audit   'postcss-merge-longhand': [ '5.1.7' ],
74 silly audit   'postcss-merge-rules': [ '5.1.4' ],
74 silly audit   'postcss-minify-font-values': [ '5.1.0' ],
74 silly audit   'postcss-minify-gradients': [ '5.1.1' ],
74 silly audit   'postcss-minify-params': [ '5.1.4' ],
74 silly audit   'postcss-minify-selectors': [ '5.2.1' ],
74 silly audit   'postcss-modules-extract-imports': [ '3.0.0' ],
74 silly audit   'postcss-modules-local-by-default': [ '4.0.3' ],
74 silly audit   'postcss-modules-scope': [ '3.0.0' ],
74 silly audit   'postcss-modules-values': [ '4.0.0' ],
74 silly audit   'postcss-nested': [ '6.0.1' ],
74 silly audit   'postcss-nesting': [ '10.2.0' ],
74 silly audit   'postcss-normalize': [ '10.0.1' ],
74 silly audit   'postcss-normalize-charset': [ '5.1.0' ],
74 silly audit   'postcss-normalize-display-values': [ '5.1.0' ],
74 silly audit   'postcss-normalize-positions': [ '5.1.1' ],
74 silly audit   'postcss-normalize-repeat-style': [ '5.1.1' ],
74 silly audit   'postcss-normalize-string': [ '5.1.0' ],
74 silly audit   'postcss-normalize-timing-functions': [ '5.1.0' ],
74 silly audit   'postcss-normalize-unicode': [ '5.1.1' ],
74 silly audit   'postcss-normalize-url': [ '5.1.0' ],
74 silly audit   'postcss-normalize-whitespace': [ '5.1.1' ],
74 silly audit   'postcss-opacity-percentage': [ '1.1.3' ],
74 silly audit   'postcss-ordered-values': [ '5.1.3' ],
74 silly audit   'postcss-overflow-shorthand': [ '3.0.4' ],
74 silly audit   'postcss-page-break': [ '3.0.4' ],
74 silly audit   'postcss-place': [ '7.0.5' ],
74 silly audit   'postcss-preset-env': [ '7.8.3' ],
74 silly audit   'postcss-pseudo-class-any-link': [ '7.1.6' ],
74 silly audit   'postcss-reduce-initial': [ '5.1.2' ],
74 silly audit   'postcss-reduce-transforms': [ '5.1.0' ],
74 silly audit   'postcss-replace-overflow-wrap': [ '4.0.0' ],
74 silly audit   'postcss-selector-not': [ '6.0.1' ],
74 silly audit   'postcss-selector-parser': [ '6.0.13' ],
74 silly audit   'postcss-svgo': [ '5.1.0' ],
74 silly audit   svgo: [ '2.8.0', '1.3.2' ],
74 silly audit   'postcss-unique-selectors': [ '5.1.1' ],
74 silly audit   'postcss-value-parser': [ '4.2.0' ],
74 silly audit   'prelude-ls': [ '1.2.1', '1.1.2' ],
74 silly audit   'pretty-bytes': [ '5.6.0' ],
74 silly audit   'pretty-error': [ '4.0.0' ],
74 silly audit   'process-nextick-args': [ '2.0.1' ],
74 silly audit   promise: [ '8.3.0' ],
74 silly audit   prompts: [ '2.4.2' ],
74 silly audit   'prop-types': [ '15.8.1' ],
74 silly audit   'proxy-addr': [ '2.0.7' ],
74 silly audit   psl: [ '1.9.0' ],
74 silly audit   'public-encrypt': [ '4.0.3' ],
74 silly audit   punycode: [ '2.3.0' ],
74 silly audit   pvtsutils: [ '1.3.5' ],
74 silly audit   pvutils: [ '1.1.3' ],
74 silly audit   q: [ '1.5.1' ],
74 silly audit   qs: [ '6.11.0' ],
74 silly audit   querystringify: [ '2.2.0' ],
74 silly audit   'queue-microtask': [ '1.2.3' ],
74 silly audit   raf: [ '3.4.1' ],
74 silly audit   randombytes: [ '2.1.0' ],
74 silly audit   randomfill: [ '1.0.4' ],
74 silly audit   'range-parser': [ '1.2.1' ],
74 silly audit   'raw-body': [ '2.5.1' ],
74 silly audit   react: [ '18.2.0' ],
74 silly audit   'react-app-polyfill': [ '3.0.0' ],
74 silly audit   'regenerator-runtime': [ '0.13.11', '0.14.0' ],
74 silly audit   'react-app-rewired': [ '2.2.1' ],
74 silly audit   'react-clientside-effect': [ '1.2.6' ],
74 silly audit   'react-dev-utils': [ '12.0.1' ],
74 silly audit   'react-dom': [ '18.2.0' ],
74 silly audit   'react-error-overlay': [ '6.0.11' ],
74 silly audit   'react-fast-compare': [ '3.2.2' ],
74 silly audit   'react-focus-lock': [ '2.9.5' ],
74 silly audit   'react-refresh': [ '0.11.0' ],
74 silly audit   'react-remove-scroll': [ '2.5.7' ],
74 silly audit   'react-remove-scroll-bar': [ '2.3.4' ],
74 silly audit   'react-router': [ '6.18.0' ],
74 silly audit   'react-router-dom': [ '6.18.0' ],
74 silly audit   'react-scripts': [ '5.0.1' ],
74 silly audit   'react-style-singleton': [ '2.2.1' ],
74 silly audit   'read-cache': [ '1.0.0' ],
74 silly audit   readdirp: [ '3.6.0' ],
74 silly audit   'recursive-readdir': [ '2.2.3' ],
74 silly audit   redent: [ '3.0.0' ],
74 silly audit   'reflect.getprototypeof': [ '1.0.4' ],
74 silly audit   regenerate: [ '1.4.2' ],
74 silly audit   'regenerate-unicode-properties': [ '10.1.1' ],
74 silly audit   'regenerator-transform': [ '0.15.2' ],
74 silly audit   'regex-parser': [ '2.2.11' ],
74 silly audit   'regexp.prototype.flags': [ '1.5.1' ],
74 silly audit   'regexpu-core': [ '5.3.2' ],
74 silly audit   regjsparser: [ '0.9.1' ],
74 silly audit   relateurl: [ '0.2.7' ],
74 silly audit   renderkid: [ '3.0.0' ],
74 silly audit   'require-directory': [ '2.1.1' ],
74 silly audit   'require-from-string': [ '2.0.2' ],
74 silly audit   'requires-port': [ '1.0.0' ],
74 silly audit   'resolve-cwd': [ '3.0.0' ],
74 silly audit   'resolve-url-loader': [ '4.0.0' ],
74 silly audit   'resolve.exports': [ '1.1.1' ],
74 silly audit   retry: [ '0.13.1' ],
74 silly audit   reusify: [ '1.0.4' ],
74 silly audit   rimraf: [ '3.0.2' ],
74 silly audit   ripemd160: [ '2.0.2' ],
74 silly audit   rollup: [ '2.79.1' ],
74 silly audit   'rollup-plugin-terser': [ '7.0.2' ],
74 silly audit   'serialize-javascript': [ '4.0.0', '6.0.1' ],
74 silly audit   'run-parallel': [ '1.2.0' ],
74 silly audit   'safe-array-concat': [ '1.0.1' ],
74 silly audit   'safe-regex-test': [ '1.0.0' ],
74 silly audit   'safer-buffer': [ '2.1.2' ],
74 silly audit   'sanitize.css': [ '13.0.0' ],
74 silly audit   'sass-loader': [ '12.6.0' ],
74 silly audit   sax: [ '1.2.4' ],
74 silly audit   saxes: [ '5.0.1' ],
74 silly audit   scheduler: [ '0.23.0' ],
74 silly audit   'select-hose': [ '2.0.0' ],
74 silly audit   selfsigned: [ '2.1.1' ],
74 silly audit   yallist: [ '4.0.0', '3.1.1' ],
74 silly audit   send: [ '0.18.0' ],
74 silly audit   'serve-index': [ '1.9.1' ],
74 silly audit   setprototypeof: [ '1.1.0', '1.2.0' ],
74 silly audit   statuses: [ '1.5.0', '2.0.1' ],
74 silly audit   'serve-static': [ '1.15.0' ],
74 silly audit   'set-function-name': [ '2.0.1' ],
74 silly audit   'sha.js': [ '2.4.11' ],
74 silly audit   'shebang-command': [ '2.0.0' ],
74 silly audit   'shebang-regex': [ '3.0.0' ],
74 silly audit   'shell-quote': [ '1.8.1' ],
74 silly audit   'side-channel': [ '1.0.4' ],
74 silly audit   'signal-exit': [ '3.0.7' ],
74 silly audit   sisteransi: [ '1.0.5' ],
74 silly audit   sockjs: [ '0.3.24' ],
74 silly audit   'source-list-map': [ '2.0.1' ],
74 silly audit   'source-map-js': [ '1.0.2' ],
74 silly audit   'source-map-loader': [ '3.0.2' ],
74 silly audit   'source-map-support': [ '0.5.21' ],
74 silly audit   'sourcemap-codec': [ '1.4.8' ],
74 silly audit   spdy: [ '4.0.2' ],
74 silly audit   'spdy-transport': [ '3.0.0' ],
74 silly audit   'sprintf-js': [ '1.0.3' ],
74 silly audit   stable: [ '0.1.8' ],
74 silly audit   'stack-utils': [ '2.0.6' ],
74 silly audit   stackframe: [ '1.3.4' ],
74 silly audit   'static-eval': [ '2.0.2' ],
74 silly audit   'type-check': [ '0.3.2', '0.4.0' ],
74 silly audit   'stop-iteration-iterator': [ '1.0.0' ],
74 silly audit   stream: [ '0.0.2' ],
74 silly audit   'stream-browserify': [ '3.0.0' ],
74 silly audit   'stream-http': [ '3.2.0' ],
74 silly audit   'string-natural-compare': [ '3.0.1' ],
74 silly audit   'string-width': [ '4.2.3' ],
74 silly audit   'string.prototype.matchall': [ '4.0.10' ],
74 silly audit   'string.prototype.trim': [ '1.2.8' ],
74 silly audit   'string.prototype.trimend': [ '1.0.7' ],
74 silly audit   'string.prototype.trimstart': [ '1.0.7' ],
74 silly audit   'stringify-object': [ '3.3.0' ],
74 silly audit   'strip-bom': [ '4.0.0', '3.0.0' ],
74 silly audit   'strip-comments': [ '2.0.1' ],
74 silly audit   'strip-final-newline': [ '2.0.0' ],
74 silly audit   'strip-indent': [ '3.0.0' ],
74 silly audit   'strip-json-comments': [ '3.1.1' ],
74 silly audit   'style-loader': [ '3.3.3' ],
74 silly audit   stylehacks: [ '5.1.1' ],
74 silly audit   stylis: [ '4.2.0' ],
74 silly audit   sucrase: [ '3.34.0' ],
74 silly audit   'supports-hyperlinks': [ '2.3.0' ],
74 silly audit   'supports-preserve-symlinks-flag': [ '1.0.0' ],
74 silly audit   'svg-parser': [ '2.0.4' ],
74 silly audit   'symbol-tree': [ '3.2.4' ],
74 silly audit   tailwindcss: [ '3.3.3' ],
74 silly audit   'temp-dir': [ '2.0.0' ],
74 silly audit   tempy: [ '0.6.0' ],
74 silly audit   'terminal-link': [ '2.1.1' ],
74 silly audit   terser: [ '5.21.0' ],
74 silly audit   'terser-webpack-plugin': [ '5.3.9' ],
74 silly audit   'test-exclude': [ '6.0.0' ],
74 silly audit   'text-table': [ '0.2.0' ],
74 silly audit   thenify: [ '3.3.1' ],
74 silly audit   'thenify-all': [ '1.6.0' ],
74 silly audit   throat: [ '6.0.2' ],
74 silly audit   thunky: [ '1.1.0' ],
74 silly audit   'tiny-invariant': [ '1.3.1' ],
74 silly audit   tldts: [ '6.0.23' ],
74 silly audit   'tldts-core': [ '6.1.0' ],
74 silly audit   tmpl: [ '1.0.5' ],
74 silly audit   'to-fast-properties': [ '2.0.0' ],
74 silly audit   'to-regex-range': [ '5.0.1' ],
74 silly audit   'toggle-selection': [ '1.0.6' ],
74 silly audit   toidentifier: [ '1.0.1' ],
74 silly audit   'tough-cookie': [ '4.1.3' ],
74 silly audit   universalify: [ '0.2.0', '2.0.0' ],
74 silly audit   tr46: [ '2.1.0', '1.0.1' ],
74 silly audit   tryer: [ '1.0.1' ],
74 silly audit   'ts-interface-checker': [ '0.1.13' ],
74 silly audit   'tsconfig-paths': [ '3.14.2' ],
74 silly audit   tsutils: [ '3.21.0' ],
74 silly audit   'type-detect': [ '4.0.8' ],
74 silly audit   'type-is': [ '1.6.18' ],
74 silly audit   'typed-array-buffer': [ '1.0.0' ],
74 silly audit   'typed-array-byte-length': [ '1.0.0' ],
74 silly audit   'typed-array-byte-offset': [ '1.0.0' ],
74 silly audit   'typed-array-length': [ '1.0.4' ],
74 silly audit   'typedarray-to-buffer': [ '3.1.5' ],
74 silly audit   typescript: [ '4.9.5' ],
74 silly audit   'unbox-primitive': [ '1.0.2' ],
74 silly audit   underscore: [ '1.12.1' ],
74 silly audit   'undici-types': [ '5.25.3' ],
74 silly audit   'unicode-canonical-property-names-ecmascript': [ '2.0.0' ],
74 silly audit   'unicode-match-property-ecmascript': [ '2.0.0' ],
74 silly audit   'unicode-match-property-value-ecmascript': [ '2.1.0' ],
74 silly audit   'unicode-property-aliases-ecmascript': [ '2.1.0' ],
74 silly audit   'unique-string': [ '2.0.0' ],
74 silly audit   unpipe: [ '1.0.0' ],
74 silly audit   unquote: [ '1.1.1' ],
74 silly audit   upath: [ '1.2.0' ],
74 silly audit   'update-browserslist-db': [ '1.0.13' ],
74 silly audit   'uri-js': [ '4.4.1' ],
74 silly audit   'url-parse': [ '1.5.10' ],
74 silly audit   'use-callback-ref': [ '1.3.0' ],
74 silly audit   'use-sidecar': [ '1.1.2' ],
74 silly audit   util: [ '0.12.5' ],
74 silly audit   'util-deprecate': [ '1.0.2' ],
74 silly audit   'util.promisify': [ '1.0.1' ],
74 silly audit   utila: [ '0.4.0' ],
74 silly audit   'utils-merge': [ '1.0.1' ],
74 silly audit   uuid: [ '8.3.2' ],
74 silly audit   'v8-to-istanbul': [ '8.1.1' ],
74 silly audit   vary: [ '1.1.2' ],
74 silly audit   'w3c-hr-time': [ '1.0.2' ],
74 silly audit   'w3c-xmlserializer': [ '2.0.0' ],
74 silly audit   walker: [ '1.0.8' ],
74 silly audit   watchpack: [ '2.4.0' ],
74 silly audit   wbuf: [ '1.7.3' ],
74 silly audit   'web-vitals': [ '2.1.4' ],
74 silly audit   'webcrypto-core': [ '1.7.7' ],
74 silly audit   webpack: [ '5.88.2' ],
74 silly audit   'webpack-dev-middleware': [ '5.3.3' ],
74 silly audit   'webpack-dev-server': [ '4.15.1' ],
74 silly audit   ws: [ '8.14.2', '7.5.9' ],
74 silly audit   'webpack-manifest-plugin': [ '4.1.1' ],
74 silly audit   'webpack-sources': [ '2.3.1', '3.2.3', '1.4.3' ],
74 silly audit   'websocket-driver': [ '0.7.4' ],
74 silly audit   'websocket-extensions': [ '0.1.4' ],
74 silly audit   'whatwg-encoding': [ '1.0.5' ],
74 silly audit   'whatwg-fetch': [ '3.6.19' ],
74 silly audit   'whatwg-mimetype': [ '2.3.0' ],
74 silly audit   'whatwg-url': [ '8.7.0', '7.1.0' ],
74 silly audit   'which-boxed-primitive': [ '1.0.2' ],
74 silly audit   'which-builtin-type': [ '1.1.3' ],
74 silly audit   'which-collection': [ '1.0.1' ],
74 silly audit   'which-typed-array': [ '1.1.11' ],
74 silly audit   'word-wrap': [ '1.2.5' ],
74 silly audit   'workbox-background-sync': [ '6.6.0' ],
74 silly audit   'workbox-broadcast-update': [ '6.6.0' ],
74 silly audit   'workbox-build': [ '6.6.0' ],
74 silly audit   '@apideck/better-ajv-errors': [ '0.3.6' ],
74 silly audit   'workbox-cacheable-response': [ '6.6.0' ],
74 silly audit   'workbox-core': [ '6.6.0' ],
74 silly audit   'workbox-expiration': [ '6.6.0' ],
74 silly audit   'workbox-google-analytics': [ '6.6.0' ],
74 silly audit   'workbox-navigation-preload': [ '6.6.0' ],
74 silly audit   'workbox-precaching': [ '6.6.0' ],
74 silly audit   'workbox-range-requests': [ '6.6.0' ],
74 silly audit   'workbox-recipes': [ '6.6.0' ],
74 silly audit   'workbox-routing': [ '6.6.0' ],
74 silly audit   'workbox-strategies': [ '6.6.0' ],
74 silly audit   'workbox-streams': [ '6.6.0' ],
74 silly audit   'workbox-sw': [ '6.6.0' ],
74 silly audit   'workbox-webpack-plugin': [ '6.6.0' ],
74 silly audit   'workbox-window': [ '6.6.0' ],
74 silly audit   'wrap-ansi': [ '7.0.0' ],
74 silly audit   wrappy: [ '1.0.2' ],
74 silly audit   'write-file-atomic': [ '3.0.3' ],
74 silly audit   'xml-name-validator': [ '3.0.0' ],
74 silly audit   xmlchars: [ '2.2.0' ],
74 silly audit   xtend: [ '4.0.2' ],
74 silly audit   y18n: [ '5.0.8' ],
74 silly audit   yargs: [ '16.2.0' ],
74 silly audit   'yargs-parser': [ '20.2.9' ],
74 silly audit   'yocto-queue': [ '0.1.0' ],
74 silly audit   'fido2-lib': [ '3.4.3' ]
74 silly audit }
75 verbose reify failed optional dependency /home/zta/login-protocol/node_modules/fsevents
76 silly reify mark deleted [ '/home/zta/login-protocol/node_modules/fsevents' ]
77 verbose reify failed optional dependency /home/zta/login-protocol/node_modules/@cbor-extract/cbor-extract-win32-x64
78 silly reify mark deleted [
78 silly reify   '/home/zta/login-protocol/node_modules/@cbor-extract/cbor-extract-win32-x64'
78 silly reify ]
79 verbose reify failed optional dependency /home/zta/login-protocol/node_modules/@cbor-extract/cbor-extract-linux-arm64
80 silly reify mark deleted [
80 silly reify   '/home/zta/login-protocol/node_modules/@cbor-extract/cbor-extract-linux-arm64'
80 silly reify ]
81 verbose reify failed optional dependency /home/zta/login-protocol/node_modules/@cbor-extract/cbor-extract-linux-arm
82 silly reify mark deleted [
82 silly reify   '/home/zta/login-protocol/node_modules/@cbor-extract/cbor-extract-linux-arm'
82 silly reify ]
83 verbose reify failed optional dependency /home/zta/login-protocol/node_modules/@cbor-extract/cbor-extract-darwin-x64
84 silly reify mark deleted [
84 silly reify   '/home/zta/login-protocol/node_modules/@cbor-extract/cbor-extract-darwin-x64'
84 silly reify ]
85 verbose reify failed optional dependency /home/zta/login-protocol/node_modules/@cbor-extract/cbor-extract-darwin-arm64
86 silly reify mark deleted [
86 silly reify   '/home/zta/login-protocol/node_modules/@cbor-extract/cbor-extract-darwin-arm64'
86 silly reify ]
87 timing reifyNode:node_modules/fsevents Completed in 9ms
88 timing reifyNode:node_modules/@cbor-extract/cbor-extract-win32-x64 Completed in 8ms
89 timing reifyNode:node_modules/@cbor-extract/cbor-extract-linux-arm64 Completed in 9ms
90 timing reifyNode:node_modules/@cbor-extract/cbor-extract-linux-arm Completed in 8ms
91 timing reifyNode:node_modules/@cbor-extract/cbor-extract-darwin-x64 Completed in 8ms
92 timing reifyNode:node_modules/@cbor-extract/cbor-extract-darwin-arm64 Completed in 7ms
93 timing reify:unpack Completed in 10ms
94 timing reify:unretire Completed in 0ms
95 timing build:queue Completed in 6ms
96 timing build:deps Completed in 7ms
97 timing build Completed in 8ms
98 timing reify:build Completed in 9ms
99 timing reify:trash Completed in 24ms
100 timing reify:save Completed in 522ms
101 http fetch POST 200 https://registry.npmjs.org/-/npm/v1/security/advisories/bulk 780ms
102 timing auditReport:getReport Completed in 821ms
103 silly audit report {
103 silly audit report   '@adobe/css-tools': [
103 silly audit report     {
103 silly audit report       id: 1095241,
103 silly audit report       url: 'https://github.com/advisories/GHSA-prr3-c3m5-p7q2',
103 silly audit report       title: '@adobe/css-tools Improper Input Validation and Inefficient Regular Expression Complexity',
103 silly audit report       severity: 'moderate',
103 silly audit report       vulnerable_versions: '<4.3.2',
103 silly audit report       cwe: [Array],
103 silly audit report       cvss: [Object]
103 silly audit report     }
103 silly audit report   ],
103 silly audit report   '@babel/traverse': [
103 silly audit report     {
103 silly audit report       id: 1095212,
103 silly audit report       url: 'https://github.com/advisories/GHSA-67hx-6x53-jw92',
103 silly audit report       title: 'Babel vulnerable to arbitrary code execution when compiling specifically crafted malicious code',
103 silly audit report       severity: 'critical',
103 silly audit report       vulnerable_versions: '<7.23.2',
103 silly audit report       cwe: [Array],
103 silly audit report       cvss: [Object]
103 silly audit report     }
103 silly audit report   ],
103 silly audit report   'browserify-sign': [
103 silly audit report     {
103 silly audit report       id: 1094516,
103 silly audit report       url: 'https://github.com/advisories/GHSA-x9w5-v3q2-3rhw',
103 silly audit report       title: 'browserify-sign upper bound check issue in `dsaVerify` leads to a signature forgery attack',
103 silly audit report       severity: 'high',
103 silly audit report       vulnerable_versions: '>=2.6.0 <=4.2.1',
103 silly audit report       cwe: [Array],
103 silly audit report       cvss: [Object]
103 silly audit report     }
103 silly audit report   ],
103 silly audit report   'crypto-js': [
103 silly audit report     {
103 silly audit report       id: 1094982,
103 silly audit report       url: 'https://github.com/advisories/GHSA-xwcq-pm8m-c4vf',
103 silly audit report       title: 'crypto-js PBKDF2 1,000 times weaker than specified in 1993 and 1.3M times weaker than current standard',
103 silly audit report       severity: 'critical',
103 silly audit report       vulnerable_versions: '<4.2.0',
103 silly audit report       cwe: [Array],
103 silly audit report       cvss: [Object]
103 silly audit report     }
103 silly audit report   ],
103 silly audit report   'nth-check': [
103 silly audit report     {
103 silly audit report       id: 1095141,
103 silly audit report       url: 'https://github.com/advisories/GHSA-rp65-9cf3-cjxr',
103 silly audit report       title: 'Inefficient Regular Expression Complexity in nth-check',
103 silly audit report       severity: 'high',
103 silly audit report       vulnerable_versions: '<2.0.1',
103 silly audit report       cwe: [Array],
103 silly audit report       cvss: [Object]
103 silly audit report     }
103 silly audit report   ],
103 silly audit report   postcss: [
103 silly audit report     {
103 silly audit report       id: 1094544,
103 silly audit report       url: 'https://github.com/advisories/GHSA-7fh5-64p2-3v2j',
103 silly audit report       title: 'PostCSS line return parsing error',
103 silly audit report       severity: 'moderate',
103 silly audit report       vulnerable_versions: '<8.4.31',
103 silly audit report       cwe: [Array],
103 silly audit report       cvss: [Object]
103 silly audit report     }
103 silly audit report   ]
103 silly audit report }
104 timing metavuln:cache:get:security-advisory:@adobe/css-tools:vf+1/hbX+FTcwUl2lBGuRtQsB6zq5QGU00yHiZplPdgfj1z2nmYW2bKmbDMUe5eUKJOt5/Rf1rNcj76X0pheuw== Completed in 32ms
105 timing metavuln:cache:get:security-advisory:browserify-sign:V+dDN+DSK+WbSEh84iHRQzt8VVn27bQeThqupmQye8Sc614BKKTLEUYBaBnYC6hLn6hk90bLvvSqzi2zRpU70Q== Completed in 49ms
106 timing metavuln:cache:get:security-advisory:crypto-js:EApOBEDkkffCHj0LHGRONImrKAD6p3zWsg6RwP9DRqa2I3Q0ieUHOrvqrjZ64Mz3UkrULgOZE41DntDEq37Dwg== Completed in 50ms
107 timing metavuln:cache:get:security-advisory:nth-check:u9kIbs88jjqPq0zHVBinwei/KZ5GCRRfUp85vuDQlT/Si01qI5XVVQOSRujFCbyFsnHqETob3CApPmYQZ74K2A== Completed in 50ms
108 timing metavuln:cache:get:security-advisory:@babel/traverse:eVC8tMZq0qKdaOZm1sHgC9qR3kEsBdTg/C2O2QMDbnXScBu9RBine4TVy2AVcopLV4N291I2am7uCtbE28hshA== Completed in 53ms
109 timing metavuln:cache:get:security-advisory:postcss:ylHlqxOD5gx7vcQurwTZyQHJsodRCM2yV95izcDPSahj+DDa6IEdlDh7BWAlf7fDDEd+NyVQHm50pHmcApHI4w== Completed in 61ms
110 http fetch GET 200 https://registry.npmjs.org/browserify-sign 105ms (cache miss)
111 timing metavuln:packument:browserify-sign Completed in 108ms
112 timing metavuln:load:security-advisory:browserify-sign:1094516 Completed in 1ms
113 timing metavuln:calculate:security-advisory:browserify-sign:1094516 Completed in 111ms
114 http fetch GET 200 https://registry.npmjs.org/crypto-js 120ms (cache miss)
115 timing metavuln:packument:crypto-js Completed in 123ms
116 timing metavuln:load:security-advisory:crypto-js:1094982 Completed in 1ms
117 timing metavuln:calculate:security-advisory:crypto-js:1094982 Completed in 126ms
118 http fetch GET 200 https://registry.npmjs.org/postcss 217ms (cache miss)
119 timing metavuln:packument:postcss Completed in 223ms
120 timing metavuln:load:security-advisory:postcss:1094544 Completed in 3ms
121 timing metavuln:calculate:security-advisory:postcss:1094544 Completed in 226ms
122 http fetch GET 200 https://registry.npmjs.org/@babel%2ftraverse 246ms (cache miss)
123 timing metavuln:packument:@babel/traverse Completed in 248ms
124 timing metavuln:load:security-advisory:@babel/traverse:1095212 Completed in 3ms
125 timing metavuln:calculate:security-advisory:@babel/traverse:1095212 Completed in 253ms
126 http fetch GET 200 https://registry.npmjs.org/nth-check 729ms (cache miss)
127 timing metavuln:packument:nth-check Completed in 730ms
128 timing metavuln:load:security-advisory:nth-check:1095141 Completed in 0ms
129 timing metavuln:calculate:security-advisory:nth-check:1095141 Completed in 730ms
130 http fetch GET 200 https://registry.npmjs.org/@adobe%2fcss-tools 1500ms (cache miss)
131 timing metavuln:packument:@adobe/css-tools Completed in 1502ms
132 timing metavuln:load:security-advisory:@adobe/css-tools:1095241 Completed in 1ms
133 timing metavuln:cache:put:security-advisory:@adobe/css-tools:vf+1/hbX+FTcwUl2lBGuRtQsB6zq5QGU00yHiZplPdgfj1z2nmYW2bKmbDMUe5eUKJOt5/Rf1rNcj76X0pheuw== Completed in 8ms
134 timing metavuln:calculate:security-advisory:@adobe/css-tools:1095241 Completed in 1513ms
135 timing metavuln:cache:get:security-advisory:@testing-library/jest-dom:m2vW83aLPDPP5P1yYTQj405swn0LpKcWWamZAMzm9pyGvif7ugjnk5m7dL+6ykSfB011VouGnAAvj4cXH2zHBA== Completed in 2ms
136 http fetch GET 200 https://registry.npmjs.org/@testing-library%2fjest-dom 1594ms (cache miss)
137 timing metavuln:packument:@testing-library/jest-dom Completed in 1595ms
138 timing metavuln:load:security-advisory:@testing-library/jest-dom:vf+1/hbX+FTcwUl2lBGuRtQsB6zq5QGU00yHiZplPdgfj1z2nmYW2bKmbDMUe5eUKJOt5/Rf1rNcj76X0pheuw== Completed in 2ms
139 timing metavuln:cache:put:security-advisory:@testing-library/jest-dom:m2vW83aLPDPP5P1yYTQj405swn0LpKcWWamZAMzm9pyGvif7ugjnk5m7dL+6ykSfB011VouGnAAvj4cXH2zHBA== Completed in 10ms
140 timing metavuln:calculate:security-advisory:@testing-library/jest-dom:vf+1/hbX+FTcwUl2lBGuRtQsB6zq5QGU00yHiZplPdgfj1z2nmYW2bKmbDMUe5eUKJOt5/Rf1rNcj76X0pheuw== Completed in 1608ms
141 timing metavuln:cache:get:security-advisory:jest-snapshot:HiEi9jmAlyosEYO8i8xcu/QfBy+rgNw11LaiuJNDx37anxwMki+zg/rvlM1rfplSwRVW+3ZDIYCFvhyb0EnL/A== Completed in 17ms
142 timing metavuln:cache:get:security-advisory:@babel/core:QLouGBUzXvjVyCk86HvEmAy+eNEU7vGbzb/kj9ysCuZPV4BpFGZ+aJrUGmFPbNY3oT96dMUnMK89zKX+OuhfTQ== Completed in 18ms
143 timing metavuln:cache:get:security-advisory:@babel/helpers:rnBMeIKpqnCO8nOE/zw+IkKQCy8DEeQE/CNDasorLk1A2N64kA/60PJPgbm4UXWuvl58mJMotUIEiRQRq+k9Xg== Completed in 19ms
144 http fetch GET 200 https://registry.npmjs.org/@babel%2fhelpers 86ms (cache miss)
145 timing metavuln:packument:@babel/helpers Completed in 88ms
146 timing metavuln:load:security-advisory:@babel/helpers:eVC8tMZq0qKdaOZm1sHgC9qR3kEsBdTg/C2O2QMDbnXScBu9RBine4TVy2AVcopLV4N291I2am7uCtbE28hshA== Completed in 1ms
147 timing metavuln:calculate:security-advisory:@babel/helpers:eVC8tMZq0qKdaOZm1sHgC9qR3kEsBdTg/C2O2QMDbnXScBu9RBine4TVy2AVcopLV4N291I2am7uCtbE28hshA== Completed in 89ms
148 http fetch GET 200 https://registry.npmjs.org/@babel%2fcore 91ms (cache miss)
149 timing metavuln:packument:@babel/core Completed in 97ms
150 timing metavuln:load:security-advisory:@babel/core:eVC8tMZq0qKdaOZm1sHgC9qR3kEsBdTg/C2O2QMDbnXScBu9RBine4TVy2AVcopLV4N291I2am7uCtbE28hshA== Completed in 1ms
151 timing metavuln:calculate:security-advisory:@babel/core:eVC8tMZq0qKdaOZm1sHgC9qR3kEsBdTg/C2O2QMDbnXScBu9RBine4TVy2AVcopLV4N291I2am7uCtbE28hshA== Completed in 99ms
152 http fetch GET 200 https://registry.npmjs.org/jest-snapshot 689ms (cache miss)
153 timing metavuln:packument:jest-snapshot Completed in 696ms
154 timing metavuln:load:security-advisory:jest-snapshot:eVC8tMZq0qKdaOZm1sHgC9qR3kEsBdTg/C2O2QMDbnXScBu9RBine4TVy2AVcopLV4N291I2am7uCtbE28hshA== Completed in 1ms
155 timing metavuln:calculate:security-advisory:jest-snapshot:eVC8tMZq0qKdaOZm1sHgC9qR3kEsBdTg/C2O2QMDbnXScBu9RBine4TVy2AVcopLV4N291I2am7uCtbE28hshA== Completed in 697ms
156 timing metavuln:cache:get:security-advisory:crypto-browserify:sNQl0iQXOpTJqSxGIgyh5hhk7NZ9Y+bFKYcYBPX90sfb9HE0gtRiEuYPC4lclGvZ6Xom/LOOgoHPg+PmXmRtVQ== Completed in 8ms
157 http fetch GET 200 https://registry.npmjs.org/crypto-browserify 49ms (cache miss)
158 timing metavuln:packument:crypto-browserify Completed in 51ms
159 timing metavuln:load:security-advisory:crypto-browserify:V+dDN+DSK+WbSEh84iHRQzt8VVn27bQeThqupmQye8Sc614BKKTLEUYBaBnYC6hLn6hk90bLvvSqzi2zRpU70Q== Completed in 0ms
160 timing metavuln:calculate:security-advisory:crypto-browserify:V+dDN+DSK+WbSEh84iHRQzt8VVn27bQeThqupmQye8Sc614BKKTLEUYBaBnYC6hLn6hk90bLvvSqzi2zRpU70Q== Completed in 51ms
161 timing metavuln:cache:get:security-advisory:css-select:SLFoDCntvPIX7nfh4g/iCe2/KeoLVy5CIo+Vtscwot4QJeqx55N/LgyavNwRLdiV5D/6y18tMpVEodIgf/9HMA== Completed in 4ms
162 http fetch GET 200 https://registry.npmjs.org/css-select 47ms (cache miss)
163 timing metavuln:packument:css-select Completed in 48ms
164 timing metavuln:load:security-advisory:css-select:u9kIbs88jjqPq0zHVBinwei/KZ5GCRRfUp85vuDQlT/Si01qI5XVVQOSRujFCbyFsnHqETob3CApPmYQZ74K2A== Completed in 0ms
165 timing metavuln:calculate:security-advisory:css-select:u9kIbs88jjqPq0zHVBinwei/KZ5GCRRfUp85vuDQlT/Si01qI5XVVQOSRujFCbyFsnHqETob3CApPmYQZ74K2A== Completed in 49ms
166 timing metavuln:cache:get:security-advisory:resolve-url-loader:NMmXK6xVhonFWyuVjVZvtHCgDtIj2Xt/NObjzI+nKFgCMVK0SPWnlUyO5ZfDMa1dK6KZVYB4z5/E6SGUubEZmA== Completed in 6ms
167 http fetch GET 200 https://registry.npmjs.org/resolve-url-loader 38ms (cache miss)
168 timing metavuln:packument:resolve-url-loader Completed in 39ms
169 timing metavuln:load:security-advisory:resolve-url-loader:ylHlqxOD5gx7vcQurwTZyQHJsodRCM2yV95izcDPSahj+DDa6IEdlDh7BWAlf7fDDEd+NyVQHm50pHmcApHI4w== Completed in 1ms
170 timing metavuln:calculate:security-advisory:resolve-url-loader:ylHlqxOD5gx7vcQurwTZyQHJsodRCM2yV95izcDPSahj+DDa6IEdlDh7BWAlf7fDDEd+NyVQHm50pHmcApHI4w== Completed in 40ms
171 timing metavuln:cache:get:security-advisory:svgo:XUKKCUuEIfThVsBLy+oF8GyP7lxkVuLkW//+NY5/KIf8QcWHSFuyi5ASrjDctKGKZ6oI4iYXN2mfMc9AZn06XQ== Completed in 8ms
172 http fetch GET 200 https://registry.npmjs.org/svgo 42ms (cache miss)
173 timing metavuln:packument:svgo Completed in 44ms
174 timing metavuln:load:security-advisory:svgo:SLFoDCntvPIX7nfh4g/iCe2/KeoLVy5CIo+Vtscwot4QJeqx55N/LgyavNwRLdiV5D/6y18tMpVEodIgf/9HMA== Completed in 1ms
175 timing metavuln:calculate:security-advisory:svgo:SLFoDCntvPIX7nfh4g/iCe2/KeoLVy5CIo+Vtscwot4QJeqx55N/LgyavNwRLdiV5D/6y18tMpVEodIgf/9HMA== Completed in 45ms
176 timing metavuln:cache:get:security-advisory:react-scripts:kKU8uM+qTtInubgYQrn1Pxn81QMWKfkCDfIZjup8wyMg7BSnoJIdXRXTKPG7RjTojqBqBxvALJQnSFxA9BPZoA== Completed in 7ms
177 http fetch GET 200 https://registry.npmjs.org/react-scripts 63ms (cache miss)
178 timing metavuln:packument:react-scripts Completed in 67ms
179 timing metavuln:load:security-advisory:react-scripts:NMmXK6xVhonFWyuVjVZvtHCgDtIj2Xt/NObjzI+nKFgCMVK0SPWnlUyO5ZfDMa1dK6KZVYB4z5/E6SGUubEZmA== Completed in 2ms
180 timing metavuln:calculate:security-advisory:react-scripts:NMmXK6xVhonFWyuVjVZvtHCgDtIj2Xt/NObjzI+nKFgCMVK0SPWnlUyO5ZfDMa1dK6KZVYB4z5/E6SGUubEZmA== Completed in 69ms
181 timing metavuln:cache:get:security-advisory:@svgr/plugin-svgo:EsuzSbf7+Y+7kKOmijkK+GD/doYYcoKZ2epSaSjuMjK3D5MenoOfnownHNwRmdBZcaR1NsuBUK35WDllW+AMMw== Completed in 7ms
182 http fetch GET 200 https://registry.npmjs.org/@svgr%2fplugin-svgo 343ms (cache miss)
183 timing metavuln:packument:@svgr/plugin-svgo Completed in 344ms
184 timing metavuln:load:security-advisory:@svgr/plugin-svgo:XUKKCUuEIfThVsBLy+oF8GyP7lxkVuLkW//+NY5/KIf8QcWHSFuyi5ASrjDctKGKZ6oI4iYXN2mfMc9AZn06XQ== Completed in 0ms
185 timing metavuln:calculate:security-advisory:@svgr/plugin-svgo:XUKKCUuEIfThVsBLy+oF8GyP7lxkVuLkW//+NY5/KIf8QcWHSFuyi5ASrjDctKGKZ6oI4iYXN2mfMc9AZn06XQ== Completed in 344ms
186 timing metavuln:cache:get:security-advisory:react-app-rewired:nADyo35CVGZolt8KxU0WNcbxYzQYpj9UuGaCipvNeWBvQUac+ju7ql+olzcJBjEl84k62Q4yOVYlfBM6w/5Ygg== Completed in 49ms
187 http fetch GET 200 https://registry.npmjs.org/react-app-rewired 703ms (cache miss)
188 timing metavuln:packument:react-app-rewired Completed in 704ms
189 timing metavuln:load:security-advisory:react-app-rewired:kKU8uM+qTtInubgYQrn1Pxn81QMWKfkCDfIZjup8wyMg7BSnoJIdXRXTKPG7RjTojqBqBxvALJQnSFxA9BPZoA== Completed in 0ms
190 timing metavuln:calculate:security-advisory:react-app-rewired:kKU8uM+qTtInubgYQrn1Pxn81QMWKfkCDfIZjup8wyMg7BSnoJIdXRXTKPG7RjTojqBqBxvALJQnSFxA9BPZoA== Completed in 704ms
191 timing metavuln:cache:get:security-advisory:@svgr/webpack:IqnIHrynVlqAtMhtysIZT7fFR47WkNiVdS0bltwMCNwW6AuOVEGK8Ns3UrtOyzCH0k8s8awx0D1vcr5HtSiaPw== Completed in 10ms
192 http fetch GET 200 https://registry.npmjs.org/@svgr%2fwebpack 251ms (cache miss)
193 timing metavuln:packument:@svgr/webpack Completed in 254ms
194 timing metavuln:load:security-advisory:@svgr/webpack:EsuzSbf7+Y+7kKOmijkK+GD/doYYcoKZ2epSaSjuMjK3D5MenoOfnownHNwRmdBZcaR1NsuBUK35WDllW+AMMw== Completed in 1ms
195 timing metavuln:calculate:security-advisory:@svgr/webpack:EsuzSbf7+Y+7kKOmijkK+GD/doYYcoKZ2epSaSjuMjK3D5MenoOfnownHNwRmdBZcaR1NsuBUK35WDllW+AMMw== Completed in 255ms
196 timing metavuln:cache:get:security-advisory:react-scripts:Oynm4f28m7wqpHeAVQPAu6HUX0KhswQORZBCdzEDs2/Qk227PWimoI5yjY/d79GoOSw+zJpJ6uMhVBngEzK4zQ== Completed in 5ms
197 timing metavuln:load:security-advisory:react-scripts:IqnIHrynVlqAtMhtysIZT7fFR47WkNiVdS0bltwMCNwW6AuOVEGK8Ns3UrtOyzCH0k8s8awx0D1vcr5HtSiaPw== Completed in 0ms
198 timing metavuln:calculate:security-advisory:react-scripts:IqnIHrynVlqAtMhtysIZT7fFR47WkNiVdS0bltwMCNwW6AuOVEGK8Ns3UrtOyzCH0k8s8awx0D1vcr5HtSiaPw== Completed in 7ms
199 timing auditReport:init Completed in 5391ms
200 timing reify:audit Completed in 6216ms
201 timing reify Completed in 11614ms
202 silly ADD
203 silly ADD
204 silly ADD
205 silly ADD
206 silly ADD
207 silly ADD
208 timing command:install Completed in 11706ms
209 verbose exit 0
210 timing npm Completed in 11980ms
211 info ok
