0 verbose cli [
0 verbose cli   '/usr/bin/node',
0 verbose cli   '/usr/bin/npm',
0 verbose cli   'install',
0 verbose cli   '--ignore-scripts',
0 verbose cli   '@types/react@ts5.3',
0 verbose cli   '--save-dev',
0 verbose cli   '--user-agent=typesInstaller/5.3.2'
0 verbose cli ]
1 info using npm@8.5.1
2 info using node@v12.22.9
3 timing npm:load:whichnode Completed in 0ms
4 timing config:load:defaults Completed in 2ms
5 timing config:load:file:/usr/share/nodejs/npm/npmrc Completed in 9ms
6 timing config:load:builtin Completed in 9ms
7 timing config:load:cli Completed in 4ms
8 timing config:load:env Completed in 0ms
9 timing config:load:file:/home/zta/.cache/typescript/5.3/.npmrc Completed in 0ms
10 timing config:load:project Completed in 10ms
11 timing config:load:file:/home/zta/.npmrc Completed in 0ms
12 timing config:load:user Completed in 0ms
13 timing config:load:file:/etc/npmrc Completed in 2ms
14 timing config:load:global Completed in 2ms
15 timing config:load:validate Completed in 0ms
16 timing config:load:credentials Completed in 1ms
17 timing config:load:setEnvs Completed in 2ms
18 timing config:load Completed in 30ms
19 timing npm:load:configload Completed in 30ms
20 timing npm:load:setTitle Completed in 1ms
21 timing config:load:flatten Completed in 9ms
22 timing npm:load:display Completed in 10ms
23 verbose logfile /home/zta/.npm/_logs/2023-12-14T04_45_09_305Z-debug-0.log
24 timing npm:load:logFile Completed in 9ms
25 timing npm:load:timers Completed in 0ms
26 timing npm:load:configScope Completed in 0ms
27 timing npm:load Completed in 52ms
28 timing arborist:ctor Completed in 3ms
29 timing idealTree:init Completed in 73ms
30 timing arborist:ctor Completed in 0ms
31 http fetch GET 200 https://registry.npmjs.org/@types%2freact 1587ms (cache miss)
32 timing idealTree:userRequests Completed in 1623ms
33 silly idealTree buildDeps
34 silly fetch manifest @types/react@18.2.45
35 silly placeDep ROOT @types/react@18.2.45 OK for:  want: 18.2.45
36 silly fetch manifest @types/prop-types@*
37 silly fetch manifest @types/scheduler@*
38 silly fetch manifest csstype@^3.0.2
39 http fetch GET 200 https://registry.npmjs.org/@types%2fprop-types 100ms (cache miss)
40 http fetch GET 200 https://registry.npmjs.org/@types%2fscheduler 120ms (cache miss)
41 http fetch GET 200 https://registry.npmjs.org/csstype 185ms (cache miss)
42 timing idealTree:#root Completed in 214ms
43 silly placeDep ROOT @types/prop-types@15.7.11 OK for: @types/react@18.2.45 want: *
44 silly placeDep ROOT @types/scheduler@0.16.8 OK for: @types/react@18.2.45 want: *
45 silly placeDep ROOT csstype@3.1.3 OK for: @types/react@18.2.45 want: ^3.0.2
46 timing idealTree:node_modules/@types/react Completed in 67ms
47 timing idealTree:node_modules/@types/prop-types Completed in 0ms
48 timing idealTree:node_modules/@types/scheduler Completed in 0ms
49 timing idealTree:node_modules/csstype Completed in 0ms
50 timing idealTree:buildDeps Completed in 286ms
51 timing idealTree:fixDepFlags Completed in 1ms
52 timing idealTree Completed in 1985ms
53 timing reify:loadTrees Completed in 1988ms
54 timing reify:diffTrees Completed in 2ms
55 silly reify moves {}
56 timing reify:retireShallow Completed in 1ms
57 timing reify:createSparse Completed in 3ms
58 timing reify:loadBundles Completed in 0ms
59 silly audit bulk request {
59 silly audit   'types-registry': [ '0.1.674' ],
59 silly audit   '@types/react': [ '18.2.45' ],
59 silly audit   '@types/prop-types': [ '15.7.11' ],
59 silly audit   '@types/scheduler': [ '0.16.8' ],
59 silly audit   csstype: [ '3.1.3' ]
59 silly audit }
60 silly tarball no local data for csstype@https://registry.npmjs.org/csstype/-/csstype-3.1.3.tgz. Extracting by manifest.
61 silly tarball no local data for @types/scheduler@https://registry.npmjs.org/@types/scheduler/-/scheduler-0.16.8.tgz. Extracting by manifest.
62 silly tarball no local data for @types/prop-types@https://registry.npmjs.org/@types/prop-types/-/prop-types-15.7.11.tgz. Extracting by manifest.
63 silly tarball no local data for @types/react@https://registry.npmjs.org/@types/react/-/react-18.2.45.tgz. Extracting by manifest.
64 http fetch POST 200 https://registry.npmjs.org/-/npm/v1/security/advisories/bulk 307ms
65 timing auditReport:getReport Completed in 319ms
66 silly audit report {}
67 timing auditReport:init Completed in 0ms
68 timing reify:audit Completed in 321ms
69 http fetch GET 200 https://registry.npmjs.org/@types/scheduler/-/scheduler-0.16.8.tgz 295ms (cache miss)
70 timing reifyNode:node_modules/@types/scheduler Completed in 323ms
71 http fetch GET 200 https://registry.npmjs.org/@types/prop-types/-/prop-types-15.7.11.tgz 318ms (cache miss)
72 timing reifyNode:node_modules/@types/prop-types Completed in 395ms
73 http fetch GET 200 https://registry.npmjs.org/@types/react/-/react-18.2.45.tgz 486ms (cache miss)
74 timing reifyNode:node_modules/@types/react Completed in 599ms
75 http fetch GET 200 https://registry.npmjs.org/csstype/-/csstype-3.1.3.tgz 608ms (cache miss)
76 timing reifyNode:node_modules/csstype Completed in 630ms
77 timing reify:unpack Completed in 631ms
78 timing reify:unretire Completed in 1ms
79 timing build:queue Completed in 1ms
80 timing build:deps Completed in 3ms
81 timing build Completed in 3ms
82 timing reify:build Completed in 4ms
83 timing reify:trash Completed in 0ms
84 timing reify:save Completed in 26ms
85 timing reify Completed in 2719ms
86 silly ADD node_modules/csstype
87 silly ADD node_modules/@types/scheduler
88 silly ADD node_modules/@types/prop-types
89 silly ADD node_modules/@types/react
90 timing command:install Completed in 2732ms
91 verbose exit 0
92 timing npm Completed in 3249ms
93 info ok
