0 verbose cli [
0 verbose cli   '/usr/bin/node',
0 verbose cli   '/usr/bin/npm',
0 verbose cli   'install',
0 verbose cli   '--ignore-scripts',
0 verbose cli   'types-registry@latest'
0 verbose cli ]
1 info using npm@8.5.1
2 info using node@v12.22.9
3 timing npm:load:whichnode Completed in 0ms
4 timing config:load:defaults Completed in 1ms
5 timing config:load:file:/usr/share/nodejs/npm/npmrc Completed in 18ms
6 timing config:load:builtin Completed in 18ms
7 timing config:load:cli Completed in 3ms
8 timing config:load:env Completed in 0ms
9 timing config:load:file:/home/zta/.cache/typescript/5.3/.npmrc Completed in 12ms
10 timing config:load:project Completed in 85ms
11 timing config:load:file:/home/zta/.npmrc Completed in 3ms
12 timing config:load:user Completed in 4ms
13 timing config:load:file:/etc/npmrc Completed in 0ms
14 timing config:load:global Completed in 0ms
15 timing config:load:validate Completed in 0ms
16 timing config:load:credentials Completed in 2ms
17 timing config:load:setEnvs Completed in 4ms
18 timing config:load Completed in 118ms
19 timing npm:load:configload Completed in 118ms
20 timing npm:load:setTitle Completed in 1ms
21 timing config:load:flatten Completed in 41ms
22 timing npm:load:display Completed in 42ms
23 verbose logfile /home/zta/.npm/_logs/2023-12-14T04_45_06_912Z-debug-0.log
24 timing npm:load:logFile Completed in 20ms
25 timing npm:load:timers Completed in 1ms
26 timing npm:load:configScope Completed in 0ms
27 timing npm:load Completed in 183ms
28 timing arborist:ctor Completed in 1ms
29 timing arborist:ctor Completed in 0ms
30 timing idealTree:init Completed in 17ms
31 http fetch GET 200 https://registry.npmjs.org/types-registry 272ms (cache miss)
32 timing idealTree:userRequests Completed in 293ms
33 silly idealTree buildDeps
34 silly fetch manifest types-registry@0.1.674
35 silly placeDep ROOT types-registry@0.1.674 OK for:  want: 0.1.674
36 timing idealTree:#root Completed in 9ms
37 timing idealTree:node_modules/types-registry Completed in 0ms
38 timing idealTree:buildDeps Completed in 11ms
39 timing idealTree:fixDepFlags Completed in 1ms
40 timing idealTree Completed in 323ms
41 timing reify:loadTrees Completed in 325ms
42 timing reify:diffTrees Completed in 1ms
43 silly reify moves {}
44 timing reify:retireShallow Completed in 1ms
45 timing reify:createSparse Completed in 2ms
46 timing reify:loadBundles Completed in 0ms
47 silly audit bulk request { 'types-registry': [ '0.1.674' ] }
48 silly tarball no local data for types-registry@https://registry.npmjs.org/types-registry/-/types-registry-0.1.674.tgz. Extracting by manifest.
49 http fetch POST 200 https://registry.npmjs.org/-/npm/v1/security/advisories/bulk 216ms
50 timing auditReport:getReport Completed in 225ms
51 silly audit report {}
52 timing auditReport:init Completed in 0ms
53 timing reify:audit Completed in 232ms
54 http fetch GET 200 https://registry.npmjs.org/types-registry/-/types-registry-0.1.674.tgz 314ms (cache miss)
55 timing reifyNode:node_modules/types-registry Completed in 346ms
56 timing reify:unpack Completed in 346ms
57 timing reify:unretire Completed in 0ms
58 timing build:queue Completed in 1ms
59 timing build:deps Completed in 1ms
60 timing build Completed in 1ms
61 timing reify:build Completed in 2ms
62 timing reify:trash Completed in 1ms
63 timing reify:save Completed in 8ms
64 timing reify Completed in 752ms
65 silly ADD node_modules/types-registry
66 timing command:install Completed in 758ms
67 verbose exit 0
68 timing npm Completed in 1873ms
69 info ok
