0 verbose cli [
0 verbose cli   '/usr/bin/node',
0 verbose cli   '/usr/bin/npm',
0 verbose cli   'install',
0 verbose cli   '--ignore-scripts',
0 verbose cli   '@types/crypto-js@ts5.3',
0 verbose cli   '@types/jsonwebtoken@ts5.3',
0 verbose cli   '@types/react-dom@ts5.3',
0 verbose cli   '@types/node@ts5.3',
0 verbose cli   '--save-dev',
0 verbose cli   '--user-agent=typesInstaller/5.3.2'
0 verbose cli ]
1 info using npm@8.5.1
2 info using node@v12.22.9
3 timing npm:load:whichnode Completed in 0ms
4 timing config:load:defaults Completed in 2ms
5 timing config:load:file:/usr/share/nodejs/npm/npmrc Completed in 42ms
6 timing config:load:builtin Completed in 42ms
7 timing config:load:cli Completed in 8ms
8 timing config:load:env Completed in 1ms
9 timing config:load:file:/home/zta/.cache/typescript/5.3/.npmrc Completed in 1ms
10 timing config:load:project Completed in 29ms
11 timing config:load:file:/home/zta/.npmrc Completed in 1ms
12 timing config:load:user Completed in 1ms
13 timing config:load:file:/etc/npmrc Completed in 0ms
14 timing config:load:global Completed in 0ms
15 timing config:load:validate Completed in 1ms
16 timing config:load:credentials Completed in 0ms
17 timing config:load:setEnvs Completed in 1ms
18 timing config:load Completed in 85ms
19 timing npm:load:configload Completed in 85ms
20 timing npm:load:setTitle Completed in 1ms
21 timing config:load:flatten Completed in 11ms
22 timing npm:load:display Completed in 12ms
23 verbose logfile /home/zta/.npm/_logs/2023-12-14T04_52_52_686Z-debug-0.log
24 timing npm:load:logFile Completed in 6ms
25 timing npm:load:timers Completed in 0ms
26 timing npm:load:configScope Completed in 0ms
27 timing npm:load Completed in 106ms
28 timing arborist:ctor Completed in 1ms
29 timing idealTree:init Completed in 38ms
30 timing arborist:ctor Completed in 0ms
31 http fetch GET 200 https://registry.npmjs.org/@types%2fcrypto-js 244ms (cache miss)
32 http fetch GET 200 https://registry.npmjs.org/@types%2fjsonwebtoken 252ms (cache miss)
33 http fetch GET 200 https://registry.npmjs.org/@types%2freact-dom 269ms (cache miss)
34 http fetch GET 200 https://registry.npmjs.org/@types%2fnode 361ms (cache miss)
35 timing idealTree:userRequests Completed in 380ms
36 silly idealTree buildDeps
37 silly fetch manifest @types/crypto-js@4.2.1
38 silly fetch manifest @types/jsonwebtoken@9.0.5
39 silly fetch manifest @types/react-dom@18.2.17
40 silly fetch manifest @types/node@20.10.4
41 silly placeDep ROOT @types/crypto-js@4.2.1 OK for:  want: 4.2.1
42 silly placeDep ROOT @types/jsonwebtoken@9.0.5 OK for:  want: 9.0.5
43 silly placeDep ROOT @types/node@20.10.4 OK for:  want: 20.10.4
44 silly placeDep ROOT @types/react-dom@18.2.17 OK for:  want: 18.2.17
45 silly fetch manifest undici-types@~5.26.4
46 http fetch GET 200 https://registry.npmjs.org/undici-types 55ms (cache miss)
47 timing idealTree:#root Completed in 76ms
48 timing idealTree:node_modules/@types/crypto-js Completed in 0ms
49 timing idealTree:node_modules/@types/jsonwebtoken Completed in 0ms
50 silly placeDep ROOT undici-types@5.26.5 OK for: @types/node@20.10.4 want: ~5.26.4
51 timing idealTree:node_modules/@types/node Completed in 13ms
52 timing idealTree:node_modules/@types/react-dom Completed in 0ms
53 timing idealTree:node_modules/undici-types Completed in 0ms
54 timing idealTree:buildDeps Completed in 93ms
55 timing idealTree:fixDepFlags Completed in 1ms
56 timing idealTree Completed in 526ms
57 timing reify:loadTrees Completed in 528ms
58 timing reify:diffTrees Completed in 3ms
59 silly reify moves {}
60 timing reify:retireShallow Completed in 2ms
61 timing reify:createSparse Completed in 6ms
62 timing reify:loadBundles Completed in 0ms
63 silly audit bulk request {
63 silly audit   '@types/prop-types': [ '15.7.11' ],
63 silly audit   '@types/react': [ '18.2.45' ],
63 silly audit   '@types/scheduler': [ '0.16.8' ],
63 silly audit   csstype: [ '3.1.3' ],
63 silly audit   'types-registry': [ '0.1.674' ],
63 silly audit   '@types/crypto-js': [ '4.2.1' ],
63 silly audit   '@types/jsonwebtoken': [ '9.0.5' ],
63 silly audit   '@types/node': [ '20.10.4' ],
63 silly audit   '@types/react-dom': [ '18.2.17' ],
63 silly audit   'undici-types': [ '5.26.5' ]
63 silly audit }
64 silly tarball no local data for undici-types@https://registry.npmjs.org/undici-types/-/undici-types-5.26.5.tgz. Extracting by manifest.
65 silly tarball no local data for @types/react-dom@https://registry.npmjs.org/@types/react-dom/-/react-dom-18.2.17.tgz. Extracting by manifest.
66 silly tarball no local data for @types/node@https://registry.npmjs.org/@types/node/-/node-20.10.4.tgz. Extracting by manifest.
67 silly tarball no local data for @types/jsonwebtoken@https://registry.npmjs.org/@types/jsonwebtoken/-/jsonwebtoken-9.0.5.tgz. Extracting by manifest.
68 silly tarball no local data for @types/crypto-js@https://registry.npmjs.org/@types/crypto-js/-/crypto-js-4.2.1.tgz. Extracting by manifest.
69 http fetch GET 200 https://registry.npmjs.org/@types/react-dom/-/react-dom-18.2.17.tgz 82ms (cache miss)
70 timing reifyNode:node_modules/@types/react-dom Completed in 114ms
71 http fetch GET 200 https://registry.npmjs.org/undici-types/-/undici-types-5.26.5.tgz 127ms (cache miss)
72 timing reifyNode:node_modules/undici-types Completed in 151ms
73 http fetch POST 200 https://registry.npmjs.org/-/npm/v1/security/advisories/bulk 186ms
74 timing auditReport:getReport Completed in 190ms
75 silly audit report {}
76 timing auditReport:init Completed in 0ms
77 timing reify:audit Completed in 193ms
78 http fetch GET 200 https://registry.npmjs.org/@types/node/-/node-20.10.4.tgz 225ms (cache miss)
79 timing reifyNode:node_modules/@types/node Completed in 261ms
80 http fetch GET 200 https://registry.npmjs.org/@types/jsonwebtoken/-/jsonwebtoken-9.0.5.tgz 739ms (cache miss)
81 timing reifyNode:node_modules/@types/jsonwebtoken Completed in 785ms
82 http fetch GET 200 https://registry.npmjs.org/@types/crypto-js/-/crypto-js-4.2.1.tgz 758ms (cache miss)
83 timing reifyNode:node_modules/@types/crypto-js Completed in 811ms
84 timing reify:unpack Completed in 814ms
85 timing reify:unretire Completed in 0ms
86 timing build:queue Completed in 4ms
87 timing build:deps Completed in 4ms
88 timing build Completed in 5ms
89 timing reify:build Completed in 6ms
90 timing reify:trash Completed in 1ms
91 timing reify:save Completed in 29ms
92 timing reify Completed in 1418ms
93 silly ADD node_modules/undici-types
94 silly ADD node_modules/@types/react-dom
95 silly ADD node_modules/@types/node
96 silly ADD node_modules/@types/jsonwebtoken
97 silly ADD node_modules/@types/crypto-js
98 timing command:install Completed in 1426ms
99 verbose exit 0
100 timing npm Completed in 1840ms
101 info ok
