0 verbose cli [
0 verbose cli   '/usr/bin/node',
0 verbose cli   '/usr/bin/npm',
0 verbose cli   'install',
0 verbose cli   '--ignore-scripts',
0 verbose cli   'types-registry@latest'
0 verbose cli ]
1 info using npm@8.5.1
2 info using node@v12.22.9
3 timing npm:load:whichnode Completed in 0ms
4 timing config:load:defaults Completed in 1ms
5 timing config:load:file:/usr/share/nodejs/npm/npmrc Completed in 5ms
6 timing config:load:builtin Completed in 5ms
7 timing config:load:cli Completed in 2ms
8 timing config:load:env Completed in 0ms
9 timing config:load:file:/home/zta/.cache/typescript/5.3/.npmrc Completed in 3ms
10 timing config:load:project Completed in 11ms
11 timing config:load:file:/home/zta/.npmrc Completed in 0ms
12 timing config:load:user Completed in 0ms
13 timing config:load:file:/etc/npmrc Completed in 1ms
14 timing config:load:global Completed in 1ms
15 timing config:load:validate Completed in 0ms
16 timing config:load:credentials Completed in 2ms
17 timing config:load:setEnvs Completed in 2ms
18 timing config:load Completed in 24ms
19 timing npm:load:configload Completed in 24ms
20 timing npm:load:setTitle Completed in 0ms
21 timing config:load:flatten Completed in 3ms
22 timing npm:load:display Completed in 4ms
23 verbose logfile /home/zta/.npm/_logs/2023-12-18T17_20_09_945Z-debug-0.log
24 timing npm:load:logFile Completed in 7ms
25 timing npm:load:timers Completed in 0ms
26 timing npm:load:configScope Completed in 0ms
27 timing npm:load Completed in 37ms
28 timing arborist:ctor Completed in 1ms
29 timing idealTree:init Completed in 32ms
30 timing arborist:ctor Completed in 0ms
31 http fetch GET 200 https://registry.npmjs.org/types-registry 204ms (cache miss)
32 timing idealTree:userRequests Completed in 245ms
33 silly idealTree buildDeps
34 silly fetch manifest types-registry@0.1.675
35 silly placeDep ROOT types-registry@0.1.675 REPLACE for:  want: 0.1.675
36 timing idealTree:#root Completed in 7ms
37 timing idealTree:node_modules/types-registry Completed in 0ms
38 timing idealTree:buildDeps Completed in 9ms
39 timing idealTree:fixDepFlags Completed in 0ms
40 timing idealTree Completed in 289ms
41 timing reify:loadTrees Completed in 290ms
42 timing reify:diffTrees Completed in 2ms
43 silly reify mark retired [ '/home/zta/.cache/typescript/5.3/node_modules/types-registry' ]
44 silly reify moves {
44 silly reify   '/home/zta/.cache/typescript/5.3/node_modules/types-registry': '/home/zta/.cache/typescript/5.3/node_modules/.types-registry-KqkLxCxr'
44 silly reify }
45 timing reify:retireShallow Completed in 3ms
46 timing reify:createSparse Completed in 1ms
47 timing reify:loadBundles Completed in 0ms
48 silly audit bulk request {
48 silly audit   '@types/crypto-js': [ '4.2.1' ],
48 silly audit   '@types/jsonwebtoken': [ '9.0.5' ],
48 silly audit   '@types/node': [ '20.10.4' ],
48 silly audit   '@types/prop-types': [ '15.7.11' ],
48 silly audit   '@types/react': [ '18.2.45' ],
48 silly audit   '@types/react-dom': [ '18.2.17' ],
48 silly audit   '@types/scheduler': [ '0.16.8' ],
48 silly audit   csstype: [ '3.1.3' ],
48 silly audit   'undici-types': [ '5.26.5' ],
48 silly audit   'types-registry': [ '0.1.675' ]
48 silly audit }
49 silly tarball no local data for types-registry@https://registry.npmjs.org/types-registry/-/types-registry-0.1.675.tgz. Extracting by manifest.
50 http fetch POST 200 https://registry.npmjs.org/-/npm/v1/security/advisories/bulk 198ms
51 timing auditReport:getReport Completed in 200ms
52 silly audit report {}
53 timing auditReport:init Completed in 0ms
54 timing reify:audit Completed in 202ms
55 http fetch GET 200 https://registry.npmjs.org/types-registry/-/types-registry-0.1.675.tgz 214ms (cache miss)
56 timing reifyNode:node_modules/types-registry Completed in 227ms
57 timing reify:unpack Completed in 227ms
58 timing reify:unretire Completed in 1ms
59 timing build:queue Completed in 1ms
60 timing build:deps Completed in 1ms
61 timing build Completed in 2ms
62 timing reify:build Completed in 2ms
63 timing reify:trash Completed in 5ms
64 timing reify:save Completed in 36ms
65 timing reify Completed in 590ms
66 silly CHANGE node_modules/types-registry
67 timing command:install Completed in 598ms
68 verbose exit 0
69 timing npm Completed in 1300ms
70 info ok
