0 verbose cli [
0 verbose cli   '/usr/bin/node',
0 verbose cli   '/usr/bin/npm',
0 verbose cli   'install',
0 verbose cli   '--ignore-scripts',
0 verbose cli   'types-registry@latest'
0 verbose cli ]
1 info using npm@8.5.1
2 info using node@v12.22.9
3 timing npm:load:whichnode Completed in 5ms
4 timing config:load:defaults Completed in 4ms
5 timing config:load:file:/usr/share/nodejs/npm/npmrc Completed in 65ms
6 timing config:load:builtin Completed in 65ms
7 timing config:load:cli Completed in 20ms
8 timing config:load:env Completed in 1ms
9 timing config:load:file:/home/zta/.cache/typescript/5.2/.npmrc Completed in 1ms
10 timing config:load:project Completed in 33ms
11 timing config:load:file:/home/zta/.npmrc Completed in 1ms
12 timing config:load:user Completed in 1ms
13 timing config:load:file:/etc/npmrc Completed in 2ms
14 timing config:load:global Completed in 2ms
15 timing config:load:validate Completed in 2ms
16 timing config:load:credentials Completed in 7ms
17 timing config:load:setEnvs Completed in 4ms
18 timing config:load Completed in 139ms
19 timing npm:load:configload Completed in 140ms
20 timing npm:load:setTitle Completed in 1ms
21 timing config:load:flatten Completed in 5ms
22 timing npm:load:display Completed in 7ms
23 verbose logfile /home/zta/.npm/_logs/2023-12-07T04_12_48_814Z-debug-0.log
24 timing npm:load:logFile Completed in 9ms
25 timing npm:load:timers Completed in 0ms
26 timing npm:load:configScope Completed in 0ms
27 timing npm:load Completed in 167ms
28 timing arborist:ctor Completed in 42ms
29 timing arborist:ctor Completed in 0ms
30 timing idealTree:init Completed in 82ms
31 http fetch GET 200 https://registry.npmjs.org/types-registry 480ms (cache miss)
32 timing idealTree:userRequests Completed in 513ms
33 silly idealTree buildDeps
34 silly fetch manifest types-registry@0.1.673
35 silly placeDep ROOT types-registry@0.1.673 OK for:  want: 0.1.673
36 timing idealTree:#root Completed in 7ms
37 timing idealTree:node_modules/types-registry Completed in 0ms
38 timing idealTree:buildDeps Completed in 8ms
39 timing idealTree:fixDepFlags Completed in 1ms
40 timing idealTree Completed in 622ms
41 timing reify:loadTrees Completed in 690ms
42 timing reify:diffTrees Completed in 1ms
43 silly reify moves {}
44 timing reify:retireShallow Completed in 1ms
45 timing reify:createSparse Completed in 2ms
46 timing reify:loadBundles Completed in 0ms
47 silly audit bulk request { 'types-registry': [ '0.1.673' ] }
48 silly tarball no local data for types-registry@https://registry.npmjs.org/types-registry/-/types-registry-0.1.673.tgz. Extracting by manifest.
49 http fetch POST 200 https://registry.npmjs.org/-/npm/v1/security/advisories/bulk 238ms
50 timing auditReport:getReport Completed in 240ms
51 silly audit report {}
52 timing auditReport:init Completed in 0ms
53 timing reify:audit Completed in 243ms
54 http fetch GET 200 https://registry.npmjs.org/types-registry/-/types-registry-0.1.673.tgz 953ms (cache miss)
55 timing reifyNode:node_modules/types-registry Completed in 968ms
56 timing reify:unpack Completed in 969ms
57 timing reify:unretire Completed in 0ms
58 timing build:queue Completed in 2ms
59 timing build:deps Completed in 2ms
60 timing build Completed in 2ms
61 timing reify:build Completed in 2ms
62 timing reify:trash Completed in 0ms
63 timing reify:save Completed in 9ms
64 timing reify Completed in 1783ms
65 silly ADD node_modules/types-registry
66 timing command:install Completed in 1878ms
67 verbose exit 0
68 timing npm Completed in 2750ms
69 info ok
