0 verbose cli [
0 verbose cli   '/usr/bin/node',
0 verbose cli   '/usr/bin/npm',
0 verbose cli   'install',
0 verbose cli   '@passwordless-id/webauthn'
0 verbose cli ]
1 info using npm@8.5.1
2 info using node@v12.22.9
3 timing npm:load:whichnode Completed in 0ms
4 timing config:load:defaults Completed in 3ms
5 timing config:load:file:/usr/share/nodejs/npm/npmrc Completed in 9ms
6 timing config:load:builtin Completed in 9ms
7 timing config:load:cli Completed in 1ms
8 timing config:load:env Completed in 1ms
9 timing config:load:project Completed in 2ms
10 timing config:load:file:/home/zta/.npmrc Completed in 0ms
11 timing config:load:user Completed in 1ms
12 timing config:load:file:/etc/npmrc Completed in 3ms
13 timing config:load:global Completed in 3ms
14 timing config:load:validate Completed in 0ms
15 timing config:load:credentials Completed in 1ms
16 timing config:load:setEnvs Completed in 1ms
17 timing config:load Completed in 22ms
18 timing npm:load:configload Completed in 22ms
19 timing npm:load:setTitle Completed in 1ms
20 timing config:load:flatten Completed in 3ms
21 timing npm:load:display Completed in 5ms
22 verbose logfile /home/zta/.npm/_logs/2023-12-14T04_44_12_708Z-debug-0.log
23 timing npm:load:logFile Completed in 8ms
24 timing npm:load:timers Completed in 0ms
25 timing npm:load:configScope Completed in 0ms
26 timing npm:load Completed in 37ms
27 timing arborist:ctor Completed in 1ms
28 timing arborist:ctor Completed in 0ms
29 timing idealTree:init Completed in 28ms
30 timing idealTree:userRequests Completed in 3ms
31 silly idealTree buildDeps
32 silly fetch manifest @passwordless-id/webauthn@*
33 http fetch GET 200 https://registry.npmjs.org/@passwordless-id%2fwebauthn 1640ms (cache miss)
34 silly placeDep ROOT @passwordless-id/webauthn@1.3.1 OK for:  want: *
35 timing idealTree:#root Completed in 1655ms
36 timing idealTree:node_modules/@passwordless-id/webauthn Completed in 1ms
37 timing idealTree:buildDeps Completed in 1659ms
38 timing idealTree:fixDepFlags Completed in 0ms
39 timing idealTree Completed in 1696ms
40 timing reify:loadTrees Completed in 1697ms
41 timing reify:diffTrees Completed in 2ms
42 silly reify moves {}
43 timing reify:retireShallow Completed in 0ms
44 timing reify:createSparse Completed in 5ms
45 timing reify:loadBundles Completed in 0ms
46 silly audit bulk request { '@passwordless-id/webauthn': [ '1.3.1' ] }
47 timing reifyNode:node_modules/@passwordless-id/webauthn Completed in 131ms
48 timing reify:unpack Completed in 133ms
49 timing reify:unretire Completed in 0ms
50 timing build:queue Completed in 1ms
51 timing build:deps Completed in 5ms
52 timing build Completed in 6ms
53 timing reify:build Completed in 7ms
54 timing reify:trash Completed in 0ms
55 timing reify:save Completed in 67ms
56 http fetch POST 200 https://registry.npmjs.org/-/npm/v1/security/advisories/bulk 227ms
57 timing auditReport:getReport Completed in 232ms
58 silly audit report {}
59 timing auditReport:init Completed in 0ms
60 timing reify:audit Completed in 233ms
61 timing reify Completed in 1982ms
62 silly ADD node_modules/@passwordless-id/webauthn
63 timing command:install Completed in 2002ms
64 verbose exit 0
65 timing npm Completed in 2342ms
66 info ok
