2023-12-14 04:41:38.663 [info] Log level: Info
2023-12-14 04:41:38.663 [info] Validating found git in: "git"
2023-12-14 04:41:38.663 [info] Using git "2.34.1" from "git"
2023-12-14 04:41:38.663 [info] > git rev-parse --show-toplevel [9ms]
2023-12-14 04:41:38.663 [info] > git rev-parse --git-dir --git-common-dir [6ms]
2023-12-14 04:41:38.663 [info] Open repository: /home/zta
2023-12-14 04:41:38.663 [info] > git config --get commit.template [11ms]
2023-12-14 04:41:38.663 [info] > git rev-parse --show-toplevel [5ms]
2023-12-14 04:41:38.663 [info] > git rev-parse --show-toplevel [20ms]
2023-12-14 04:41:38.663 [info] > git for-each-ref --format=%(refname)%00%(upstream:short)%00%(objectname)%00%(upstream:track)%00%(upstream:remotename)%00%(upstream:remoteref) refs/heads/master refs/remotes/master [28ms]
2023-12-14 04:41:38.675 [info] > git rev-parse --show-toplevel [14ms]
2023-12-14 04:41:38.685 [info] > git rev-parse --show-toplevel [3ms]
2023-12-14 04:41:38.699 [info] > git rev-parse --show-toplevel [4ms]
2023-12-14 04:41:38.718 [info] > git rev-parse --show-toplevel [7ms]
2023-12-14 04:41:38.734 [info] > git rev-parse --show-toplevel [8ms]
2023-12-14 04:41:38.752 [info] > git status -z -uall [110ms]
2023-12-14 04:41:38.753 [info] > git rev-parse --show-toplevel [2ms]
2023-12-14 04:41:38.847 [info] > git rev-parse --show-toplevel [77ms]
2023-12-14 04:41:38.854 [info] > git config --get commit.template [7ms]
2023-12-14 04:41:38.872 [info] > git rev-parse --show-toplevel [19ms]
2023-12-14 04:41:38.882 [info] > git for-each-ref --format=%(refname)%00%(upstream:short)%00%(objectname)%00%(upstream:track)%00%(upstream:remotename)%00%(upstream:remoteref) refs/heads/master refs/remotes/master [12ms]
2023-12-14 04:41:39.201 [info] > git status -z -uall [308ms]
2023-12-14 04:41:39.201 [info] > git rev-parse --show-toplevel [320ms]
2023-12-14 04:41:39.265 [info] > git check-ignore -v -z --stdin [53ms]
2023-12-14 04:41:39.269 [info] > git rev-parse --show-toplevel [50ms]
2023-12-14 04:41:39.280 [info] > git rev-parse --show-toplevel [5ms]
2023-12-14 04:41:39.827 [info] > git check-ignore -v -z --stdin [6ms]
2023-12-14 04:44:14.273 [info] > git config --get commit.template [10ms]
2023-12-14 04:44:14.279 [info] > git for-each-ref --format=%(refname)%00%(upstream:short)%00%(objectname)%00%(upstream:track)%00%(upstream:remotename)%00%(upstream:remoteref) refs/heads/master refs/remotes/master [8ms]
2023-12-14 04:44:14.346 [info] > git status -z -uall [56ms]
2023-12-14 04:44:15.834 [info] > git check-ignore -v -z --stdin [4ms]
2023-12-14 04:44:19.462 [info] > git config --get commit.template [10ms]
2023-12-14 04:44:19.466 [info] > git for-each-ref --format=%(refname)%00%(upstream:short)%00%(objectname)%00%(upstream:track)%00%(upstream:remotename)%00%(upstream:remoteref) refs/heads/master refs/remotes/master [6ms]
2023-12-14 04:44:19.525 [info] > git status -z -uall [53ms]
2023-12-14 04:44:24.607 [info] > git config --get commit.template [27ms]
2023-12-14 04:44:24.612 [info] > git for-each-ref --format=%(refname)%00%(upstream:short)%00%(objectname)%00%(upstream:track)%00%(upstream:remotename)%00%(upstream:remoteref) refs/heads/master refs/remotes/master [6ms]
2023-12-14 04:44:24.670 [info] > git status -z -uall [51ms]
2023-12-14 04:44:35.012 [info] > git check-ignore -v -z --stdin [4ms]
2023-12-14 04:44:37.740 [info] > git config --get commit.template [1ms]
2023-12-14 04:44:37.757 [info] > git for-each-ref --format=%(refname)%00%(upstream:short)%00%(objectname)%00%(upstream:track)%00%(upstream:remotename)%00%(upstream:remoteref) refs/heads/master refs/remotes/master [4ms]
2023-12-14 04:44:37.820 [info] > git status -z -uall [56ms]
2023-12-14 04:44:46.572 [info] > git config --get commit.template [12ms]
2023-12-14 04:44:46.574 [info] > git for-each-ref --format=%(refname)%00%(upstream:short)%00%(objectname)%00%(upstream:track)%00%(upstream:remotename)%00%(upstream:remoteref) refs/heads/master refs/remotes/master [4ms]
2023-12-14 04:44:46.656 [info] > git status -z -uall [72ms]
2023-12-14 04:44:50.519 [info] > git check-ignore -v -z --stdin [7ms]
2023-12-14 04:44:51.736 [info] > git config --get commit.template [11ms]
2023-12-14 04:44:51.739 [info] > git for-each-ref --format=%(refname)%00%(upstream:short)%00%(objectname)%00%(upstream:track)%00%(upstream:remotename)%00%(upstream:remoteref) refs/heads/master refs/remotes/master [5ms]
2023-12-14 04:44:51.813 [info] > git status -z -uall [67ms]
2023-12-14 04:44:55.754 [info] > git check-ignore -v -z --stdin [2ms]
2023-12-14 04:45:02.069 [info] > git show --textconv :login-protocol/src/App.js [29ms]
2023-12-14 04:45:02.080 [info] > git ls-files --stage -- /home/zta/login-protocol/src/App.js [21ms]
2023-12-14 04:45:02.144 [info] > git cat-file -s 893092a6d9c1f73fe33ec1e0e9aef11476953cb9 [53ms]
2023-12-14 04:45:06.716 [info] > git show --textconv :login-protocol/src/LoginPage.js [38ms]
2023-12-14 04:45:06.743 [info] > git ls-files --stage -- /home/zta/login-protocol/src/LoginPage.js [28ms]
2023-12-14 04:45:06.788 [info] > git cat-file -s 30de0cde83d2af9b118f003baa2d88b49d0ed1c1 [27ms]
2023-12-14 04:46:27.450 [info] > git config --get commit.template [12ms]
2023-12-14 04:46:27.452 [info] > git for-each-ref --format=%(refname)%00%(upstream:short)%00%(objectname)%00%(upstream:track)%00%(upstream:remotename)%00%(upstream:remoteref) refs/heads/master refs/remotes/master [4ms]
2023-12-14 04:46:27.579 [info] > git status -z -uall [120ms]
2023-12-14 04:46:35.637 [info] > git config --get commit.template [13ms]
2023-12-14 04:46:35.639 [info] > git for-each-ref --format=%(refname)%00%(upstream:short)%00%(objectname)%00%(upstream:track)%00%(upstream:remotename)%00%(upstream:remoteref) refs/heads/master refs/remotes/master [3ms]
2023-12-14 04:46:35.727 [info] > git status -z -uall [80ms]
2023-12-14 04:47:17.106 [info] > git config --get commit.template [13ms]
2023-12-14 04:47:17.108 [info] > git for-each-ref --format=%(refname)%00%(upstream:short)%00%(objectname)%00%(upstream:track)%00%(upstream:remotename)%00%(upstream:remoteref) refs/heads/master refs/remotes/master [3ms]
2023-12-14 04:47:17.204 [info] > git status -z -uall [88ms]
2023-12-14 04:47:24.285 [info] > git config --get commit.template [21ms]
2023-12-14 04:47:24.288 [info] > git for-each-ref --format=%(refname)%00%(upstream:short)%00%(objectname)%00%(upstream:track)%00%(upstream:remotename)%00%(upstream:remoteref) refs/heads/master refs/remotes/master [6ms]
2023-12-14 04:47:24.399 [info] > git status -z -uall [95ms]
2023-12-14 04:47:55.726 [info] > git config --get commit.template [11ms]
2023-12-14 04:47:55.727 [info] > git for-each-ref --format=%(refname)%00%(upstream:short)%00%(objectname)%00%(upstream:track)%00%(upstream:remotename)%00%(upstream:remoteref) refs/heads/master refs/remotes/master [3ms]
2023-12-14 04:47:55.813 [info] > git status -z -uall [78ms]
2023-12-14 04:48:29.730 [info] > git config --get commit.template [13ms]
2023-12-14 04:48:29.733 [info] > git for-each-ref --format=%(refname)%00%(upstream:short)%00%(objectname)%00%(upstream:track)%00%(upstream:remotename)%00%(upstream:remoteref) refs/heads/master refs/remotes/master [4ms]
2023-12-14 04:48:29.823 [info] > git status -z -uall [82ms]
2023-12-14 04:48:37.663 [info] > git config --get commit.template [14ms]
2023-12-14 04:48:37.664 [info] > git for-each-ref --format=%(refname)%00%(upstream:short)%00%(objectname)%00%(upstream:track)%00%(upstream:remotename)%00%(upstream:remoteref) refs/heads/master refs/remotes/master [3ms]
2023-12-14 04:48:37.757 [info] > git status -z -uall [82ms]
2023-12-14 04:49:27.390 [info] > git show --textconv :Readme.md [44ms]
2023-12-14 04:49:27.418 [info] > git ls-files --stage -- /home/zta/Readme.md [41ms]
2023-12-14 04:49:27.467 [info] > git cat-file -s cd42d2639145639e18993c4277236a0f8a5e8412 [13ms]
2023-12-14 04:52:20.367 [info] > git show --textconv :login-protocol/src/LoginPage.js [19ms]
2023-12-14 04:52:20.369 [info] > git ls-files --stage -- /home/zta/login-protocol/src/LoginPage.js [5ms]
2023-12-14 04:52:20.394 [info] > git cat-file -s 30de0cde83d2af9b118f003baa2d88b49d0ed1c1 [9ms]
2023-12-14 04:52:33.400 [info] > git show --textconv :login-protocol/src/keycloak.js [11ms]
2023-12-14 04:52:33.405 [info] > git ls-files --stage -- /home/zta/login-protocol/src/keycloak.js [5ms]
2023-12-14 04:52:33.416 [info] > git cat-file -s eb470ff9c7bcbaed6a09bde71c3d9585269a7263 [3ms]
2023-12-14 04:52:34.822 [info] > git show --textconv :login-protocol/src/index.js [13ms]
2023-12-14 04:52:34.829 [info] > git ls-files --stage -- /home/zta/login-protocol/src/index.js [12ms]
2023-12-14 04:52:34.852 [info] > git cat-file -s 1a1155fb90287179ba8c84201fc4cb7c5dbff18b [9ms]
2023-12-14 04:52:39.730 [info] > git show --textconv :login-protocol/src/index.css [20ms]
2023-12-14 04:52:39.745 [info] > git ls-files --stage -- /home/zta/login-protocol/src/index.css [16ms]
2023-12-14 04:52:39.766 [info] > git cat-file -s ec2585e8c0bb8188184ed1e0703c4c8f2a8419b0 [5ms]
2023-12-14 04:52:41.977 [info] > git show --textconv :login-protocol/src/HomePage.js [15ms]
2023-12-14 04:52:41.982 [info] > git ls-files --stage -- /home/zta/login-protocol/src/HomePage.js [7ms]
2023-12-14 04:52:41.999 [info] > git cat-file -s 943b5a543f2a5574923251f36da95ed9bdffbd16 [10ms]
2023-12-14 04:52:46.721 [info] > git show --textconv :login-protocol/src/AuthContext.js [17ms]
2023-12-14 04:52:46.725 [info] > git ls-files --stage -- /home/zta/login-protocol/src/AuthContext.js [3ms]
2023-12-14 04:52:46.736 [info] > git cat-file -s 5173239a2af04c06611afdde87d6ca305fc6191f [3ms]
2023-12-14 04:52:48.414 [info] > git show --textconv :login-protocol/src/App.css [9ms]
2023-12-14 04:52:48.418 [info] > git ls-files --stage -- /home/zta/login-protocol/src/App.css [4ms]
2023-12-14 04:52:48.430 [info] > git cat-file -s 74b5e053450a48a6bdb4d71aad648e7af821975c [4ms]
2023-12-14 04:52:50.237 [info] > git show --textconv :login-protocol/src/setupTests.js [21ms]
2023-12-14 04:52:50.241 [info] > git ls-files --stage -- /home/zta/login-protocol/src/setupTests.js [6ms]
2023-12-14 04:52:50.264 [info] > git cat-file -s 8f2609b7b3e0e3897ab3bcaad13caf6876e48699 [3ms]
2023-12-14 04:52:50.922 [info] > git show --textconv :login-protocol/src/reportWebVitals.js [19ms]
2023-12-14 04:52:50.957 [info] > git ls-files --stage -- /home/zta/login-protocol/src/reportWebVitals.js [36ms]
2023-12-14 04:52:51.018 [info] > git cat-file -s 5253d3ad9e6be6690549cb255f5952337b02401d [12ms]
2023-12-14 04:52:52.300 [info] > git show --textconv :login-protocol/config-overrides.js [19ms]
2023-12-14 04:52:52.302 [info] > git ls-files --stage -- /home/zta/login-protocol/config-overrides.js [3ms]
2023-12-14 04:52:52.316 [info] > git cat-file -s d0451243df6280f4b8d24028b9eb8341939b43d9 [4ms]
2023-12-14 04:52:56.977 [info] > git config --get commit.template [33ms]
2023-12-14 04:52:56.981 [info] > git for-each-ref --format=%(refname)%00%(upstream:short)%00%(objectname)%00%(upstream:track)%00%(upstream:remotename)%00%(upstream:remoteref) refs/heads/master refs/remotes/master [8ms]
2023-12-14 04:52:57.194 [info] > git status -z -uall [199ms]
2023-12-14 04:52:58.159 [info] > git show --textconv :login-protocol/src/LoginPage.js [17ms]
2023-12-14 04:52:58.169 [info] > git ls-files --stage -- /home/zta/login-protocol/src/LoginPage.js [11ms]
2023-12-14 04:52:58.189 [info] > git cat-file -s 30de0cde83d2af9b118f003baa2d88b49d0ed1c1 [7ms]
2023-12-14 04:53:00.480 [info] > git show --textconv :login-protocol/src/App.js [12ms]
2023-12-14 04:53:00.482 [info] > git ls-files --stage -- /home/zta/login-protocol/src/App.js [4ms]
2023-12-14 04:53:00.499 [info] > git cat-file -s 893092a6d9c1f73fe33ec1e0e9aef11476953cb9 [6ms]
2023-12-14 04:53:02.462 [info] > git config --get commit.template [25ms]
2023-12-14 04:53:02.464 [info] > git for-each-ref --format=%(refname)%00%(upstream:short)%00%(objectname)%00%(upstream:track)%00%(upstream:remotename)%00%(upstream:remoteref) refs/heads/master refs/remotes/master [6ms]
2023-12-14 04:53:02.582 [info] > git show --textconv :login-protocol/src/App.css [10ms]
2023-12-14 04:53:02.584 [info] > git ls-files --stage -- /home/zta/login-protocol/src/App.css [3ms]
2023-12-14 04:53:02.615 [info] > git cat-file -s 74b5e053450a48a6bdb4d71aad648e7af821975c [5ms]
2023-12-14 04:53:02.621 [info] > git status -z -uall [148ms]
2023-12-14 04:53:04.208 [info] > git show --textconv :login-protocol/src/App.js [13ms]
2023-12-14 04:53:04.210 [info] > git ls-files --stage -- /home/zta/login-protocol/src/App.js [3ms]
2023-12-14 04:53:04.229 [info] > git cat-file -s 893092a6d9c1f73fe33ec1e0e9aef11476953cb9 [6ms]
2023-12-14 04:53:05.660 [info] > git show --textconv :login-protocol/src/index.js [26ms]
2023-12-14 04:53:05.673 [info] > git ls-files --stage -- /home/zta/login-protocol/src/index.js [15ms]
2023-12-14 04:53:05.694 [info] > git cat-file -s 1a1155fb90287179ba8c84201fc4cb7c5dbff18b [9ms]
2023-12-14 04:53:33.693 [info] > git show --textconv :login-protocol/src/keycloak.js [16ms]
2023-12-14 04:53:33.697 [info] > git ls-files --stage -- /home/zta/login-protocol/src/keycloak.js [5ms]
2023-12-14 04:53:33.725 [info] > git cat-file -s eb470ff9c7bcbaed6a09bde71c3d9585269a7263 [15ms]
2023-12-14 04:53:34.788 [info] > git show --textconv :login-protocol/src/LoginPage.js [12ms]
2023-12-14 04:53:34.792 [info] > git ls-files --stage -- /home/zta/login-protocol/src/LoginPage.js [4ms]
2023-12-14 04:53:34.809 [info] > git cat-file -s 30de0cde83d2af9b118f003baa2d88b49d0ed1c1 [6ms]
2023-12-14 04:53:39.722 [info] > git show --textconv :login-protocol/src/logo.svg [14ms]
2023-12-14 04:53:39.729 [info] > git ls-files --stage -- /home/zta/login-protocol/src/logo.svg [7ms]
2023-12-14 04:53:39.747 [info] > git cat-file -s 9dfc1c058cebbef8b891c5062be6f31033d7d186 [9ms]
2023-12-14 04:53:40.161 [info] > git show --textconv :login-protocol/src/reportWebVitals.js [13ms]
2023-12-14 04:53:40.165 [info] > git ls-files --stage -- /home/zta/login-protocol/src/reportWebVitals.js [5ms]
2023-12-14 04:53:40.179 [info] > git cat-file -s 5253d3ad9e6be6690549cb255f5952337b02401d [3ms]
2023-12-14 04:53:41.246 [info] > git show --textconv :login-protocol/src/setupTests.js [42ms]
2023-12-14 04:53:41.248 [info] > git ls-files --stage -- /home/zta/login-protocol/src/setupTests.js [30ms]
2023-12-14 04:53:41.277 [info] > git cat-file -s 8f2609b7b3e0e3897ab3bcaad13caf6876e48699 [5ms]
2023-12-14 04:53:43.185 [info] > git show --textconv :login-protocol/src/index.js [14ms]
2023-12-14 04:53:43.188 [info] > git ls-files --stage -- /home/zta/login-protocol/src/index.js [3ms]
2023-12-14 04:53:43.202 [info] > git cat-file -s 1a1155fb90287179ba8c84201fc4cb7c5dbff18b [4ms]
2023-12-14 04:53:45.008 [info] > git show --textconv :login-protocol/src/index.css [19ms]
2023-12-14 04:53:45.010 [info] > git ls-files --stage -- /home/zta/login-protocol/src/index.css [3ms]
2023-12-14 04:53:45.026 [info] > git cat-file -s ec2585e8c0bb8188184ed1e0703c4c8f2a8419b0 [2ms]
2023-12-14 04:53:45.618 [info] > git show --textconv :login-protocol/src/HomePage.js [14ms]
2023-12-14 04:53:45.620 [info] > git ls-files --stage -- /home/zta/login-protocol/src/HomePage.js [3ms]
2023-12-14 04:53:45.667 [info] > git cat-file -s 943b5a543f2a5574923251f36da95ed9bdffbd16 [17ms]
2023-12-14 04:53:53.134 [info] > git show --textconv :login-protocol/package.json [56ms]
2023-12-14 04:53:53.160 [info] > git ls-files --stage -- /home/zta/login-protocol/package.json [27ms]
2023-12-14 04:53:53.182 [info] > git cat-file -s c90153921b74ddeabd54551c26b1e72b158d2f50 [8ms]
2023-12-14 04:54:11.355 [info] > git config --get commit.template [10ms]
2023-12-14 04:54:11.358 [info] > git for-each-ref --format=%(refname)%00%(upstream:short)%00%(objectname)%00%(upstream:track)%00%(upstream:remotename)%00%(upstream:remoteref) refs/heads/master refs/remotes/master [4ms]
2023-12-14 04:54:11.446 [info] > git status -z -uall [79ms]
2023-12-14 04:54:39.365 [info] > git config --get commit.template [15ms]
2023-12-14 04:54:39.367 [info] > git for-each-ref --format=%(refname)%00%(upstream:short)%00%(objectname)%00%(upstream:track)%00%(upstream:remotename)%00%(upstream:remoteref) refs/heads/master refs/remotes/master [3ms]
2023-12-14 04:54:39.470 [info] > git status -z -uall [90ms]
2023-12-14 04:54:47.503 [info] > git config --get commit.template [21ms]
2023-12-14 04:54:47.503 [info] > git for-each-ref --format=%(refname)%00%(upstream:short)%00%(objectname)%00%(upstream:track)%00%(upstream:remotename)%00%(upstream:remoteref) refs/heads/master refs/remotes/master [4ms]
2023-12-14 04:54:47.637 [info] > git status -z -uall [118ms]
2023-12-14 04:55:12.970 [info] > git ls-files --stage -- /home/zta/login-protocol/src/LoginPage.js [49ms]
2023-12-14 04:55:13.003 [info] > git show --textconv :login-protocol/src/LoginPage.js [115ms]
2023-12-14 04:55:13.005 [info] > git cat-file -s 30de0cde83d2af9b118f003baa2d88b49d0ed1c1 [4ms]
2023-12-14 04:55:27.237 [info] > git config --get commit.template [17ms]
2023-12-14 04:55:27.238 [info] > git for-each-ref --format=%(refname)%00%(upstream:short)%00%(objectname)%00%(upstream:track)%00%(upstream:remotename)%00%(upstream:remoteref) refs/heads/master refs/remotes/master [4ms]
2023-12-14 04:55:27.338 [info] > git status -z -uall [86ms]
2023-12-14 04:56:00.037 [info] > git show --textconv :Readme.md [26ms]
2023-12-14 04:56:00.042 [info] > git ls-files --stage -- /home/zta/Readme.md [8ms]
2023-12-14 04:56:00.087 [info] > git cat-file -s cd42d2639145639e18993c4277236a0f8a5e8412 [18ms]
2023-12-14 05:02:02.661 [info] > git show --textconv :login-protocol/src/LoginPage.js [18ms]
2023-12-14 05:02:02.663 [info] > git ls-files --stage -- /home/zta/login-protocol/src/LoginPage.js [5ms]
2023-12-14 05:02:02.683 [info] > git cat-file -s 30de0cde83d2af9b118f003baa2d88b49d0ed1c1 [6ms]
2023-12-14 05:04:14.937 [info] > git show --textconv :login-protocol/Dockerfile [19ms]
2023-12-14 05:04:14.943 [info] > git ls-files --stage -- /home/zta/login-protocol/Dockerfile [7ms]
2023-12-14 05:04:14.971 [info] > git cat-file -s f7703705511b1310d7bd4ec3d229ae6630ece5ec [7ms]
2023-12-14 05:04:38.903 [info] > git show --textconv :login-protocol/package.json [29ms]
2023-12-14 05:04:38.908 [info] > git ls-files --stage -- /home/zta/login-protocol/package.json [20ms]
2023-12-14 05:04:38.921 [info] > git config --get commit.template [18ms]
2023-12-14 05:04:38.939 [info] > git cat-file -s c90153921b74ddeabd54551c26b1e72b158d2f50 [19ms]
2023-12-14 05:04:38.941 [info] > git for-each-ref --format=%(refname)%00%(upstream:short)%00%(objectname)%00%(upstream:track)%00%(upstream:remotename)%00%(upstream:remoteref) refs/heads/master refs/remotes/master [4ms]
2023-12-14 05:04:39.091 [info] > git status -z -uall [130ms]
2023-12-14 05:04:40.134 [info] > git show --textconv :login-protocol/src/LoginPage.js [17ms]
2023-12-14 05:04:40.137 [info] > git ls-files --stage -- /home/zta/login-protocol/src/LoginPage.js [3ms]
2023-12-14 05:04:40.157 [info] > git cat-file -s 30de0cde83d2af9b118f003baa2d88b49d0ed1c1 [8ms]
2023-12-14 05:05:54.170 [info] > git check-ignore -v -z --stdin [4ms]
2023-12-14 05:19:02.845 [info] > git config --get commit.template [19ms]
2023-12-14 05:19:02.849 [info] > git for-each-ref --format=%(refname)%00%(upstream:short)%00%(objectname)%00%(upstream:track)%00%(upstream:remotename)%00%(upstream:remoteref) refs/heads/master refs/remotes/master [5ms]
2023-12-14 05:19:02.973 [info] > git status -z -uall [112ms]
2023-12-14 05:19:08.130 [info] > git config --get commit.template [13ms]
2023-12-14 05:19:08.132 [info] > git for-each-ref --format=%(refname)%00%(upstream:short)%00%(objectname)%00%(upstream:track)%00%(upstream:remotename)%00%(upstream:remoteref) refs/heads/master refs/remotes/master [3ms]
2023-12-14 05:19:08.241 [info] > git status -z -uall [97ms]
2023-12-14 05:55:39.487 [info] > git config --get commit.template [83ms]
2023-12-14 05:55:39.529 [info] > git for-each-ref --format=%(refname)%00%(upstream:short)%00%(objectname)%00%(upstream:track)%00%(upstream:remotename)%00%(upstream:remoteref) refs/heads/master refs/remotes/master [46ms]
2023-12-14 05:55:40.395 [info] > git status -z -uall [759ms]
2023-12-14 05:55:45.539 [info] > git config --get commit.template [18ms]
2023-12-14 05:55:45.541 [info] > git for-each-ref --format=%(refname)%00%(upstream:short)%00%(objectname)%00%(upstream:track)%00%(upstream:remotename)%00%(upstream:remoteref) refs/heads/master refs/remotes/master [3ms]
2023-12-14 05:55:45.634 [info] > git status -z -uall [79ms]
2023-12-14 06:02:20.733 [info] > git config --get commit.template [21ms]
2023-12-14 06:02:20.736 [info] > git for-each-ref --format=%(refname)%00%(upstream:short)%00%(objectname)%00%(upstream:track)%00%(upstream:remotename)%00%(upstream:remoteref) refs/heads/master refs/remotes/master [5ms]
2023-12-14 06:02:20.961 [info] > git status -z -uall [212ms]
2023-12-14 06:19:50.723 [info] > git config --get commit.template [26ms]
2023-12-14 06:19:50.726 [info] > git for-each-ref --format=%(refname)%00%(upstream:short)%00%(objectname)%00%(upstream:track)%00%(upstream:remotename)%00%(upstream:remoteref) refs/heads/master refs/remotes/master [5ms]
2023-12-14 06:19:51.051 [info] > git status -z -uall [307ms]
2023-12-14 06:37:55.688 [info] > git config --get commit.template [25ms]
2023-12-14 06:37:55.690 [info] > git for-each-ref --format=%(refname)%00%(upstream:short)%00%(objectname)%00%(upstream:track)%00%(upstream:remotename)%00%(upstream:remoteref) refs/heads/master refs/remotes/master [3ms]
2023-12-14 06:37:55.822 [info] > git status -z -uall [112ms]
