2023-12-18 17:19:53.813 [info] Extension host with pid 545080 started
2023-12-18 17:19:53.911 [info] Lock '/home/zta/.vscode-server/data/User/workspaceStorage/d62dc3466e27b6955d9ed8fe1ee43e33/vscode.lock': Lock acquired.
2023-12-18 17:19:54.024 [info] ExtensionService#_doActivateExtension vscode.typescript-language-features, startup: false, activationEvent: 'onLanguage:javascript'
2023-12-18 17:19:54.027 [info] ExtensionService#_doActivateExtension vscode.emmet, startup: false, activationEvent: 'onLanguage'
2023-12-18 17:19:55.077 [info] ExtensionService#_doActivateExtension vscode.git-base, startup: true, activationEvent: '*', root cause: vscode.git
2023-12-18 17:19:55.088 [info] ExtensionService#_doActivateExtension vscode.npm, startup: true, activationEvent: 'workspaceContains:package.json'
2023-12-18 17:19:55.878 [info] ExtensionService#_doActivateExtension vscode.git, startup: true, activationEvent: '*'
2023-12-18 17:19:55.879 [info] ExtensionService#_doActivateExtension vscode.github, startup: true, activationEvent: '*'
2023-12-18 17:19:59.056 [info] Eager extensions activated
2023-12-18 17:19:59.058 [info] ExtensionService#_doActivateExtension vscode.debug-auto-launch, startup: false, activationEvent: 'onStartupFinished'
2023-12-18 17:19:59.058 [info] ExtensionService#_doActivateExtension vscode.merge-conflict, startup: false, activationEvent: 'onStartupFinished'
2023-12-18 17:20:01.696 [warning] [Decorations] CAPPING events from decorations provider vscode.git 4964
2023-12-18 17:20:03.446 [warning] [Decorations] CAPPING events from decorations provider vscode.git 4964
2023-12-18 17:20:44.886 [warning] [Decorations] CAPPING events from decorations provider vscode.git 4968
2023-12-18 17:43:38.213 [warning] [Decorations] CAPPING events from decorations provider vscode.git 4968
2023-12-18 17:43:43.407 [warning] [Decorations] CAPPING events from decorations provider vscode.git 4968
2023-12-18 17:43:48.616 [warning] [Decorations] CAPPING events from decorations provider vscode.git 4968
2023-12-18 17:43:53.822 [warning] [Decorations] CAPPING events from decorations provider vscode.git 4968
2023-12-18 17:43:59.092 [warning] [Decorations] CAPPING events from decorations provider vscode.git 4968
2023-12-18 17:44:04.371 [warning] [Decorations] CAPPING events from decorations provider vscode.git 4968
2023-12-18 17:44:09.601 [warning] [Decorations] CAPPING events from decorations provider vscode.git 4968
2023-12-18 18:02:18.462 [warning] [Decorations] CAPPING events from decorations provider vscode.git 4972
2023-12-18 18:02:23.884 [warning] [Decorations] CAPPING events from decorations provider vscode.git 4972
2023-12-18 18:02:30.351 [warning] [Decorations] CAPPING events from decorations provider vscode.git 4972
2023-12-18 18:02:35.578 [warning] [Decorations] CAPPING events from decorations provider vscode.git 4972
2023-12-18 18:02:42.760 [warning] [Decorations] CAPPING events from decorations provider vscode.git 4972
2023-12-18 18:02:48.009 [warning] [Decorations] CAPPING events from decorations provider vscode.git 4972
2023-12-18 18:02:53.275 [warning] [Decorations] CAPPING events from decorations provider vscode.git 4972
2023-12-18 18:02:58.564 [warning] [Decorations] CAPPING events from decorations provider vscode.git 4972
2023-12-18 18:03:03.818 [warning] [Decorations] CAPPING events from decorations provider vscode.git 4972
2023-12-18 18:03:09.073 [warning] [Decorations] CAPPING events from decorations provider vscode.git 4972
2023-12-18 18:03:14.288 [warning] [Decorations] CAPPING events from decorations provider vscode.git 4972
2023-12-18 18:03:19.548 [warning] [Decorations] CAPPING events from decorations provider vscode.git 4972
2023-12-18 18:03:24.807 [warning] [Decorations] CAPPING events from decorations provider vscode.git 4972
2023-12-18 18:03:30.063 [warning] [Decorations] CAPPING events from decorations provider vscode.git 4972
2023-12-18 18:03:35.292 [warning] [Decorations] CAPPING events from decorations provider vscode.git 4972
2023-12-18 18:03:40.533 [warning] [Decorations] CAPPING events from decorations provider vscode.git 4972
2023-12-18 18:03:45.891 [warning] [Decorations] CAPPING events from decorations provider vscode.git 4973
2023-12-18 18:03:51.126 [warning] [Decorations] CAPPING events from decorations provider vscode.git 4973
2023-12-18 18:03:56.410 [warning] [Decorations] CAPPING events from decorations provider vscode.git 4973
2023-12-18 18:04:02.134 [warning] [Decorations] CAPPING events from decorations provider vscode.git 4973
2023-12-18 18:04:07.407 [warning] [Decorations] CAPPING events from decorations provider vscode.git 4973
2023-12-18 18:04:18.541 [warning] [Decorations] CAPPING events from decorations provider vscode.git 4973
2023-12-18 18:04:23.791 [warning] [Decorations] CAPPING events from decorations provider vscode.git 4973
2023-12-18 18:04:29.000 [warning] [Decorations] CAPPING events from decorations provider vscode.git 4973
2023-12-18 18:04:36.900 [warning] [Decorations] CAPPING events from decorations provider vscode.git 4973
2023-12-18 18:04:42.146 [warning] [Decorations] CAPPING events from decorations provider vscode.git 4973
2023-12-18 18:04:47.375 [warning] [Decorations] CAPPING events from decorations provider vscode.git 4973
2023-12-18 18:04:52.612 [warning] [Decorations] CAPPING events from decorations provider vscode.git 4973
2023-12-18 18:04:57.886 [warning] [Decorations] CAPPING events from decorations provider vscode.git 4973
2023-12-18 18:05:03.129 [warning] [Decorations] CAPPING events from decorations provider vscode.git 4973
2023-12-18 18:05:08.348 [warning] [Decorations] CAPPING events from decorations provider vscode.git 4973
2023-12-18 18:05:13.588 [warning] [Decorations] CAPPING events from decorations provider vscode.git 4973
2023-12-18 18:05:18.837 [warning] [Decorations] CAPPING events from decorations provider vscode.git 4973
2023-12-18 18:05:24.114 [warning] [Decorations] CAPPING events from decorations provider vscode.git 4973
2023-12-18 18:05:29.333 [warning] [Decorations] CAPPING events from decorations provider vscode.git 4973
2023-12-18 18:05:34.625 [warning] [Decorations] CAPPING events from decorations provider vscode.git 4973
2023-12-18 18:06:07.403 [warning] [Decorations] CAPPING events from decorations provider vscode.git 4973
2023-12-18 18:06:12.606 [warning] [Decorations] CAPPING events from decorations provider vscode.git 4973
2023-12-18 18:06:17.815 [warning] [Decorations] CAPPING events from decorations provider vscode.git 4973
2023-12-18 18:06:25.560 [warning] [Decorations] CAPPING events from decorations provider vscode.git 4973
2023-12-18 18:07:01.659 [warning] [Decorations] CAPPING events from decorations provider vscode.git 4974
2023-12-18 18:07:06.920 [warning] [Decorations] CAPPING events from decorations provider vscode.git 4974
2023-12-18 18:07:12.219 [warning] [Decorations] CAPPING events from decorations provider vscode.git 4974
2023-12-18 18:07:17.500 [warning] [Decorations] CAPPING events from decorations provider vscode.git 4974
2023-12-18 18:07:22.864 [warning] [Decorations] CAPPING events from decorations provider vscode.git 4974
2023-12-18 18:07:35.078 [warning] [Decorations] CAPPING events from decorations provider vscode.git 4974
2023-12-18 18:07:40.358 [warning] [Decorations] CAPPING events from decorations provider vscode.git 4974
2023-12-18 18:07:45.591 [warning] [Decorations] CAPPING events from decorations provider vscode.git 4974
2023-12-18 18:07:50.843 [warning] [Decorations] CAPPING events from decorations provider vscode.git 4974
2023-12-18 18:07:56.215 [warning] [Decorations] CAPPING events from decorations provider vscode.git 4974
2023-12-18 18:08:01.876 [warning] [Decorations] CAPPING events from decorations provider vscode.git 4974
2023-12-18 18:08:48.506 [warning] [Decorations] CAPPING events from decorations provider vscode.git 4974
2023-12-18 18:08:53.784 [warning] [Decorations] CAPPING events from decorations provider vscode.git 4974
2023-12-18 18:08:59.219 [warning] [Decorations] CAPPING events from decorations provider vscode.git 4974
2023-12-18 18:09:11.090 [warning] [Decorations] CAPPING events from decorations provider vscode.git 4974
2023-12-18 18:09:16.337 [warning] [Decorations] CAPPING events from decorations provider vscode.git 4974
2023-12-18 18:09:21.596 [warning] [Decorations] CAPPING events from decorations provider vscode.git 4974
2023-12-18 18:09:26.942 [warning] [Decorations] CAPPING events from decorations provider vscode.git 4974
2023-12-18 18:09:41.607 [warning] [Decorations] CAPPING events from decorations provider vscode.git 4974
2023-12-18 18:09:46.821 [warning] [Decorations] CAPPING events from decorations provider vscode.git 4974
2023-12-18 18:09:52.668 [warning] [Decorations] CAPPING events from decorations provider vscode.git 4974
2023-12-18 18:09:57.916 [warning] [Decorations] CAPPING events from decorations provider vscode.git 4974
2023-12-18 18:10:03.388 [warning] [Decorations] CAPPING events from decorations provider vscode.git 4974
2023-12-18 18:10:15.753 [warning] [Decorations] CAPPING events from decorations provider vscode.git 4974
2023-12-18 18:10:21.058 [warning] [Decorations] CAPPING events from decorations provider vscode.git 4974
2023-12-18 18:10:26.836 [warning] [Decorations] CAPPING events from decorations provider vscode.git 4974
2023-12-18 18:10:34.037 [warning] [Decorations] CAPPING events from decorations provider vscode.git 4974
2023-12-18 18:10:51.552 [warning] [Decorations] CAPPING events from decorations provider vscode.git 4974
2023-12-18 18:10:56.795 [warning] [Decorations] CAPPING events from decorations provider vscode.git 4974
2023-12-18 18:11:02.106 [warning] [Decorations] CAPPING events from decorations provider vscode.git 4974
2023-12-18 18:11:07.364 [warning] [Decorations] CAPPING events from decorations provider vscode.git 4974
2023-12-18 18:11:12.581 [warning] [Decorations] CAPPING events from decorations provider vscode.git 4974
2023-12-18 18:11:17.849 [warning] [Decorations] CAPPING events from decorations provider vscode.git 4974
2023-12-18 18:11:45.622 [warning] [Decorations] CAPPING events from decorations provider vscode.git 4974
2023-12-18 18:11:50.999 [warning] [Decorations] CAPPING events from decorations provider vscode.git 4974
2023-12-18 18:11:56.235 [warning] [Decorations] CAPPING events from decorations provider vscode.git 4974
2023-12-18 18:12:01.460 [warning] [Decorations] CAPPING events from decorations provider vscode.git 4974
2023-12-18 18:12:06.680 [warning] [Decorations] CAPPING events from decorations provider vscode.git 4974
2023-12-18 18:12:26.833 [warning] [Decorations] CAPPING events from decorations provider vscode.git 4974
2023-12-18 18:12:32.055 [warning] [Decorations] CAPPING events from decorations provider vscode.git 4974
2023-12-18 18:12:37.278 [warning] [Decorations] CAPPING events from decorations provider vscode.git 4974
2023-12-18 18:12:42.523 [warning] [Decorations] CAPPING events from decorations provider vscode.git 4974
2023-12-18 18:12:47.782 [warning] [Decorations] CAPPING events from decorations provider vscode.git 4974
2023-12-18 18:12:53.005 [warning] [Decorations] CAPPING events from decorations provider vscode.git 4974
2023-12-18 18:12:58.261 [warning] [Decorations] CAPPING events from decorations provider vscode.git 4974
2023-12-18 18:13:03.497 [warning] [Decorations] CAPPING events from decorations provider vscode.git 4974
2023-12-18 18:13:08.836 [warning] [Decorations] CAPPING events from decorations provider vscode.git 4975
2023-12-18 18:13:14.089 [warning] [Decorations] CAPPING events from decorations provider vscode.git 4977
2023-12-18 18:13:21.156 [warning] [Decorations] CAPPING events from decorations provider vscode.git 4977
2023-12-18 18:13:33.524 [warning] [Decorations] CAPPING events from decorations provider vscode.git 4977
2023-12-18 18:13:38.799 [warning] [Decorations] CAPPING events from decorations provider vscode.git 4977
2023-12-18 18:13:44.126 [warning] [Decorations] CAPPING events from decorations provider vscode.git 4977
2023-12-18 18:13:49.410 [warning] [Decorations] CAPPING events from decorations provider vscode.git 4977
2023-12-18 18:13:54.904 [warning] [Decorations] CAPPING events from decorations provider vscode.git 4977
2023-12-18 18:14:00.155 [warning] [Decorations] CAPPING events from decorations provider vscode.git 4977
2023-12-18 18:14:05.496 [warning] [Decorations] CAPPING events from decorations provider vscode.git 4977
2023-12-18 18:14:10.942 [warning] [Decorations] CAPPING events from decorations provider vscode.git 4977
2023-12-18 18:15:24.472 [warning] [Decorations] CAPPING events from decorations provider vscode.git 4977
2023-12-18 18:15:29.754 [warning] [Decorations] CAPPING events from decorations provider vscode.git 4977
2023-12-18 18:15:35.138 [warning] [Decorations] CAPPING events from decorations provider vscode.git 4977
2023-12-18 18:15:40.353 [warning] [Decorations] CAPPING events from decorations provider vscode.git 4977
2023-12-18 18:15:45.572 [warning] [Decorations] CAPPING events from decorations provider vscode.git 4977
2023-12-18 18:15:50.840 [warning] [Decorations] CAPPING events from decorations provider vscode.git 4977
2023-12-18 18:15:56.165 [warning] [Decorations] CAPPING events from decorations provider vscode.git 4977
2023-12-18 18:16:01.413 [warning] [Decorations] CAPPING events from decorations provider vscode.git 4977
2023-12-18 18:16:06.654 [warning] [Decorations] CAPPING events from decorations provider vscode.git 4977
2023-12-18 18:16:11.882 [warning] [Decorations] CAPPING events from decorations provider vscode.git 4977
2023-12-18 18:16:17.164 [warning] [Decorations] CAPPING events from decorations provider vscode.git 4977
2023-12-18 18:16:22.401 [warning] [Decorations] CAPPING events from decorations provider vscode.git 4977
2023-12-18 18:16:27.686 [warning] [Decorations] CAPPING events from decorations provider vscode.git 4977
2023-12-18 18:16:32.951 [warning] [Decorations] CAPPING events from decorations provider vscode.git 4977
2023-12-18 18:16:38.188 [warning] [Decorations] CAPPING events from decorations provider vscode.git 4977
2023-12-18 18:16:43.434 [warning] [Decorations] CAPPING events from decorations provider vscode.git 4977
2023-12-18 18:16:48.712 [warning] [Decorations] CAPPING events from decorations provider vscode.git 4977
2023-12-18 18:16:54.027 [warning] [Decorations] CAPPING events from decorations provider vscode.git 4977
2023-12-18 18:16:59.319 [warning] [Decorations] CAPPING events from decorations provider vscode.git 4977
2023-12-18 18:17:04.520 [warning] [Decorations] CAPPING events from decorations provider vscode.git 4977
2023-12-18 18:17:09.745 [warning] [Decorations] CAPPING events from decorations provider vscode.git 4977
2023-12-18 18:17:15.007 [warning] [Decorations] CAPPING events from decorations provider vscode.git 4977
2023-12-18 18:17:20.193 [warning] [Decorations] CAPPING events from decorations provider vscode.git 4977
2023-12-18 18:17:25.418 [warning] [Decorations] CAPPING events from decorations provider vscode.git 4977
2023-12-18 18:17:30.626 [warning] [Decorations] CAPPING events from decorations provider vscode.git 4977
2023-12-18 18:17:35.832 [warning] [Decorations] CAPPING events from decorations provider vscode.git 4977
2023-12-18 18:17:41.053 [warning] [Decorations] CAPPING events from decorations provider vscode.git 4977
2023-12-18 18:17:46.295 [warning] [Decorations] CAPPING events from decorations provider vscode.git 4977
2023-12-18 18:17:52.215 [warning] [Decorations] CAPPING events from decorations provider vscode.git 4977
2023-12-18 18:17:57.467 [warning] [Decorations] CAPPING events from decorations provider vscode.git 4977
2023-12-18 18:18:02.676 [warning] [Decorations] CAPPING events from decorations provider vscode.git 4977
2023-12-18 18:18:07.907 [warning] [Decorations] CAPPING events from decorations provider vscode.git 4977
2023-12-18 18:18:13.113 [warning] [Decorations] CAPPING events from decorations provider vscode.git 4977
2023-12-18 18:18:18.333 [warning] [Decorations] CAPPING events from decorations provider vscode.git 4977
2023-12-18 18:18:23.534 [warning] [Decorations] CAPPING events from decorations provider vscode.git 4977
2023-12-18 18:18:28.738 [warning] [Decorations] CAPPING events from decorations provider vscode.git 4977
2023-12-18 18:18:33.954 [warning] [Decorations] CAPPING events from decorations provider vscode.git 4977
2023-12-18 18:18:39.195 [warning] [Decorations] CAPPING events from decorations provider vscode.git 4977
2023-12-18 18:18:44.409 [warning] [Decorations] CAPPING events from decorations provider vscode.git 4977
2023-12-18 18:18:49.668 [warning] [Decorations] CAPPING events from decorations provider vscode.git 4977
2023-12-18 18:18:54.917 [warning] [Decorations] CAPPING events from decorations provider vscode.git 4977
2023-12-18 18:19:00.173 [warning] [Decorations] CAPPING events from decorations provider vscode.git 4977
2023-12-18 18:19:05.801 [warning] [Decorations] CAPPING events from decorations provider vscode.git 4977
2023-12-18 18:19:11.150 [warning] [Decorations] CAPPING events from decorations provider vscode.git 4977
2023-12-18 18:19:17.217 [warning] [Decorations] CAPPING events from decorations provider vscode.git 4977
2023-12-18 18:19:22.611 [warning] [Decorations] CAPPING events from decorations provider vscode.git 4977
2023-12-18 18:19:27.859 [warning] [Decorations] CAPPING events from decorations provider vscode.git 4977
2023-12-18 18:19:33.304 [warning] [Decorations] CAPPING events from decorations provider vscode.git 4977
2023-12-18 18:19:48.935 [warning] [Decorations] CAPPING events from decorations provider vscode.git 4977
2023-12-18 18:19:54.175 [warning] [Decorations] CAPPING events from decorations provider vscode.git 4977
2023-12-18 18:19:59.529 [warning] [Decorations] CAPPING events from decorations provider vscode.git 4977
2023-12-18 18:20:38.473 [warning] [Decorations] CAPPING events from decorations provider vscode.git 4977
2023-12-18 18:20:44.205 [warning] [Decorations] CAPPING events from decorations provider vscode.git 4977
2023-12-18 18:20:50.024 [warning] [Decorations] CAPPING events from decorations provider vscode.git 4977
2023-12-18 18:20:55.577 [warning] [Decorations] CAPPING events from decorations provider vscode.git 4977
2023-12-18 18:21:00.973 [warning] [Decorations] CAPPING events from decorations provider vscode.git 4977
2023-12-18 18:21:06.350 [warning] [Decorations] CAPPING events from decorations provider vscode.git 4977
2023-12-18 18:21:11.685 [warning] [Decorations] CAPPING events from decorations provider vscode.git 4977
2023-12-18 18:21:17.063 [warning] [Decorations] CAPPING events from decorations provider vscode.git 4978
2023-12-18 18:21:22.296 [warning] [Decorations] CAPPING events from decorations provider vscode.git 4978
2023-12-18 18:21:27.947 [warning] [Decorations] CAPPING events from decorations provider vscode.git 4978
2023-12-18 18:21:33.167 [warning] [Decorations] CAPPING events from decorations provider vscode.git 4978
2023-12-18 18:21:42.646 [warning] [Decorations] CAPPING events from decorations provider vscode.git 4978
2023-12-18 18:21:47.875 [warning] [Decorations] CAPPING events from decorations provider vscode.git 4979
2023-12-18 18:21:53.133 [warning] [Decorations] CAPPING events from decorations provider vscode.git 4979
2023-12-18 18:21:58.370 [warning] [Decorations] CAPPING events from decorations provider vscode.git 4978
2023-12-18 18:22:16.154 [warning] [Decorations] CAPPING events from decorations provider vscode.git 4978
2023-12-18 18:22:21.440 [warning] [Decorations] CAPPING events from decorations provider vscode.git 4978
2023-12-18 18:22:26.707 [warning] [Decorations] CAPPING events from decorations provider vscode.git 4978
2023-12-18 18:22:31.909 [warning] [Decorations] CAPPING events from decorations provider vscode.git 4978
2023-12-18 18:22:37.125 [warning] [Decorations] CAPPING events from decorations provider vscode.git 4978
2023-12-18 18:22:42.339 [warning] [Decorations] CAPPING events from decorations provider vscode.git 4978
2023-12-18 18:22:47.561 [warning] [Decorations] CAPPING events from decorations provider vscode.git 4978
2023-12-18 18:22:52.766 [warning] [Decorations] CAPPING events from decorations provider vscode.git 4978
2023-12-18 18:22:58.002 [warning] [Decorations] CAPPING events from decorations provider vscode.git 4978
2023-12-18 18:23:03.234 [warning] [Decorations] CAPPING events from decorations provider vscode.git 4978
2023-12-18 18:23:08.577 [warning] [Decorations] CAPPING events from decorations provider vscode.git 4978
2023-12-18 18:23:13.904 [warning] [Decorations] CAPPING events from decorations provider vscode.git 4978
2023-12-18 18:23:19.848 [warning] [Decorations] CAPPING events from decorations provider vscode.git 4978
2023-12-18 18:23:25.052 [warning] [Decorations] CAPPING events from decorations provider vscode.git 4978
2023-12-18 18:23:30.335 [warning] [Decorations] CAPPING events from decorations provider vscode.git 4978
2023-12-18 18:23:35.667 [warning] [Decorations] CAPPING events from decorations provider vscode.git 4978
2023-12-18 18:23:40.868 [warning] [Decorations] CAPPING events from decorations provider vscode.git 4978
2023-12-18 18:23:46.092 [warning] [Decorations] CAPPING events from decorations provider vscode.git 4978
2023-12-18 18:23:51.346 [warning] [Decorations] CAPPING events from decorations provider vscode.git 4978
2023-12-18 18:23:56.574 [warning] [Decorations] CAPPING events from decorations provider vscode.git 4978
2023-12-18 18:24:01.803 [warning] [Decorations] CAPPING events from decorations provider vscode.git 4978
2023-12-18 18:24:07.021 [warning] [Decorations] CAPPING events from decorations provider vscode.git 4978
2023-12-18 18:24:12.220 [warning] [Decorations] CAPPING events from decorations provider vscode.git 4978
2023-12-18 18:24:17.431 [warning] [Decorations] CAPPING events from decorations provider vscode.git 4978
2023-12-18 18:24:22.647 [warning] [Decorations] CAPPING events from decorations provider vscode.git 4978
2023-12-18 18:24:27.863 [warning] [Decorations] CAPPING events from decorations provider vscode.git 4978
2023-12-18 18:24:33.078 [warning] [Decorations] CAPPING events from decorations provider vscode.git 4978
2023-12-18 18:24:38.283 [warning] [Decorations] CAPPING events from decorations provider vscode.git 4978
2023-12-18 18:24:43.502 [warning] [Decorations] CAPPING events from decorations provider vscode.git 4978
2023-12-18 18:24:48.755 [warning] [Decorations] CAPPING events from decorations provider vscode.git 4978
2023-12-18 18:24:54.010 [warning] [Decorations] CAPPING events from decorations provider vscode.git 4978
2023-12-18 18:24:59.267 [warning] [Decorations] CAPPING events from decorations provider vscode.git 4978
2023-12-18 18:25:04.601 [warning] [Decorations] CAPPING events from decorations provider vscode.git 4978
2023-12-18 18:25:09.829 [warning] [Decorations] CAPPING events from decorations provider vscode.git 4978
2023-12-18 18:25:37.746 [warning] [Decorations] CAPPING events from decorations provider vscode.git 4978
2023-12-18 18:25:43.055 [warning] [Decorations] CAPPING events from decorations provider vscode.git 4978
2023-12-18 18:26:03.610 [warning] [Decorations] CAPPING events from decorations provider vscode.git 4978
2023-12-18 18:26:08.981 [warning] [Decorations] CAPPING events from decorations provider vscode.git 4978
2023-12-18 18:26:14.273 [warning] [Decorations] CAPPING events from decorations provider vscode.git 4978
2023-12-18 18:26:19.530 [warning] [Decorations] CAPPING events from decorations provider vscode.git 4979
2023-12-18 18:26:24.841 [warning] [Decorations] CAPPING events from decorations provider vscode.git 4980
2023-12-18 18:26:36.877 [warning] [Decorations] CAPPING events from decorations provider vscode.git 4980
2023-12-18 18:26:56.849 [warning] [Decorations] CAPPING events from decorations provider vscode.git 4980
2023-12-18 18:27:02.217 [warning] [Decorations] CAPPING events from decorations provider vscode.git 4980
2023-12-18 18:27:07.445 [warning] [Decorations] CAPPING events from decorations provider vscode.git 4980
2023-12-18 18:27:12.654 [warning] [Decorations] CAPPING events from decorations provider vscode.git 4980
2023-12-18 18:29:38.489 [warning] [Decorations] CAPPING events from decorations provider vscode.git 4980
2023-12-18 18:29:43.739 [warning] [Decorations] CAPPING events from decorations provider vscode.git 4980
2023-12-18 18:29:48.951 [warning] [Decorations] CAPPING events from decorations provider vscode.git 4980
2023-12-18 18:29:54.410 [warning] [Decorations] CAPPING events from decorations provider vscode.git 4981
2023-12-18 18:30:28.340 [warning] [Decorations] CAPPING events from decorations provider vscode.git 4981
2023-12-18 18:31:50.276 [warning] [Decorations] CAPPING events from decorations provider vscode.git 4981
2023-12-18 18:31:55.880 [warning] [Decorations] CAPPING events from decorations provider vscode.git 4981
2023-12-18 18:32:01.193 [warning] [Decorations] CAPPING events from decorations provider vscode.git 4981
2023-12-18 18:32:06.616 [warning] [Decorations] CAPPING events from decorations provider vscode.git 4982
2023-12-18 18:32:23.536 [warning] [Decorations] CAPPING events from decorations provider vscode.git 4982
2023-12-18 18:32:55.645 [warning] [Decorations] CAPPING events from decorations provider vscode.git 4982
2023-12-18 18:33:00.983 [warning] [Decorations] CAPPING events from decorations provider vscode.git 4983
2023-12-18 18:33:39.625 [warning] [Decorations] CAPPING events from decorations provider vscode.git 4983
2023-12-18 18:35:25.518 [warning] [Decorations] CAPPING events from decorations provider vscode.git 4984
2023-12-18 18:38:40.580 [warning] [Decorations] CAPPING events from decorations provider vscode.git 4984
2023-12-18 18:38:46.112 [warning] [Decorations] CAPPING events from decorations provider vscode.git 4984
2023-12-18 18:38:52.291 [warning] [Decorations] CAPPING events from decorations provider vscode.git 4984
2023-12-18 18:38:57.916 [warning] [Decorations] CAPPING events from decorations provider vscode.git 4984
2023-12-18 18:39:03.142 [warning] [Decorations] CAPPING events from decorations provider vscode.git 4984
2023-12-18 18:39:08.881 [warning] [Decorations] CAPPING events from decorations provider vscode.git 4984
2023-12-18 18:39:14.350 [warning] [Decorations] CAPPING events from decorations provider vscode.git 4985
2023-12-18 18:39:19.695 [warning] [Decorations] CAPPING events from decorations provider vscode.git 4987
2023-12-18 18:39:25.017 [warning] [Decorations] CAPPING events from decorations provider vscode.git 4992
2023-12-18 18:39:30.404 [warning] [Decorations] CAPPING events from decorations provider vscode.git 4992
2023-12-18 18:39:35.733 [warning] [Decorations] CAPPING events from decorations provider vscode.git 4992
2023-12-18 18:39:40.958 [warning] [Decorations] CAPPING events from decorations provider vscode.git 4992
2023-12-18 18:39:46.372 [warning] [Decorations] CAPPING events from decorations provider vscode.git 4992
2023-12-18 18:40:15.472 [warning] [Decorations] CAPPING events from decorations provider vscode.git 4993
2023-12-18 18:40:21.356 [warning] [Decorations] CAPPING events from decorations provider vscode.git 4993
2023-12-18 18:40:26.575 [warning] [Decorations] CAPPING events from decorations provider vscode.git 4993
2023-12-18 18:40:31.978 [warning] [Decorations] CAPPING events from decorations provider vscode.git 4993
2023-12-18 18:40:37.196 [warning] [Decorations] CAPPING events from decorations provider vscode.git 4993
2023-12-18 18:40:42.486 [warning] [Decorations] CAPPING events from decorations provider vscode.git 4993
2023-12-18 18:40:47.917 [warning] [Decorations] CAPPING events from decorations provider vscode.git 4993
2023-12-18 18:40:53.318 [warning] [Decorations] CAPPING events from decorations provider vscode.git 4993
2023-12-18 18:42:26.922 [warning] [Decorations] CAPPING events from decorations provider vscode.git 4993
2023-12-18 18:42:31.761 [info] ExtensionService#_doActivateExtension vscode.extension-editing, startup: false, activationEvent: 'onLanguage:json'
2023-12-18 18:42:31.764 [info] ExtensionService#_doActivateExtension vscode.json-language-features, startup: false, activationEvent: 'onLanguage:json'
2023-12-18 18:42:32.453 [warning] [Decorations] CAPPING events from decorations provider vscode.git 4993
2023-12-18 18:42:37.999 [warning] [Decorations] CAPPING events from decorations provider vscode.git 4994
2023-12-18 18:42:43.276 [warning] [Decorations] CAPPING events from decorations provider vscode.git 4994
2023-12-18 18:42:48.527 [warning] [Decorations] CAPPING events from decorations provider vscode.git 4994
2023-12-18 18:42:53.799 [warning] [Decorations] CAPPING events from decorations provider vscode.git 4994
2023-12-18 18:42:59.129 [warning] [Decorations] CAPPING events from decorations provider vscode.git 4994
2023-12-18 18:43:04.368 [warning] [Decorations] CAPPING events from decorations provider vscode.git 4994
2023-12-18 18:43:10.391 [warning] [Decorations] CAPPING events from decorations provider vscode.git 4995
2023-12-18 18:43:15.605 [warning] [Decorations] CAPPING events from decorations provider vscode.git 4995
2023-12-18 18:43:21.309 [warning] [Decorations] CAPPING events from decorations provider vscode.git 4995
2023-12-18 18:43:26.536 [warning] [Decorations] CAPPING events from decorations provider vscode.git 4995
2023-12-18 18:43:31.746 [warning] [Decorations] CAPPING events from decorations provider vscode.git 4995
2023-12-18 18:43:36.961 [warning] [Decorations] CAPPING events from decorations provider vscode.git 4995
2023-12-18 18:43:42.202 [warning] [Decorations] CAPPING events from decorations provider vscode.git 4995
2023-12-18 18:43:47.878 [warning] [Decorations] CAPPING events from decorations provider vscode.git 4995
2023-12-18 18:43:53.346 [warning] [Decorations] CAPPING events from decorations provider vscode.git 4995
2023-12-18 18:43:58.806 [warning] [Decorations] CAPPING events from decorations provider vscode.git 4995
2023-12-18 18:44:04.300 [warning] [Decorations] CAPPING events from decorations provider vscode.git 4995
2023-12-18 18:44:10.346 [warning] [Decorations] CAPPING events from decorations provider vscode.git 4995
2023-12-18 18:44:40.971 [warning] [Decorations] CAPPING events from decorations provider vscode.git 4995
2023-12-18 18:44:46.268 [warning] [Decorations] CAPPING events from decorations provider vscode.git 4995
2023-12-18 18:44:51.479 [warning] [Decorations] CAPPING events from decorations provider vscode.git 4995
2023-12-18 18:44:57.216 [warning] [Decorations] CAPPING events from decorations provider vscode.git 4995
2023-12-18 18:45:02.468 [warning] [Decorations] CAPPING events from decorations provider vscode.git 4995
2023-12-18 18:45:07.705 [warning] [Decorations] CAPPING events from decorations provider vscode.git 4995
2023-12-18 18:45:26.532 [warning] [Decorations] CAPPING events from decorations provider vscode.git 4995
2023-12-18 18:45:31.824 [warning] [Decorations] CAPPING events from decorations provider vscode.git 4995
2023-12-18 18:45:37.144 [warning] [Decorations] CAPPING events from decorations provider vscode.git 4995
2023-12-18 18:46:29.763 [warning] [Decorations] CAPPING events from decorations provider vscode.git 4995
2023-12-18 18:46:35.362 [warning] [Decorations] CAPPING events from decorations provider vscode.git 4995
2023-12-18 18:46:40.907 [warning] [Decorations] CAPPING events from decorations provider vscode.git 4995
2023-12-18 18:46:46.170 [warning] [Decorations] CAPPING events from decorations provider vscode.git 4995
2023-12-18 18:46:51.525 [warning] [Decorations] CAPPING events from decorations provider vscode.git 4996
2023-12-18 18:46:56.977 [warning] [Decorations] CAPPING events from decorations provider vscode.git 4996
2023-12-18 18:47:02.397 [warning] [Decorations] CAPPING events from decorations provider vscode.git 4996
2023-12-18 18:47:16.219 [warning] [Decorations] CAPPING events from decorations provider vscode.git 4996
2023-12-18 18:47:21.434 [warning] [Decorations] CAPPING events from decorations provider vscode.git 4996
2023-12-18 18:47:26.662 [warning] [Decorations] CAPPING events from decorations provider vscode.git 4996
2023-12-18 18:47:32.369 [warning] [Decorations] CAPPING events from decorations provider vscode.git 4996
2023-12-18 18:47:37.583 [warning] [Decorations] CAPPING events from decorations provider vscode.git 4996
2023-12-18 18:47:42.838 [warning] [Decorations] CAPPING events from decorations provider vscode.git 4996
2023-12-18 18:47:48.019 [warning] [Decorations] CAPPING events from decorations provider vscode.git 4996
2023-12-18 18:47:53.222 [warning] [Decorations] CAPPING events from decorations provider vscode.git 4996
2023-12-18 18:47:58.419 [warning] [Decorations] CAPPING events from decorations provider vscode.git 4996
2023-12-18 18:48:03.616 [warning] [Decorations] CAPPING events from decorations provider vscode.git 4996
2023-12-18 18:48:08.850 [warning] [Decorations] CAPPING events from decorations provider vscode.git 4996
2023-12-18 18:48:14.058 [warning] [Decorations] CAPPING events from decorations provider vscode.git 4996
2023-12-18 18:48:19.312 [warning] [Decorations] CAPPING events from decorations provider vscode.git 4996
2023-12-18 18:48:24.593 [warning] [Decorations] CAPPING events from decorations provider vscode.git 4997
2023-12-18 18:48:30.349 [warning] [Decorations] CAPPING events from decorations provider vscode.git 4997
2023-12-18 18:48:35.709 [warning] [Decorations] CAPPING events from decorations provider vscode.git 4997
2023-12-18 18:48:41.414 [warning] [Decorations] CAPPING events from decorations provider vscode.git 4997
2023-12-18 18:48:46.789 [warning] [Decorations] CAPPING events from decorations provider vscode.git 4997
2023-12-18 18:48:52.338 [warning] [Decorations] CAPPING events from decorations provider vscode.git 4997
2023-12-18 18:48:57.553 [warning] [Decorations] CAPPING events from decorations provider vscode.git 4997
2023-12-18 18:49:02.771 [warning] [Decorations] CAPPING events from decorations provider vscode.git 4997
2023-12-18 18:49:07.985 [warning] [Decorations] CAPPING events from decorations provider vscode.git 4997
2023-12-18 18:49:13.216 [warning] [Decorations] CAPPING events from decorations provider vscode.git 4997
2023-12-18 18:49:19.321 [warning] [Decorations] CAPPING events from decorations provider vscode.git 4997
2023-12-18 18:49:25.055 [warning] [Decorations] CAPPING events from decorations provider vscode.git 4997
2023-12-18 18:49:30.286 [warning] [Decorations] CAPPING events from decorations provider vscode.git 4997
2023-12-18 18:49:35.527 [warning] [Decorations] CAPPING events from decorations provider vscode.git 4997
2023-12-18 18:49:40.789 [warning] [Decorations] CAPPING events from decorations provider vscode.git 4997
2023-12-18 18:49:46.011 [warning] [Decorations] CAPPING events from decorations provider vscode.git 4997
2023-12-18 18:49:51.366 [warning] [Decorations] CAPPING events from decorations provider vscode.git 4997
2023-12-18 18:49:56.596 [warning] [Decorations] CAPPING events from decorations provider vscode.git 4997
2023-12-18 18:50:02.311 [warning] [Decorations] CAPPING events from decorations provider vscode.git 4997
2023-12-18 18:50:07.767 [warning] [Decorations] CAPPING events from decorations provider vscode.git 4997
2023-12-18 18:50:13.014 [warning] [Decorations] CAPPING events from decorations provider vscode.git 4997
2023-12-18 18:50:18.363 [warning] [Decorations] CAPPING events from decorations provider vscode.git 4997
2023-12-18 18:50:23.617 [warning] [Decorations] CAPPING events from decorations provider vscode.git 4997
2023-12-18 18:50:29.036 [warning] [Decorations] CAPPING events from decorations provider vscode.git 5010
2023-12-18 18:50:34.332 [warning] [Decorations] CAPPING events from decorations provider vscode.git 5009
2023-12-18 18:50:39.692 [warning] [Decorations] CAPPING events from decorations provider vscode.git 5009
