2023-12-06 15:05:10.952 [info] Log level: Info
2023-12-06 15:05:10.953 [info] Validating found git in: "git"
2023-12-06 15:05:10.953 [info] Using git "2.34.1" from "git"
2023-12-06 15:05:10.953 [info] > git rev-parse --show-toplevel [14ms]
2023-12-06 15:05:10.953 [info] fatal: detected dubious ownership in repository at '/home/zta/ZTA'
To add an exception for this directory, call:

	git config --global --add safe.directory /home/zta/ZTA
2023-12-06 15:05:10.987 [info] > git rev-parse --show-toplevel [13ms]
2023-12-06 15:05:10.987 [info] fatal: detected dubious ownership in repository at '/home/zta/ZTA'
To add an exception for this directory, call:

	git config --global --add safe.directory /home/zta/ZTA
2023-12-06 15:05:11.000 [info] > git rev-parse --show-toplevel [5ms]
2023-12-06 15:05:11.000 [info] fatal: detected dubious ownership in repository at '/home/zta/ZTA'
To add an exception for this directory, call:

	git config --global --add safe.directory /home/zta/ZTA
2023-12-06 15:05:11.019 [info] > git rev-parse --show-toplevel [5ms]
2023-12-06 15:05:11.019 [info] fatal: detected dubious ownership in repository at '/home/zta/ZTA'
To add an exception for this directory, call:

	git config --global --add safe.directory /home/zta/ZTA
2023-12-06 15:05:11.048 [info] > git rev-parse --show-toplevel [20ms]
2023-12-06 15:05:11.048 [info] fatal: detected dubious ownership in repository at '/home/zta/ZTA'
To add an exception for this directory, call:

	git config --global --add safe.directory /home/zta/ZTA
2023-12-06 15:05:13.329 [info] > git rev-parse --show-toplevel [4ms]
2023-12-06 15:05:13.329 [info] fatal: detected dubious ownership in repository at '/home/zta/ZTA'
To add an exception for this directory, call:

	git config --global --add safe.directory /home/zta/ZTA
2023-12-06 15:08:03.006 [info] > git rev-parse --show-toplevel [3ms]
2023-12-06 15:08:03.006 [info] fatal: detected dubious ownership in repository at '/home/zta/ZTA'
To add an exception for this directory, call:

	git config --global --add safe.directory /home/zta/ZTA
